[+] Containers:
 |- [+] Container: /Game/ThirdPerson/Maps/ThirdPersonMap
 |   |- [+] ActorDescs:
 |   |   |- Guid:2FB58999456391D349DC0F86DAC136ED BaseClass: NativeClass:/Script/Engine.SkyLight Name:SkyLight_1 Label:SkyLight SpatiallyLoaded:0 Bounds:IsValid=true, Min=(X=0.000 Y=0.000 Z=690.000), Max=(X=0.000 Y=0.000 Z=690.000) RuntimeGrid:None EditorOnly:0 RuntimeOnly:0 HLODRelevant:0 FolderPath:Lighting FolderGuid:963EC3EB4002CCE9759E2EBA541A873A
 |   |   |- Guid:316CF2A6494ACA4C0E4180A87D36AB8F BaseClass: NativeClass:/Script/Engine.ExponentialHeightFog Name:ExponentialHeightFog_0 Label:ExponentialHeightFog SpatiallyLoaded:0 Bounds:IsValid=true, Min=(X=-5600.000 Y=-50.000 Z=-6850.000), Max=(X=-5600.000 Y=-50.000 Z=-6850.000) RuntimeGrid:None EditorOnly:0 RuntimeOnly:0 HLODRelevant:0 FolderPath:Lighting FolderGuid:963EC3EB4002CCE9759E2EBA541A873A
 |   |   |- Guid:3A00AA1C422CE54C0BDB60BAF471BFBB BaseClass: NativeClass:/Script/Engine.PlayerStart Name:PlayerStart_0 Label:PlayerStart SpatiallyLoaded:0 Bounds:IsValid=true, Min=(X=860.000 Y=1070.000 Z=0.013), Max=(X=940.000 Y=1150.000 Z=184.013) RuntimeGrid:None EditorOnly:0 RuntimeOnly:0 HLODRelevant:0
 |   |   |- Guid:4D3BE93F4146AAAC8BBE79999D96D57F BaseClass: NativeClass:/Script/Engine.VolumetricCloud Name:VolumetricCloud_0 Label:VolumetricCloud SpatiallyLoaded:0 Bounds:IsValid=true, Min=(X=0.000 Y=0.000 Z=820.000), Max=(X=0.000 Y=0.000 Z=820.000) RuntimeGrid:None EditorOnly:0 RuntimeOnly:0 HLODRelevant:0 FolderPath:Lighting FolderGuid:963EC3EB4002CCE9759E2EBA541A873A
 |   |   |- Guid:6BAF4DDD444C60371492D3919DB42C97 BaseClass: NativeClass:/Script/Engine.WorldDataLayers Name:WorldDataLayers Label:WorldDataLayers SpatiallyLoaded:0 Bounds:IsValid=true, Min=(X=0.000 Y=0.000 Z=0.000), Max=(X=0.000 Y=0.000 Z=0.000) RuntimeGrid:None EditorOnly:0 RuntimeOnly:0 HLODRelevant:0
 |   |   |- Guid:B785ED2844B84CFB91E7F39FE661CD99 BaseClass: NativeClass:/Script/Engine.DirectionalLight Name:DirectionalLight_0 Label:DirectionalLight SpatiallyLoaded:0 Bounds:IsValid=true, Min=(X=-1048576.000 Y=-1048576.000 Z=-1048576.000), Max=(X=1048576.000 Y=1048576.000 Z=1048576.000) RuntimeGrid:None EditorOnly:0 RuntimeOnly:0 HLODRelevant:0 FolderPath:Lighting FolderGuid:963EC3EB4002CCE9759E2EBA541A873A
 |   |   |- Guid:CCFF262C46EEFFDF319E7F9539CE697E BaseClass: NativeClass:/Script/Engine.SkyAtmosphere Name:SkyAtmosphere_0 Label:SkyAtmosphere SpatiallyLoaded:0 Bounds:IsValid=true, Min=(X=0.000 Y=0.000 Z=1020.000), Max=(X=0.000 Y=0.000 Z=1020.000) RuntimeGrid:None EditorOnly:0 RuntimeOnly:0 HLODRelevant:0 FolderPath:Lighting FolderGuid:963EC3EB4002CCE9759E2EBA541A873A
 |   |   |- Guid:EC4E0C944CE6AC6E784BC6BB2916EA13 BaseClass: NativeClass:/Script/Engine.StaticMeshActor Name:StaticMeshActor_UAID_A4AE111137DC5EFB00_1110535423 Label:SM_SkySphere SpatiallyLoaded:0 Bounds:IsValid=true, Min=(X=-1638400.000 Y=-1638400.000 Z=-1638400.000), Max=(X=1638400.000 Y=1638400.000 Z=1638400.000) RuntimeGrid:None EditorOnly:0 RuntimeOnly:0 HLODRelevant:1 FolderPath:Lighting FolderGuid:963EC3EB4002CCE9759E2EBA541A873A
 |   |   |- Guid:F1924B8D48954B30891B2DB6A694F9CC BaseClass: NativeClass:/Script/Engine.StaticMeshActor Name:StaticMeshActor_1 Label:SM_Cube SpatiallyLoaded:1 Bounds:IsValid=true, Min=(X=60.000 Y=0.000 Z=-50.000), Max=(X=3635.000 Y=3500.000 Z=0.000) RuntimeGrid:None EditorOnly:0 RuntimeOnly:0 HLODRelevant:1 FolderPath:Playground FolderGuid:C73F09FC4215536B1DCE2A9E0A830C70
 |   |   |- Guid:F5E3FEB3450C49844FD93DA8E083C8AD BaseClass: NativeClass:/Script/Engine.PostProcessVolume Name:PostProcessVolume_0 Label:PostProcessVolume SpatiallyLoaded:0 Bounds:IsValid=true, Min=(X=0.000 Y=0.000 Z=400.000), Max=(X=200.000 Y=200.000 Z=600.000) RuntimeGrid:None EditorOnly:0 RuntimeOnly:0 HLODRelevant:0 FolderPath:Lighting FolderGuid:963EC3EB4002CCE9759E2EBA541A873A
 |   |- [+] Clusters:
 |   |   |- [+] [  0]
 |   |   |   |- Guid:6BAF4DDD444C60371492D3919DB42C97 BaseClass: NativeClass:/Script/Engine.WorldDataLayers Name:WorldDataLayers Label:WorldDataLayers SpatiallyLoaded:0 Bounds:IsValid=true, Min=(X=0.000 Y=0.000 Z=0.000), Max=(X=0.000 Y=0.000 Z=0.000) RuntimeGrid:None EditorOnly:0 RuntimeOnly:0 HLODRelevant:0
 |   |   |- [+] [  1]
 |   |   |   |- Guid:F5E3FEB3450C49844FD93DA8E083C8AD BaseClass: NativeClass:/Script/Engine.PostProcessVolume Name:PostProcessVolume_0 Label:PostProcessVolume SpatiallyLoaded:0 Bounds:IsValid=true, Min=(X=0.000 Y=0.000 Z=400.000), Max=(X=200.000 Y=200.000 Z=600.000) RuntimeGrid:None EditorOnly:0 RuntimeOnly:0 HLODRelevant:0 FolderPath:Lighting FolderGuid:963EC3EB4002CCE9759E2EBA541A873A
 |   |   |- [+] [  2]
 |   |   |   |- Guid:4D3BE93F4146AAAC8BBE79999D96D57F BaseClass: NativeClass:/Script/Engine.VolumetricCloud Name:VolumetricCloud_0 Label:VolumetricCloud SpatiallyLoaded:0 Bounds:IsValid=true, Min=(X=0.000 Y=0.000 Z=820.000), Max=(X=0.000 Y=0.000 Z=820.000) RuntimeGrid:None EditorOnly:0 RuntimeOnly:0 HLODRelevant:0 FolderPath:Lighting FolderGuid:963EC3EB4002CCE9759E2EBA541A873A
 |   |   |- [+] [  3]
 |   |   |   |- Guid:CCFF262C46EEFFDF319E7F9539CE697E BaseClass: NativeClass:/Script/Engine.SkyAtmosphere Name:SkyAtmosphere_0 Label:SkyAtmosphere SpatiallyLoaded:0 Bounds:IsValid=true, Min=(X=0.000 Y=0.000 Z=1020.000), Max=(X=0.000 Y=0.000 Z=1020.000) RuntimeGrid:None EditorOnly:0 RuntimeOnly:0 HLODRelevant:0 FolderPath:Lighting FolderGuid:963EC3EB4002CCE9759E2EBA541A873A
 |   |   |- [+] [  4]
 |   |   |   |- Guid:EC4E0C944CE6AC6E784BC6BB2916EA13 BaseClass: NativeClass:/Script/Engine.StaticMeshActor Name:StaticMeshActor_UAID_A4AE111137DC5EFB00_1110535423 Label:SM_SkySphere SpatiallyLoaded:0 Bounds:IsValid=true, Min=(X=-1638400.000 Y=-1638400.000 Z=-1638400.000), Max=(X=1638400.000 Y=1638400.000 Z=1638400.000) RuntimeGrid:None EditorOnly:0 RuntimeOnly:0 HLODRelevant:1 FolderPath:Lighting FolderGuid:963EC3EB4002CCE9759E2EBA541A873A
 |   |   |- [+] [  5]
 |   |   |   |- Guid:B785ED2844B84CFB91E7F39FE661CD99 BaseClass: NativeClass:/Script/Engine.DirectionalLight Name:DirectionalLight_0 Label:DirectionalLight SpatiallyLoaded:0 Bounds:IsValid=true, Min=(X=-1048576.000 Y=-1048576.000 Z=-1048576.000), Max=(X=1048576.000 Y=1048576.000 Z=1048576.000) RuntimeGrid:None EditorOnly:0 RuntimeOnly:0 HLODRelevant:0 FolderPath:Lighting FolderGuid:963EC3EB4002CCE9759E2EBA541A873A
 |   |   |- [+] [  6]
 |   |   |   |- Guid:316CF2A6494ACA4C0E4180A87D36AB8F BaseClass: NativeClass:/Script/Engine.ExponentialHeightFog Name:ExponentialHeightFog_0 Label:ExponentialHeightFog SpatiallyLoaded:0 Bounds:IsValid=true, Min=(X=-5600.000 Y=-50.000 Z=-6850.000), Max=(X=-5600.000 Y=-50.000 Z=-6850.000) RuntimeGrid:None EditorOnly:0 RuntimeOnly:0 HLODRelevant:0 FolderPath:Lighting FolderGuid:963EC3EB4002CCE9759E2EBA541A873A
 |   |   |- [+] [  7]
 |   |   |   |- Guid:F1924B8D48954B30891B2DB6A694F9CC BaseClass: NativeClass:/Script/Engine.StaticMeshActor Name:StaticMeshActor_1 Label:SM_Cube SpatiallyLoaded:1 Bounds:IsValid=true, Min=(X=60.000 Y=0.000 Z=-50.000), Max=(X=3635.000 Y=3500.000 Z=0.000) RuntimeGrid:None EditorOnly:0 RuntimeOnly:0 HLODRelevant:1 FolderPath:Playground FolderGuid:C73F09FC4215536B1DCE2A9E0A830C70
 |   |   |- [+] [  8]
 |   |   |   |- Guid:2FB58999456391D349DC0F86DAC136ED BaseClass: NativeClass:/Script/Engine.SkyLight Name:SkyLight_1 Label:SkyLight SpatiallyLoaded:0 Bounds:IsValid=true, Min=(X=0.000 Y=0.000 Z=690.000), Max=(X=0.000 Y=0.000 Z=690.000) RuntimeGrid:None EditorOnly:0 RuntimeOnly:0 HLODRelevant:0 FolderPath:Lighting FolderGuid:963EC3EB4002CCE9759E2EBA541A873A
 |   |   |- [+] [  9]
 |   |   |   |- Guid:3A00AA1C422CE54C0BDB60BAF471BFBB BaseClass: NativeClass:/Script/Engine.PlayerStart Name:PlayerStart_0 Label:PlayerStart SpatiallyLoaded:0 Bounds:IsValid=true, Min=(X=860.000 Y=1070.000 Z=0.013), Max=(X=940.000 Y=1150.000 Z=184.013) RuntimeGrid:None EditorOnly:0 RuntimeOnly:0 HLODRelevant:0
 |- [+] Container: /Game/OldInstance
 |   |- [+] ActorDescs:
 |   |   |- Guid:39806C7742801583846C67AD18AB0053 BaseClass:/Game/ThirdPerson/Blueprints/BP_OldTree.BP_OldTree_C NativeClass:/Script/Engine.Actor Name:BP_OldTree_C_UAID_30D042E8BB167EDF01_1630390888 Label:BP_OldTree2 SpatiallyLoaded:1 Bounds:IsValid=true, Min=(X=310.000 Y=1943.750 Z=-10.000), Max=(X=510.000 Y=2156.250 Z=350.000) RuntimeGrid:None EditorOnly:0 RuntimeOnly:0 HLODRelevant:0
 |   |   |- Guid:8F6203034BB186BEEA1CD4B3FA9074B7 BaseClass:/Game/ThirdPerson/Blueprints/OldInstance.OldInstance_C NativeClass:/Script/Engine.Actor Name:OldInstance_C_UAID_30D042E8BB167EDF01_1630387886 Label:OldInstance SpatiallyLoaded:1 Bounds:IsValid=true, Min=(X=-90.000 Y=1930.000 Z=0.000), Max=(X=-90.000 Y=1930.000 Z=0.000) RuntimeGrid:None EditorOnly:0 RuntimeOnly:0 HLODRelevant:0
 |   |   |- Guid:A66CF36A4632B101DF819593473F40EA BaseClass:/Game/ThirdPerson/Blueprints/BP_OldTree.BP_OldTree_C NativeClass:/Script/Engine.Actor Name:BP_OldTree_C_UAID_30D042E8BB167EDF01_1630389887 Label:BP_OldTree SpatiallyLoaded:1 Bounds:IsValid=true, Min=(X=110.000 Y=1713.750 Z=0.000), Max=(X=310.000 Y=1926.250 Z=360.000) RuntimeGrid:None EditorOnly:0 RuntimeOnly:0 HLODRelevant:0
 |   |   |- Guid:EF0729F648BB3A47584EE58EFFF66210 BaseClass:/Game/ThirdPerson/Blueprints/BP_OldTree.BP_OldTree_C NativeClass:/Script/Engine.Actor Name:BP_OldTree_C_UAID_30D042E8BB167EDF01_1630391889 Label:BP_OldTree3 SpatiallyLoaded:1 Bounds:IsValid=true, Min=(X=120.000 Y=2173.750 Z=-10.000), Max=(X=320.000 Y=2386.250 Z=350.000) RuntimeGrid:None EditorOnly:0 RuntimeOnly:0 HLODRelevant:0
 |   |- [+] Clusters:
 |   |   |- [+] [  0]
 |   |   |   |- Guid:EF0729F648BB3A47584EE58EFFF66210 BaseClass:/Game/ThirdPerson/Blueprints/BP_OldTree.BP_OldTree_C NativeClass:/Script/Engine.Actor Name:BP_OldTree_C_UAID_30D042E8BB167EDF01_1630391889 Label:BP_OldTree3 SpatiallyLoaded:1 Bounds:IsValid=true, Min=(X=120.000 Y=2173.750 Z=-10.000), Max=(X=320.000 Y=2386.250 Z=350.000) RuntimeGrid:None EditorOnly:0 RuntimeOnly:0 HLODRelevant:0
 |   |   |- [+] [  1]
 |   |   |   |- Guid:A66CF36A4632B101DF819593473F40EA BaseClass:/Game/ThirdPerson/Blueprints/BP_OldTree.BP_OldTree_C NativeClass:/Script/Engine.Actor Name:BP_OldTree_C_UAID_30D042E8BB167EDF01_1630389887 Label:BP_OldTree SpatiallyLoaded:1 Bounds:IsValid=true, Min=(X=110.000 Y=1713.750 Z=0.000), Max=(X=310.000 Y=1926.250 Z=360.000) RuntimeGrid:None EditorOnly:0 RuntimeOnly:0 HLODRelevant:0
 |   |   |- [+] [  2]
 |   |   |   |- Guid:8F6203034BB186BEEA1CD4B3FA9074B7 BaseClass:/Game/ThirdPerson/Blueprints/OldInstance.OldInstance_C NativeClass:/Script/Engine.Actor Name:OldInstance_C_UAID_30D042E8BB167EDF01_1630387886 Label:OldInstance SpatiallyLoaded:1 Bounds:IsValid=true, Min=(X=-90.000 Y=1930.000 Z=0.000), Max=(X=-90.000 Y=1930.000 Z=0.000) RuntimeGrid:None EditorOnly:0 RuntimeOnly:0 HLODRelevant:0
 |   |   |- [+] [  3]
 |   |   |   |- Guid:39806C7742801583846C67AD18AB0053 BaseClass:/Game/ThirdPerson/Blueprints/BP_OldTree.BP_OldTree_C NativeClass:/Script/Engine.Actor Name:BP_OldTree_C_UAID_30D042E8BB167EDF01_1630390888 Label:BP_OldTree2 SpatiallyLoaded:1 Bounds:IsValid=true, Min=(X=310.000 Y=1943.750 Z=-10.000), Max=(X=510.000 Y=2156.250 Z=350.000) RuntimeGrid:None EditorOnly:0 RuntimeOnly:0 HLODRelevant:0
 |- [+] Container: /Game/NewInstance
 |   |- [+] ActorDescs:
 |   |   |- Guid:05402FFE4EAC45EF7F1C2BB0A16997ED BaseClass:/Game/ThirdPerson/Blueprints/BP_NewTree.BP_NewTree_C NativeClass:/Script/Engine.Actor Name:BP_NewTree_C_UAID_30D042E8BB167EDF01_1595439877 Label:BP_NewTree SpatiallyLoaded:1 Bounds:IsValid=true, Min=(X=252.500 Y=582.500 Z=-15.000), Max=(X=427.500 Y=757.500 Z=271.250) RuntimeGrid:None EditorOnly:0 RuntimeOnly:0 HLODRelevant:0
 |   |   |- Guid:2C9BF98240DEB18383F925A884D80010 BaseClass:/Game/ThirdPerson/Blueprints/BP_NewTree.BP_NewTree_C NativeClass:/Script/Engine.Actor Name:BP_NewTree_C_UAID_30D042E8BB167EDF01_1595441878 Label:BP_NewTree2 SpatiallyLoaded:1 Bounds:IsValid=true, Min=(X=252.500 Y=892.500 Z=-15.000), Max=(X=427.500 Y=1067.500 Z=271.250) RuntimeGrid:None EditorOnly:0 RuntimeOnly:0 HLODRelevant:0
 |   |   |- Guid:5793C7A6407FDB4D19EC0493E7CD708A BaseClass:/Game/ThirdPerson/Blueprints/BP_NewTree.BP_NewTree_C NativeClass:/Script/Engine.Actor Name:BP_NewTree_C_UAID_30D042E8BB167EDF01_1595442879 Label:BP_NewTree3 SpatiallyLoaded:1 Bounds:IsValid=true, Min=(X=232.500 Y=1202.500 Z=-15.000), Max=(X=407.500 Y=1377.500 Z=271.250) RuntimeGrid:None EditorOnly:0 RuntimeOnly:0 HLODRelevant:0
 |   |   |- Guid:FBB17814446CF3FB73DDCA9CF0CF71DD BaseClass:/Game/ThirdPerson/Blueprints/NewInstance.NewInstance_C NativeClass:/Script/Engine.Actor Name:NewInstance_C_UAID_30D042E8BB167EDF01_1595438876 Label:NewInstance SpatiallyLoaded:1 Bounds:IsValid=true, Min=(X=-170.000 Y=1030.000 Z=0.000), Max=(X=-170.000 Y=1030.000 Z=0.000) RuntimeGrid:None EditorOnly:0 RuntimeOnly:0 HLODRelevant:0
 |   |- [+] Clusters:
 |   |   |- [+] [  0]
 |   |   |   |- Guid:2C9BF98240DEB18383F925A884D80010 BaseClass:/Game/ThirdPerson/Blueprints/BP_NewTree.BP_NewTree_C NativeClass:/Script/Engine.Actor Name:BP_NewTree_C_UAID_30D042E8BB167EDF01_1595441878 Label:BP_NewTree2 SpatiallyLoaded:1 Bounds:IsValid=true, Min=(X=252.500 Y=892.500 Z=-15.000), Max=(X=427.500 Y=1067.500 Z=271.250) RuntimeGrid:None EditorOnly:0 RuntimeOnly:0 HLODRelevant:0
 |   |   |- [+] [  1]
 |   |   |   |- Guid:5793C7A6407FDB4D19EC0493E7CD708A BaseClass:/Game/ThirdPerson/Blueprints/BP_NewTree.BP_NewTree_C NativeClass:/Script/Engine.Actor Name:BP_NewTree_C_UAID_30D042E8BB167EDF01_1595442879 Label:BP_NewTree3 SpatiallyLoaded:1 Bounds:IsValid=true, Min=(X=232.500 Y=1202.500 Z=-15.000), Max=(X=407.500 Y=1377.500 Z=271.250) RuntimeGrid:None EditorOnly:0 RuntimeOnly:0 HLODRelevant:0
 |   |   |- [+] [  2]
 |   |   |   |- Guid:FBB17814446CF3FB73DDCA9CF0CF71DD BaseClass:/Game/ThirdPerson/Blueprints/NewInstance.NewInstance_C NativeClass:/Script/Engine.Actor Name:NewInstance_C_UAID_30D042E8BB167EDF01_1595438876 Label:NewInstance SpatiallyLoaded:1 Bounds:IsValid=true, Min=(X=-170.000 Y=1030.000 Z=0.000), Max=(X=-170.000 Y=1030.000 Z=0.000) RuntimeGrid:None EditorOnly:0 RuntimeOnly:0 HLODRelevant:0
 |   |   |- [+] [  3]
 |   |   |   |- Guid:05402FFE4EAC45EF7F1C2BB0A16997ED BaseClass:/Game/ThirdPerson/Blueprints/BP_NewTree.BP_NewTree_C NativeClass:/Script/Engine.Actor Name:BP_NewTree_C_UAID_30D042E8BB167EDF01_1595439877 Label:BP_NewTree SpatiallyLoaded:1 Bounds:IsValid=true, Min=(X=252.500 Y=582.500 Z=-15.000), Max=(X=427.500 Y=757.500 Z=271.250) RuntimeGrid:None EditorOnly:0 RuntimeOnly:0 HLODRelevant:0
 |- ContainerInstances:
 |- [+] MainContainer:
 |   |-        ID: 0x0000000000000000
 |   |-    Bounds: IsValid=false, Min=(X=0.000 Y=0.000 Z=0.000), Max=(X=0.000 Y=0.000 Z=0.000)
 |   |- Transform: 0.000000,0.000000,0.000000|0.000000,0.000000,-0.000000|1.000000,1.000000,1.000000
 |   |- Container: /Game/ThirdPerson/Maps/ThirdPersonMap
 |- [+] SubContainers:
 |   |- [+] NewInstance:
 |   |   |-        ID: 0x7cc19c029d753d27
 |   |   |-    Bounds: IsValid=false, Min=(X=0.000 Y=0.000 Z=0.000), Max=(X=0.000 Y=0.000 Z=0.000)
 |   |   |- Transform: 0.000000,0.000000,0.000000|0.000000,0.000000,-0.000000|1.000000,1.000000,1.000000
 |   |   |- Container: /Game/NewInstance
 |   |- [+] OldInstance:
 |   |   |-        ID: 0xef584f152852dcdc
 |   |   |-    Bounds: IsValid=false, Min=(X=0.000 Y=0.000 Z=0.000), Max=(X=0.000 Y=0.000 Z=0.000)
 |   |   |- Transform: 10.000000,0.000000,0.000000|0.000000,0.000000,-0.000000|1.000000,1.000000,1.000000
 |   |   |- Container: /Game/OldInstance
----------------------------------------------------------------------------------------------------------------
ThirdPersonMap - Persistent Level
----------------------------------------------------------------------------------------------------------------
Always loaded Actor Count: 19 

----------------------------------------------------------------------------------------------------------------
ThirdPersonMap - Runtime Spatial Hash - Streaming Grid - MainGrid
----------------------------------------------------------------------------------------------------------------
            Origin: X=0.000 Y=0.000 Z=0.000
         Cell Size: 12800
      World Bounds: IsValid=false, Min=(X=0.000 Y=0.000 Z=0.000), Max=(X=0.000 Y=0.000 Z=0.000)
     Loading Range: 25600.00
Block Slow Loading: No
 ClientOnlyVisible: No

[+] Grid Levels: 1
 |- Level  0: Cell Count    1 | Cell Size   12800 | Actor Count    8 (100.0%)

[+] Content of Grid Level 0
 |- [+] Content of Cell MainGrid_L0_X0_Y0
 |   |- Actor Count: 8
 |   |- Actor Path: /Game/OldInstance.OldInstance:PersistentLevel.BP_OldTree_C_UAID_30D042E8BB167EDF01_1630391889
 |   |- Actor Package: /Game/__ExternalActors__/OldInstance/6/AJ/AKSNCGBC3TRVHT9UM7NCRV
 |   |- Actor Path: /Game/OldInstance.OldInstance:PersistentLevel.BP_OldTree_C_UAID_30D042E8BB167EDF01_1630389887
 |   |- Actor Package: /Game/__ExternalActors__/OldInstance/D/TC/MV9U24IKGLALUJOQHOZDMH
 |   |- Actor Path: /Game/OldInstance.OldInstance:PersistentLevel.OldInstance_C_UAID_30D042E8BB167EDF01_1630387886
 |   |- Actor Package: /Game/__ExternalActors__/OldInstance/F/3V/ZRSW6DLDJBZMZZT5OSF18V
 |   |- Actor Path: /Game/OldInstance.OldInstance:PersistentLevel.BP_OldTree_C_UAID_30D042E8BB167EDF01_1630390888
 |   |- Actor Package: /Game/__ExternalActors__/OldInstance/3/Y8/CRFT3M5ZI9ZB2E4PQRGV9E
 |   |- Actor Path: /Game/NewInstance.NewInstance:PersistentLevel.BP_NewTree_C_UAID_30D042E8BB167EDF01_1595441878
 |   |- Actor Package: /Game/__ExternalActors__/NewInstance/7/OY/5HZ7ACK2CRVWQR736V2W0N
 |   |- Actor Path: /Game/NewInstance.NewInstance:PersistentLevel.BP_NewTree_C_UAID_30D042E8BB167EDF01_1595442879
 |   |- Actor Package: /Game/__ExternalActors__/NewInstance/9/DX/9B3O2MD60OC8R1XD0GK1EP
 |   |- Actor Path: /Game/NewInstance.NewInstance:PersistentLevel.NewInstance_C_UAID_30D042E8BB167EDF01_1595438876
 |   |- Actor Package: /Game/__ExternalActors__/NewInstance/3/VR/IDZKQ4HGJ8LMHKDX20RGW9
 |   |- Actor Path: /Game/NewInstance.NewInstance:PersistentLevel.BP_NewTree_C_UAID_30D042E8BB167EDF01_1595439877
 |   |- Actor Package: /Game/__ExternalActors__/NewInstance/5/BP/FPGC9MXXB78823T11O304L

