[+] Containers:
 |- [+] Container: /Game/OldInstance
 |   |- [+] ActorDescs:
 |   |   |- Guid:0425632D424C21BA36B726B8A0D03E58 BaseClass:/Game/ThirdPerson/Blueprints/BP_OldTree.BP_OldTree_C NativeClass:/Script/Engine.Actor Name:BP_OldTree_C_UAID_30D042E8BB1682DF01_1877233569 Label:BP_OldTree46 SpatiallyLoaded:1 Bounds:IsValid=true, Min=(X=1450.000 Y=3193.750 Z=0.000), Max=(X=1650.000 Y=3406.250 Z=360.000) RuntimeGrid:None EditorOnly:0 RuntimeOnly:0 HLODRelevant:0
 |   |   |- Guid:0451875044525C7976AB9989D0BF0561 BaseClass:/Game/ThirdPerson/Blueprints/BP_OldTree.BP_OldTree_C NativeClass:/Script/Engine.Actor Name:BP_OldTree_C_UAID_30D042E8BB1682DF01_1700960533 Label:BP_OldTree10 SpatiallyLoaded:1 Bounds:IsValid=true, Min=(X=1570.000 Y=2903.750 Z=0.000), Max=(X=1770.000 Y=3116.250 Z=360.000) RuntimeGrid:None EditorOnly:0 RuntimeOnly:0 HLODRelevant:0
 |   |   |- Guid:0734F79A4568239F07B01BA60E386237 BaseClass:/Game/ThirdPerson/Blueprints/BP_OldTree.BP_OldTree_C NativeClass:/Script/Engine.Actor Name:BP_OldTree_C_UAID_30D042E8BB1682DF01_1745517546 Label:BP_OldTree23 SpatiallyLoaded:1 Bounds:IsValid=true, Min=(X=2797.217 Y=498.409 Z=0.000), Max=(X=3087.019 Y=789.751 Z=360.000) RuntimeGrid:None EditorOnly:0 RuntimeOnly:0 HLODRelevant:0
 |   |   |- Guid:2B72AE434C2CD8E97829BD8470A7E7AB BaseClass:/Game/ThirdPerson/Blueprints/BP_OldTree.BP_OldTree_C NativeClass:/Script/Engine.Actor Name:BP_OldTree_C_UAID_30D042E8BB1682DF01_1783003561 Label:BP_OldTree38 SpatiallyLoaded:1 Bounds:IsValid=true, Min=(X=250.593 Y=151.828 Z=0.000), Max=(X=541.935 Y=441.629 Z=360.000) RuntimeGrid:None EditorOnly:0 RuntimeOnly:0 HLODRelevant:0
 |   |   |- Guid:2E61C2A1466A8ACD4EFB7294FCC5425A BaseClass:/Game/ThirdPerson/Blueprints/BP_OldTree.BP_OldTree_C NativeClass:/Script/Engine.Actor Name:BP_OldTree_C_UAID_30D042E8BB1682DF01_1696419531 Label:BP_OldTree8 SpatiallyLoaded:1 Bounds:IsValid=true, Min=(X=1080.000 Y=3023.750 Z=0.000), Max=(X=1280.000 Y=3236.250 Z=360.000) RuntimeGrid:None EditorOnly:0 RuntimeOnly:0 HLODRelevant:0
 |   |   |- Guid:2FDE0BD04FF98692166DA18EBBE1DAF9 BaseClass:/Game/ThirdPerson/Blueprints/BP_OldTree.BP_OldTree_C NativeClass:/Script/Engine.Actor Name:BP_OldTree_C_UAID_30D042E8BB1682DF01_1694525530 Label:BP_OldTree7 SpatiallyLoaded:1 Bounds:IsValid=true, Min=(X=870.000 Y=2773.750 Z=0.000), Max=(X=1070.000 Y=2986.250 Z=360.000) RuntimeGrid:None EditorOnly:0 RuntimeOnly:0 HLODRelevant:0
 |   |   |- Guid:37CDCD4C4C8AD700BA8CD69B1CB0C2AD BaseClass:/Game/ThirdPerson/Blueprints/BP_OldTree.BP_OldTree_C NativeClass:/Script/Engine.Actor Name:BP_OldTree_C_UAID_30D042E8BB1682DF01_1767464557 Label:BP_OldTree34 SpatiallyLoaded:1 Bounds:IsValid=true, Min=(X=449.566 Y=419.396 Z=0.000), Max=(X=740.908 Y=709.197 Z=360.000) RuntimeGrid:None EditorOnly:0 RuntimeOnly:0 HLODRelevant:0
 |   |   |- Guid:39806C7742801583846C67AD18AB0053 BaseClass:/Game/ThirdPerson/Blueprints/BP_OldTree.BP_OldTree_C NativeClass:/Script/Engine.Actor Name:BP_OldTree_C_UAID_30D042E8BB167EDF01_1630390888 Label:BP_OldTree2 SpatiallyLoaded:1 Bounds:IsValid=true, Min=(X=550.000 Y=2203.750 Z=-10.000), Max=(X=750.000 Y=2416.250 Z=350.000) RuntimeGrid:None EditorOnly:0 RuntimeOnly:0 HLODRelevant:0
 |   |   |- Guid:3A6254D547382B7BEF1BDD916DD6BC1C BaseClass:/Game/ThirdPerson/Blueprints/BP_OldTree.BP_OldTree_C NativeClass:/Script/Engine.Actor Name:BP_OldTree_C_UAID_30D042E8BB1682DF01_1757637551 Label:BP_OldTree28 SpatiallyLoaded:1 Bounds:IsValid=true, Min=(X=1327.627 Y=478.709 Z=0.000), Max=(X=1571.628 Y=712.571 Z=360.000) RuntimeGrid:None EditorOnly:0 RuntimeOnly:0 HLODRelevant:0
 |   |   |- Guid:450652B64266CBCBA0111C9CFBF8F560 BaseClass:/Game/ThirdPerson/Blueprints/BP_OldTree.BP_OldTree_C NativeClass:/Script/Engine.Actor Name:BP_OldTree_C_UAID_30D042E8BB1682DF01_1785217562 Label:BP_OldTree39 SpatiallyLoaded:1 Bounds:IsValid=true, Min=(X=660.593 Y=1.828 Z=0.000), Max=(X=951.935 Y=291.629 Z=360.000) RuntimeGrid:None EditorOnly:0 RuntimeOnly:0 HLODRelevant:0
 |   |   |- Guid:56DE1EF144B9FEF7682AAFBC860D13C1 BaseClass:/Game/ThirdPerson/Blueprints/BP_OldTree.BP_OldTree_C NativeClass:/Script/Engine.Actor Name:BP_OldTree_C_UAID_30D042E8BB1682DF01_1858128566 Label:BP_OldTree43 SpatiallyLoaded:1 Bounds:IsValid=true, Min=(X=3244.329 Y=185.099 Z=0.000), Max=(X=3535.671 Y=474.901 Z=360.000) RuntimeGrid:None EditorOnly:0 RuntimeOnly:0 HLODRelevant:0
 |   |   |- Guid:689FEEBA450525A46BAC4089BB38C896 BaseClass:/Game/ThirdPerson/Blueprints/BP_OldTree.BP_OldTree_C NativeClass:/Script/Engine.Actor Name:BP_OldTree_C_UAID_30D042E8BB1682DF01_1757635550 Label:BP_OldTree27 SpatiallyLoaded:1 Bounds:IsValid=true, Min=(X=2133.457 Y=153.843 Z=0.000), Max=(X=2377.458 Y=387.705 Z=360.000) RuntimeGrid:None EditorOnly:0 RuntimeOnly:0 HLODRelevant:0
 |   |   |- Guid:6C7D199A4EADE7431521CE9851BDD21F BaseClass:/Game/ThirdPerson/Blueprints/BP_OldTree.BP_OldTree_C NativeClass:/Script/Engine.Actor Name:BP_OldTree_C_UAID_30D042E8BB1682DF01_1725812540 Label:BP_OldTree17 SpatiallyLoaded:1 Bounds:IsValid=true, Min=(X=2640.000 Y=2743.750 Z=0.000), Max=(X=2840.000 Y=2956.250 Z=360.000) RuntimeGrid:None EditorOnly:0 RuntimeOnly:0 HLODRelevant:0
 |   |   |- Guid:716FF1224CAE8F8A9D3B8487CEBB1025 BaseClass:/Game/ThirdPerson/Blueprints/BP_OldTree.BP_OldTree_C NativeClass:/Script/Engine.Actor Name:BP_OldTree_C_UAID_30D042E8BB1682DF01_1757640553 Label:BP_OldTree30 SpatiallyLoaded:1 Bounds:IsValid=true, Min=(X=1587.102 Y=798.510 Z=0.000), Max=(X=1831.103 Y=1032.372 Z=360.000) RuntimeGrid:None EditorOnly:0 RuntimeOnly:0 HLODRelevant:0
 |   |   |- Guid:71C06D624F4DB27639A2268265FAD7B6 BaseClass:/Game/ThirdPerson/Blueprints/BP_OldTree.BP_OldTree_C NativeClass:/Script/Engine.Actor Name:BP_OldTree_C_UAID_30D042E8BB1682DF01_1767463556 Label:BP_OldTree33 SpatiallyLoaded:1 Bounds:IsValid=true, Min=(X=1216.406 Y=827.877 Z=0.000), Max=(X=1507.748 Y=1117.678 Z=360.000) RuntimeGrid:None EditorOnly:0 RuntimeOnly:0 HLODRelevant:0
 |   |   |- Guid:802E43424802F1E03E1E0C89887AE779 BaseClass:/Game/ThirdPerson/Blueprints/BP_OldTree.BP_OldTree_C NativeClass:/Script/Engine.Actor Name:BP_OldTree_C_UAID_30D042E8BB1682DF01_1757642554 Label:BP_OldTree31 SpatiallyLoaded:1 Bounds:IsValid=true, Min=(X=2137.999 Y=813.069 Z=0.000), Max=(X=2382.001 Y=1046.931 Z=360.000) RuntimeGrid:None EditorOnly:0 RuntimeOnly:0 HLODRelevant:0
 |   |   |- Guid:8270F77F4B0B596D17F99BA348E6DC0A BaseClass:/Game/ThirdPerson/Blueprints/BP_OldTree.BP_OldTree_C NativeClass:/Script/Engine.Actor Name:BP_OldTree_C_UAID_30D042E8BB1682DF01_1757633549 Label:BP_OldTree26 SpatiallyLoaded:1 Bounds:IsValid=true, Min=(X=1586.032 Y=158.980 Z=0.000), Max=(X=1830.034 Y=392.842 Z=360.000) RuntimeGrid:None EditorOnly:0 RuntimeOnly:0 HLODRelevant:0
 |   |   |- Guid:8789278D4EEB99EDBDD8CCB782DE2B6A BaseClass:/Game/ThirdPerson/Blueprints/BP_OldTree.BP_OldTree_C NativeClass:/Script/Engine.Actor Name:BP_OldTree_C_UAID_30D042E8BB1682DF01_1767465558 Label:BP_OldTree35 SpatiallyLoaded:1 Bounds:IsValid=true, Min=(X=840.249 Y=747.217 Z=0.000), Max=(X=1131.591 Y=1037.019 Z=360.000) RuntimeGrid:None EditorOnly:0 RuntimeOnly:0 HLODRelevant:0
 |   |   |- Guid:887AF4AF4E1C35D0F74ADEA22D330352 BaseClass:/Game/ThirdPerson/Blueprints/BP_OldTree.BP_OldTree_C NativeClass:/Script/Engine.Actor Name:BP_OldTree_C_UAID_30D042E8BB1682DF01_1745511543 Label:BP_OldTree20 SpatiallyLoaded:1 Bounds:IsValid=true, Min=(X=2461.828 Y=478.065 Z=0.000), Max=(X=2751.629 Y=769.407 Z=360.000) RuntimeGrid:None EditorOnly:0 RuntimeOnly:0 HLODRelevant:0
 |   |   |- Guid:8E90348642B59A9EB66EB8B220AE84BE BaseClass:/Game/ThirdPerson/Blueprints/BP_OldTree.BP_OldTree_C NativeClass:/Script/Engine.Actor Name:BP_OldTree_C_UAID_30D042E8BB1682DF01_1745520548 Label:BP_OldTree25 SpatiallyLoaded:1 Bounds:IsValid=true, Min=(X=3305.099 Y=624.329 Z=0.000), Max=(X=3594.901 Y=915.671 Z=360.000) RuntimeGrid:None EditorOnly:0 RuntimeOnly:0 HLODRelevant:0
 |   |   |- Guid:8F6203034BB186BEEA1CD4B3FA9074B7 BaseClass:/Game/ThirdPerson/Blueprints/OldInstance.OldInstance_C NativeClass:/Script/Engine.Actor Name:OldInstance_C_UAID_30D042E8BB167EDF01_1630387886 Label:OldInstance SpatiallyLoaded:1 Bounds:IsValid=true, Min=(X=-90.000 Y=1930.000 Z=0.000), Max=(X=-90.000 Y=1930.000 Z=0.000) RuntimeGrid:None EditorOnly:0 RuntimeOnly:0 HLODRelevant:0
 |   |   |- Guid:950A2683499575214FFF5B92706E9A3D BaseClass:/Game/ThirdPerson/Blueprints/BP_OldTree.BP_OldTree_C NativeClass:/Script/Engine.Actor Name:BP_OldTree_C_UAID_30D042E8BB1682DF01_1711666537 Label:BP_OldTree14 SpatiallyLoaded:1 Bounds:IsValid=true, Min=(X=2370.000 Y=2943.750 Z=0.000), Max=(X=2570.000 Y=3156.250 Z=360.000) RuntimeGrid:None EditorOnly:0 RuntimeOnly:0 HLODRelevant:0
 |   |   |- Guid:978529D4451C3A21E270C0A1C95DA533 BaseClass:/Game/ThirdPerson/Blueprints/BP_OldTree.BP_OldTree_C NativeClass:/Script/Engine.Actor Name:BP_OldTree_C_UAID_30D042E8BB1682DF01_1688945528 Label:BP_OldTree5 SpatiallyLoaded:1 Bounds:IsValid=true, Min=(X=250.000 Y=2893.750 Z=0.000), Max=(X=450.000 Y=3106.250 Z=360.000) RuntimeGrid:None EditorOnly:0 RuntimeOnly:0 HLODRelevant:0
 |   |   |- Guid:A66CF36A4632B101DF819593473F40EA BaseClass:/Game/ThirdPerson/Blueprints/BP_OldTree.BP_OldTree_C NativeClass:/Script/Engine.Actor Name:BP_OldTree_C_UAID_30D042E8BB167EDF01_1630389887 Label:BP_OldTree SpatiallyLoaded:1 Bounds:IsValid=true, Min=(X=620.000 Y=2553.750 Z=0.000), Max=(X=820.000 Y=2766.250 Z=360.000) RuntimeGrid:None EditorOnly:0 RuntimeOnly:0 HLODRelevant:0
 |   |   |- Guid:A6ECAB624CECE84EF7B8E3B2A952C0AB BaseClass:/Game/ThirdPerson/Blueprints/BP_OldTree.BP_OldTree_C NativeClass:/Script/Engine.Actor Name:BP_OldTree_C_UAID_30D042E8BB1682DF01_1704086534 Label:BP_OldTree11 SpatiallyLoaded:1 Bounds:IsValid=true, Min=(X=1710.000 Y=2363.750 Z=0.000), Max=(X=1910.000 Y=2576.250 Z=360.000) RuntimeGrid:None EditorOnly:0 RuntimeOnly:0 HLODRelevant:0
 |   |   |- Guid:A71DEE40489437B9EE0888B08EC21800 BaseClass:/Game/ThirdPerson/Blueprints/BP_OldTree.BP_OldTree_C NativeClass:/Script/Engine.Actor Name:BP_OldTree_C_UAID_30D042E8BB1682DF01_1786966563 Label:BP_OldTree40 SpatiallyLoaded:1 Bounds:IsValid=true, Min=(X=1090.593 Y=161.828 Z=0.000), Max=(X=1381.935 Y=451.629 Z=360.000) RuntimeGrid:None EditorOnly:0 RuntimeOnly:0 HLODRelevant:0
 |   |   |- Guid:AE8E1AFC4D0FB72EBBBD21A0A5C3E472 BaseClass:/Game/ThirdPerson/Blueprints/BP_OldTree.BP_OldTree_C NativeClass:/Script/Engine.Actor Name:BP_OldTree_C_UAID_30D042E8BB1682DF01_1683093527 Label:BP_OldTree4 SpatiallyLoaded:1 Bounds:IsValid=true, Min=(X=940.000 Y=2363.750 Z=0.000), Max=(X=1140.000 Y=2576.250 Z=360.000) RuntimeGrid:None EditorOnly:0 RuntimeOnly:0 HLODRelevant:0
 |   |   |- Guid:B8AE11B446B6B12923D22E8701AA95E3 BaseClass:/Game/ThirdPerson/Blueprints/BP_OldTree.BP_OldTree_C NativeClass:/Script/Engine.Actor Name:BP_OldTree_C_UAID_30D042E8BB1682DF01_1706320535 Label:BP_OldTree12 SpatiallyLoaded:1 Bounds:IsValid=true, Min=(X=2010.000 Y=2643.750 Z=0.000), Max=(X=2210.000 Y=2856.250 Z=360.000) RuntimeGrid:None EditorOnly:0 RuntimeOnly:0 HLODRelevant:0
 |   |   |- Guid:BB07594840C51472135DE1A5653777B5 BaseClass:/Game/ThirdPerson/Blueprints/BP_OldTree.BP_OldTree_C NativeClass:/Script/Engine.Actor Name:BP_OldTree_C_UAID_30D042E8BB1682DF01_1851867565 Label:BP_OldTree42 SpatiallyLoaded:1 Bounds:IsValid=true, Min=(X=1754.329 Y=1005.099 Z=0.000), Max=(X=2045.671 Y=1294.901 Z=360.000) RuntimeGrid:None EditorOnly:0 RuntimeOnly:0 HLODRelevant:0
 |   |   |- Guid:C0E007484628B64CE8274BA4BCA36E66 BaseClass:/Game/ThirdPerson/Blueprints/BP_OldTree.BP_OldTree_C NativeClass:/Script/Engine.Actor Name:BP_OldTree_C_UAID_30D042E8BB1682DF01_1767468560 Label:BP_OldTree37 SpatiallyLoaded:1 Bounds:IsValid=true, Min=(X=664.329 Y=1045.099 Z=0.000), Max=(X=955.671 Y=1334.901 Z=360.000) RuntimeGrid:None EditorOnly:0 RuntimeOnly:0 HLODRelevant:0
 |   |   |- Guid:C0FAFE0C4092F8571A27E8868DA59ABD BaseClass:/Game/ThirdPerson/Blueprints/BP_OldTree.BP_OldTree_C NativeClass:/Script/Engine.Actor Name:BP_OldTree_C_UAID_30D042E8BB1682DF01_1861402567 Label:BP_OldTree44 SpatiallyLoaded:1 Bounds:IsValid=true, Min=(X=3174.329 Y=1055.099 Z=0.000), Max=(X=3465.671 Y=1344.901 Z=360.000) RuntimeGrid:None EditorOnly:0 RuntimeOnly:0 HLODRelevant:0
 |   |   |- Guid:C65673634F5B343033366EB813C064AE BaseClass:/Game/ThirdPerson/Blueprints/BP_OldTree.BP_OldTree_C NativeClass:/Script/Engine.Actor Name:BP_OldTree_C_UAID_30D042E8BB1682DF01_1767461555 Label:BP_OldTree32 SpatiallyLoaded:1 Bounds:IsValid=true, Min=(X=860.593 Y=411.828 Z=0.000), Max=(X=1151.935 Y=701.629 Z=360.000) RuntimeGrid:None EditorOnly:0 RuntimeOnly:0 HLODRelevant:0
 |   |   |- Guid:C74495314A9E2CF3C40082A53A40ECA6 BaseClass:/Game/ThirdPerson/Blueprints/BP_OldTree.BP_OldTree_C NativeClass:/Script/Engine.Actor Name:BP_OldTree_C_UAID_30D042E8BB1682DF01_1716281538 Label:BP_OldTree15 SpatiallyLoaded:1 Bounds:IsValid=true, Min=(X=2460.000 Y=2403.750 Z=0.000), Max=(X=2660.000 Y=2616.250 Z=360.000) RuntimeGrid:None EditorOnly:0 RuntimeOnly:0 HLODRelevant:0
 |   |   |- Guid:C78115DF4254805C5936DA9A9AA79868 BaseClass:/Game/ThirdPerson/Blueprints/BP_OldTree.BP_OldTree_C NativeClass:/Script/Engine.Actor Name:BP_OldTree_C_UAID_30D042E8BB1682DF01_1692477529 Label:BP_OldTree6 SpatiallyLoaded:1 Bounds:IsValid=true, Min=(X=580.000 Y=3183.750 Z=0.000), Max=(X=780.000 Y=3396.250 Z=360.000) RuntimeGrid:None EditorOnly:0 RuntimeOnly:0 HLODRelevant:0
 |   |   |- Guid:CA4B42BE4858289C6328659B3AFAE1CD BaseClass:/Game/ThirdPerson/Blueprints/BP_OldTree.BP_OldTree_C NativeClass:/Script/Engine.Actor Name:BP_OldTree_C_UAID_30D042E8BB1682DF01_1745518547 Label:BP_OldTree24 SpatiallyLoaded:1 Bounds:IsValid=true, Min=(X=2873.729 Y=967.286 Z=0.000), Max=(X=3163.530 Y=1258.628 Z=360.000) RuntimeGrid:None EditorOnly:0 RuntimeOnly:0 HLODRelevant:0
 |   |   |- Guid:CB8714494F54A7D5BC193DB9E69F8D17 BaseClass:/Game/ThirdPerson/Blueprints/BP_OldTree.BP_OldTree_C NativeClass:/Script/Engine.Actor Name:BP_OldTree_C_UAID_30D042E8BB1682DF01_1846971564 Label:BP_OldTree41 SpatiallyLoaded:1 Bounds:IsValid=true, Min=(X=2244.329 Y=345.099 Z=0.000), Max=(X=2535.671 Y=634.901 Z=360.000) RuntimeGrid:None EditorOnly:0 RuntimeOnly:0 HLODRelevant:0
 |   |   |- Guid:CF2A524A45ED0BD8E3E1C0BCC725E147 BaseClass:/Game/ThirdPerson/Blueprints/BP_OldTree.BP_OldTree_C NativeClass:/Script/Engine.Actor Name:BP_OldTree_C_UAID_30D042E8BB1682DF01_1721918539 Label:BP_OldTree16 SpatiallyLoaded:1 Bounds:IsValid=true, Min=(X=2640.000 Y=3253.750 Z=0.000), Max=(X=2840.000 Y=3466.250 Z=360.000) RuntimeGrid:None EditorOnly:0 RuntimeOnly:0 HLODRelevant:0
 |   |   |- Guid:D09B22C447DCC95082390398E3BCA93F BaseClass:/Game/ThirdPerson/Blueprints/BP_OldTree.BP_OldTree_C NativeClass:/Script/Engine.Actor Name:BP_OldTree_C_UAID_30D042E8BB1682DF01_1745513544 Label:BP_OldTree21 SpatiallyLoaded:1 Bounds:IsValid=true, Min=(X=2877.877 Y=122.252 Z=0.000), Max=(X=3167.678 Y=413.594 Z=360.000) RuntimeGrid:None EditorOnly:0 RuntimeOnly:0 HLODRelevant:0
 |   |   |- Guid:E739129947B22B07F44D59BF1C71E71D BaseClass:/Game/ThirdPerson/Blueprints/BP_OldTree.BP_OldTree_C NativeClass:/Script/Engine.Actor Name:BP_OldTree_C_UAID_30D042E8BB1682DF01_1708514536 Label:BP_OldTree13 SpatiallyLoaded:1 Bounds:IsValid=true, Min=(X=1870.000 Y=3183.750 Z=0.000), Max=(X=2070.000 Y=3396.250 Z=360.000) RuntimeGrid:None EditorOnly:0 RuntimeOnly:0 HLODRelevant:0
 |   |   |- Guid:E93C0649432674D3E7AAE4A135DFAE51 BaseClass:/Game/ThirdPerson/Blueprints/BP_OldTree.BP_OldTree_C NativeClass:/Script/Engine.Actor Name:BP_OldTree_C_UAID_30D042E8BB1682DF01_1733217542 Label:BP_OldTree19 SpatiallyLoaded:1 Bounds:IsValid=true, Min=(X=3110.000 Y=2513.750 Z=0.000), Max=(X=3310.000 Y=2726.250 Z=360.000) RuntimeGrid:None EditorOnly:0 RuntimeOnly:0 HLODRelevant:0
 |   |   |- Guid:EF0729F648BB3A47584EE58EFFF66210 BaseClass:/Game/ThirdPerson/Blueprints/BP_OldTree.BP_OldTree_C NativeClass:/Script/Engine.Actor Name:BP_OldTree_C_UAID_30D042E8BB167EDF01_1630391889 Label:BP_OldTree3 SpatiallyLoaded:1 Bounds:IsValid=true, Min=(X=280.000 Y=2593.750 Z=-10.000), Max=(X=480.000 Y=2806.250 Z=350.000) RuntimeGrid:None EditorOnly:0 RuntimeOnly:0 HLODRelevant:0
 |   |   |- Guid:F2EAA46442D4B21C00095796A42FE8D7 BaseClass:/Game/ThirdPerson/Blueprints/BP_OldTree.BP_OldTree_C NativeClass:/Script/Engine.Actor Name:BP_OldTree_C_UAID_30D042E8BB1682DF01_1767467559 Label:BP_OldTree36 SpatiallyLoaded:1 Bounds:IsValid=true, Min=(X=371.372 Y=823.729 Z=0.000), Max=(X=662.714 Y=1113.530 Z=360.000) RuntimeGrid:None EditorOnly:0 RuntimeOnly:0 HLODRelevant:0
 |   |   |- Guid:F62109D04202A6BE01F25DB52D189313 BaseClass:/Game/ThirdPerson/Blueprints/BP_OldTree.BP_OldTree_C NativeClass:/Script/Engine.Actor Name:BP_OldTree_C_UAID_30D042E8BB1682DF01_1757639552 Label:BP_OldTree29 SpatiallyLoaded:1 Bounds:IsValid=true, Min=(X=1829.879 Y=390.149 Z=0.000), Max=(X=2073.880 Y=624.010 Z=360.000) RuntimeGrid:None EditorOnly:0 RuntimeOnly:0 HLODRelevant:0
 |   |   |- Guid:F641DD9D486CA8FBF6F7B98446C5182D BaseClass:/Game/ThirdPerson/Blueprints/BP_OldTree.BP_OldTree_C NativeClass:/Script/Engine.Actor Name:BP_OldTree_C_UAID_30D042E8BB1682DF01_1872985568 Label:BP_OldTree45 SpatiallyLoaded:1 Bounds:IsValid=true, Min=(X=2020.000 Y=2283.750 Z=0.000), Max=(X=2220.000 Y=2496.250 Z=360.000) RuntimeGrid:None EditorOnly:0 RuntimeOnly:0 HLODRelevant:0
 |   |   |- Guid:F7F1223D4042CCF70B5A8B8235E33F07 BaseClass: NativeClass:/Script/Engine.WorldDataLayers Name:WorldDataLayers Label:None SpatiallyLoaded:0 Bounds:IsValid=true, Min=(X=0.000 Y=0.000 Z=0.000), Max=(X=0.000 Y=0.000 Z=0.000) RuntimeGrid:None EditorOnly:0 RuntimeOnly:0 HLODRelevant:0
 |   |   |- Guid:F919AB0443F65B6825D7E2B0F58664FC BaseClass:/Game/ThirdPerson/Blueprints/BP_OldTree.BP_OldTree_C NativeClass:/Script/Engine.Actor Name:BP_OldTree_C_UAID_30D042E8BB1682DF01_1730439541 Label:BP_OldTree18 SpatiallyLoaded:1 Bounds:IsValid=true, Min=(X=3000.000 Y=3053.750 Z=0.000), Max=(X=3200.000 Y=3266.250 Z=360.000) RuntimeGrid:None EditorOnly:0 RuntimeOnly:0 HLODRelevant:0
 |   |   |- Guid:FBDBF47445D5CB9ACE1950A3ACC6DF18 BaseClass:/Game/ThirdPerson/Blueprints/BP_OldTree.BP_OldTree_C NativeClass:/Script/Engine.Actor Name:BP_OldTree_C_UAID_30D042E8BB1682DF01_1698685532 Label:BP_OldTree9 SpatiallyLoaded:1 Bounds:IsValid=true, Min=(X=1320.000 Y=2583.750 Z=0.000), Max=(X=1520.000 Y=2796.250 Z=360.000) RuntimeGrid:None EditorOnly:0 RuntimeOnly:0 HLODRelevant:0
 |   |   |- Guid:FDF99BE841531F1BE45F05B57F14E448 BaseClass:/Game/ThirdPerson/Blueprints/BP_OldTree.BP_OldTree_C NativeClass:/Script/Engine.Actor Name:BP_OldTree_C_UAID_30D042E8BB1682DF01_1745515545 Label:BP_OldTree22 SpatiallyLoaded:1 Bounds:IsValid=true, Min=(X=2469.396 Y=889.092 Z=0.000), Max=(X=2759.197 Y=1180.434 Z=360.000) RuntimeGrid:None EditorOnly:0 RuntimeOnly:0 HLODRelevant:0
 |   |- [+] Clusters:
 |   |   |- [+] [  0]
 |   |   |   |- Guid:FBDBF47445D5CB9ACE1950A3ACC6DF18 BaseClass:/Game/ThirdPerson/Blueprints/BP_OldTree.BP_OldTree_C NativeClass:/Script/Engine.Actor Name:BP_OldTree_C_UAID_30D042E8BB1682DF01_1698685532 Label:BP_OldTree9 SpatiallyLoaded:1 Bounds:IsValid=true, Min=(X=1320.000 Y=2583.750 Z=0.000), Max=(X=1520.000 Y=2796.250 Z=360.000) RuntimeGrid:None EditorOnly:0 RuntimeOnly:0 HLODRelevant:0
 |   |   |- [+] [  1]
 |   |   |   |- Guid:B8AE11B446B6B12923D22E8701AA95E3 BaseClass:/Game/ThirdPerson/Blueprints/BP_OldTree.BP_OldTree_C NativeClass:/Script/Engine.Actor Name:BP_OldTree_C_UAID_30D042E8BB1682DF01_1706320535 Label:BP_OldTree12 SpatiallyLoaded:1 Bounds:IsValid=true, Min=(X=2010.000 Y=2643.750 Z=0.000), Max=(X=2210.000 Y=2856.250 Z=360.000) RuntimeGrid:None EditorOnly:0 RuntimeOnly:0 HLODRelevant:0
 |   |   |- [+] [  2]
 |   |   |   |- Guid:450652B64266CBCBA0111C9CFBF8F560 BaseClass:/Game/ThirdPerson/Blueprints/BP_OldTree.BP_OldTree_C NativeClass:/Script/Engine.Actor Name:BP_OldTree_C_UAID_30D042E8BB1682DF01_1785217562 Label:BP_OldTree39 SpatiallyLoaded:1 Bounds:IsValid=true, Min=(X=660.593 Y=1.828 Z=0.000), Max=(X=951.935 Y=291.629 Z=360.000) RuntimeGrid:None EditorOnly:0 RuntimeOnly:0 HLODRelevant:0
 |   |   |- [+] [  3]
 |   |   |   |- Guid:CB8714494F54A7D5BC193DB9E69F8D17 BaseClass:/Game/ThirdPerson/Blueprints/BP_OldTree.BP_OldTree_C NativeClass:/Script/Engine.Actor Name:BP_OldTree_C_UAID_30D042E8BB1682DF01_1846971564 Label:BP_OldTree41 SpatiallyLoaded:1 Bounds:IsValid=true, Min=(X=2244.329 Y=345.099 Z=0.000), Max=(X=2535.671 Y=634.901 Z=360.000) RuntimeGrid:None EditorOnly:0 RuntimeOnly:0 HLODRelevant:0
 |   |   |- [+] [  4]
 |   |   |   |- Guid:E739129947B22B07F44D59BF1C71E71D BaseClass:/Game/ThirdPerson/Blueprints/BP_OldTree.BP_OldTree_C NativeClass:/Script/Engine.Actor Name:BP_OldTree_C_UAID_30D042E8BB1682DF01_1708514536 Label:BP_OldTree13 SpatiallyLoaded:1 Bounds:IsValid=true, Min=(X=1870.000 Y=3183.750 Z=0.000), Max=(X=2070.000 Y=3396.250 Z=360.000) RuntimeGrid:None EditorOnly:0 RuntimeOnly:0 HLODRelevant:0
 |   |   |- [+] [  5]
 |   |   |   |- Guid:F2EAA46442D4B21C00095796A42FE8D7 BaseClass:/Game/ThirdPerson/Blueprints/BP_OldTree.BP_OldTree_C NativeClass:/Script/Engine.Actor Name:BP_OldTree_C_UAID_30D042E8BB1682DF01_1767467559 Label:BP_OldTree36 SpatiallyLoaded:1 Bounds:IsValid=true, Min=(X=371.372 Y=823.729 Z=0.000), Max=(X=662.714 Y=1113.530 Z=360.000) RuntimeGrid:None EditorOnly:0 RuntimeOnly:0 HLODRelevant:0
 |   |   |- [+] [  6]
 |   |   |   |- Guid:39806C7742801583846C67AD18AB0053 BaseClass:/Game/ThirdPerson/Blueprints/BP_OldTree.BP_OldTree_C NativeClass:/Script/Engine.Actor Name:BP_OldTree_C_UAID_30D042E8BB167EDF01_1630390888 Label:BP_OldTree2 SpatiallyLoaded:1 Bounds:IsValid=true, Min=(X=550.000 Y=2203.750 Z=-10.000), Max=(X=750.000 Y=2416.250 Z=350.000) RuntimeGrid:None EditorOnly:0 RuntimeOnly:0 HLODRelevant:0
 |   |   |- [+] [  7]
 |   |   |   |- Guid:0451875044525C7976AB9989D0BF0561 BaseClass:/Game/ThirdPerson/Blueprints/BP_OldTree.BP_OldTree_C NativeClass:/Script/Engine.Actor Name:BP_OldTree_C_UAID_30D042E8BB1682DF01_1700960533 Label:BP_OldTree10 SpatiallyLoaded:1 Bounds:IsValid=true, Min=(X=1570.000 Y=2903.750 Z=0.000), Max=(X=1770.000 Y=3116.250 Z=360.000) RuntimeGrid:None EditorOnly:0 RuntimeOnly:0 HLODRelevant:0
 |   |   |- [+] [  8]
 |   |   |   |- Guid:F919AB0443F65B6825D7E2B0F58664FC BaseClass:/Game/ThirdPerson/Blueprints/BP_OldTree.BP_OldTree_C NativeClass:/Script/Engine.Actor Name:BP_OldTree_C_UAID_30D042E8BB1682DF01_1730439541 Label:BP_OldTree18 SpatiallyLoaded:1 Bounds:IsValid=true, Min=(X=3000.000 Y=3053.750 Z=0.000), Max=(X=3200.000 Y=3266.250 Z=360.000) RuntimeGrid:None EditorOnly:0 RuntimeOnly:0 HLODRelevant:0
 |   |   |- [+] [  9]
 |   |   |   |- Guid:C65673634F5B343033366EB813C064AE BaseClass:/Game/ThirdPerson/Blueprints/BP_OldTree.BP_OldTree_C NativeClass:/Script/Engine.Actor Name:BP_OldTree_C_UAID_30D042E8BB1682DF01_1767461555 Label:BP_OldTree32 SpatiallyLoaded:1 Bounds:IsValid=true, Min=(X=860.593 Y=411.828 Z=0.000), Max=(X=1151.935 Y=701.629 Z=360.000) RuntimeGrid:None EditorOnly:0 RuntimeOnly:0 HLODRelevant:0
 |   |   |- [+] [ 10]
 |   |   |   |- Guid:A71DEE40489437B9EE0888B08EC21800 BaseClass:/Game/ThirdPerson/Blueprints/BP_OldTree.BP_OldTree_C NativeClass:/Script/Engine.Actor Name:BP_OldTree_C_UAID_30D042E8BB1682DF01_1786966563 Label:BP_OldTree40 SpatiallyLoaded:1 Bounds:IsValid=true, Min=(X=1090.593 Y=161.828 Z=0.000), Max=(X=1381.935 Y=451.629 Z=360.000) RuntimeGrid:None EditorOnly:0 RuntimeOnly:0 HLODRelevant:0
 |   |   |- [+] [ 11]
 |   |   |   |- Guid:BB07594840C51472135DE1A5653777B5 BaseClass:/Game/ThirdPerson/Blueprints/BP_OldTree.BP_OldTree_C NativeClass:/Script/Engine.Actor Name:BP_OldTree_C_UAID_30D042E8BB1682DF01_1851867565 Label:BP_OldTree42 SpatiallyLoaded:1 Bounds:IsValid=true, Min=(X=1754.329 Y=1005.099 Z=0.000), Max=(X=2045.671 Y=1294.901 Z=360.000) RuntimeGrid:None EditorOnly:0 RuntimeOnly:0 HLODRelevant:0
 |   |   |- [+] [ 12]
 |   |   |   |- Guid:2FDE0BD04FF98692166DA18EBBE1DAF9 BaseClass:/Game/ThirdPerson/Blueprints/BP_OldTree.BP_OldTree_C NativeClass:/Script/Engine.Actor Name:BP_OldTree_C_UAID_30D042E8BB1682DF01_1694525530 Label:BP_OldTree7 SpatiallyLoaded:1 Bounds:IsValid=true, Min=(X=870.000 Y=2773.750 Z=0.000), Max=(X=1070.000 Y=2986.250 Z=360.000) RuntimeGrid:None EditorOnly:0 RuntimeOnly:0 HLODRelevant:0
 |   |   |- [+] [ 13]
 |   |   |   |- Guid:887AF4AF4E1C35D0F74ADEA22D330352 BaseClass:/Game/ThirdPerson/Blueprints/BP_OldTree.BP_OldTree_C NativeClass:/Script/Engine.Actor Name:BP_OldTree_C_UAID_30D042E8BB1682DF01_1745511543 Label:BP_OldTree20 SpatiallyLoaded:1 Bounds:IsValid=true, Min=(X=2461.828 Y=478.065 Z=0.000), Max=(X=2751.629 Y=769.407 Z=360.000) RuntimeGrid:None EditorOnly:0 RuntimeOnly:0 HLODRelevant:0
 |   |   |- [+] [ 14]
 |   |   |   |- Guid:56DE1EF144B9FEF7682AAFBC860D13C1 BaseClass:/Game/ThirdPerson/Blueprints/BP_OldTree.BP_OldTree_C NativeClass:/Script/Engine.Actor Name:BP_OldTree_C_UAID_30D042E8BB1682DF01_1858128566 Label:BP_OldTree43 SpatiallyLoaded:1 Bounds:IsValid=true, Min=(X=3244.329 Y=185.099 Z=0.000), Max=(X=3535.671 Y=474.901 Z=360.000) RuntimeGrid:None EditorOnly:0 RuntimeOnly:0 HLODRelevant:0
 |   |   |- [+] [ 15]
 |   |   |   |- Guid:C0FAFE0C4092F8571A27E8868DA59ABD BaseClass:/Game/ThirdPerson/Blueprints/BP_OldTree.BP_OldTree_C NativeClass:/Script/Engine.Actor Name:BP_OldTree_C_UAID_30D042E8BB1682DF01_1861402567 Label:BP_OldTree44 SpatiallyLoaded:1 Bounds:IsValid=true, Min=(X=3174.329 Y=1055.099 Z=0.000), Max=(X=3465.671 Y=1344.901 Z=360.000) RuntimeGrid:None EditorOnly:0 RuntimeOnly:0 HLODRelevant:0
 |   |   |- [+] [ 16]
 |   |   |   |- Guid:EF0729F648BB3A47584EE58EFFF66210 BaseClass:/Game/ThirdPerson/Blueprints/BP_OldTree.BP_OldTree_C NativeClass:/Script/Engine.Actor Name:BP_OldTree_C_UAID_30D042E8BB167EDF01_1630391889 Label:BP_OldTree3 SpatiallyLoaded:1 Bounds:IsValid=true, Min=(X=280.000 Y=2593.750 Z=-10.000), Max=(X=480.000 Y=2806.250 Z=350.000) RuntimeGrid:None EditorOnly:0 RuntimeOnly:0 HLODRelevant:0
 |   |   |- [+] [ 17]
 |   |   |   |- Guid:2E61C2A1466A8ACD4EFB7294FCC5425A BaseClass:/Game/ThirdPerson/Blueprints/BP_OldTree.BP_OldTree_C NativeClass:/Script/Engine.Actor Name:BP_OldTree_C_UAID_30D042E8BB1682DF01_1696419531 Label:BP_OldTree8 SpatiallyLoaded:1 Bounds:IsValid=true, Min=(X=1080.000 Y=3023.750 Z=0.000), Max=(X=1280.000 Y=3236.250 Z=360.000) RuntimeGrid:None EditorOnly:0 RuntimeOnly:0 HLODRelevant:0
 |   |   |- [+] [ 18]
 |   |   |   |- Guid:950A2683499575214FFF5B92706E9A3D BaseClass:/Game/ThirdPerson/Blueprints/BP_OldTree.BP_OldTree_C NativeClass:/Script/Engine.Actor Name:BP_OldTree_C_UAID_30D042E8BB1682DF01_1711666537 Label:BP_OldTree14 SpatiallyLoaded:1 Bounds:IsValid=true, Min=(X=2370.000 Y=2943.750 Z=0.000), Max=(X=2570.000 Y=3156.250 Z=360.000) RuntimeGrid:None EditorOnly:0 RuntimeOnly:0 HLODRelevant:0
 |   |   |- [+] [ 19]
 |   |   |   |- Guid:37CDCD4C4C8AD700BA8CD69B1CB0C2AD BaseClass:/Game/ThirdPerson/Blueprints/BP_OldTree.BP_OldTree_C NativeClass:/Script/Engine.Actor Name:BP_OldTree_C_UAID_30D042E8BB1682DF01_1767464557 Label:BP_OldTree34 SpatiallyLoaded:1 Bounds:IsValid=true, Min=(X=449.566 Y=419.396 Z=0.000), Max=(X=740.908 Y=709.197 Z=360.000) RuntimeGrid:None EditorOnly:0 RuntimeOnly:0 HLODRelevant:0
 |   |   |- [+] [ 20]
 |   |   |   |- Guid:F7F1223D4042CCF70B5A8B8235E33F07 BaseClass: NativeClass:/Script/Engine.WorldDataLayers Name:WorldDataLayers Label:None SpatiallyLoaded:0 Bounds:IsValid=true, Min=(X=0.000 Y=0.000 Z=0.000), Max=(X=0.000 Y=0.000 Z=0.000) RuntimeGrid:None EditorOnly:0 RuntimeOnly:0 HLODRelevant:0
 |   |   |- [+] [ 21]
 |   |   |   |- Guid:A6ECAB624CECE84EF7B8E3B2A952C0AB BaseClass:/Game/ThirdPerson/Blueprints/BP_OldTree.BP_OldTree_C NativeClass:/Script/Engine.Actor Name:BP_OldTree_C_UAID_30D042E8BB1682DF01_1704086534 Label:BP_OldTree11 SpatiallyLoaded:1 Bounds:IsValid=true, Min=(X=1710.000 Y=2363.750 Z=0.000), Max=(X=1910.000 Y=2576.250 Z=360.000) RuntimeGrid:None EditorOnly:0 RuntimeOnly:0 HLODRelevant:0
 |   |   |- [+] [ 22]
 |   |   |   |- Guid:E93C0649432674D3E7AAE4A135DFAE51 BaseClass:/Game/ThirdPerson/Blueprints/BP_OldTree.BP_OldTree_C NativeClass:/Script/Engine.Actor Name:BP_OldTree_C_UAID_30D042E8BB1682DF01_1733217542 Label:BP_OldTree19 SpatiallyLoaded:1 Bounds:IsValid=true, Min=(X=3110.000 Y=2513.750 Z=0.000), Max=(X=3310.000 Y=2726.250 Z=360.000) RuntimeGrid:None EditorOnly:0 RuntimeOnly:0 HLODRelevant:0
 |   |   |- [+] [ 23]
 |   |   |   |- Guid:8270F77F4B0B596D17F99BA348E6DC0A BaseClass:/Game/ThirdPerson/Blueprints/BP_OldTree.BP_OldTree_C NativeClass:/Script/Engine.Actor Name:BP_OldTree_C_UAID_30D042E8BB1682DF01_1757633549 Label:BP_OldTree26 SpatiallyLoaded:1 Bounds:IsValid=true, Min=(X=1586.032 Y=158.980 Z=0.000), Max=(X=1830.034 Y=392.842 Z=360.000) RuntimeGrid:None EditorOnly:0 RuntimeOnly:0 HLODRelevant:0
 |   |   |- [+] [ 24]
 |   |   |   |- Guid:2B72AE434C2CD8E97829BD8470A7E7AB BaseClass:/Game/ThirdPerson/Blueprints/BP_OldTree.BP_OldTree_C NativeClass:/Script/Engine.Actor Name:BP_OldTree_C_UAID_30D042E8BB1682DF01_1783003561 Label:BP_OldTree38 SpatiallyLoaded:1 Bounds:IsValid=true, Min=(X=250.593 Y=151.828 Z=0.000), Max=(X=541.935 Y=441.629 Z=360.000) RuntimeGrid:None EditorOnly:0 RuntimeOnly:0 HLODRelevant:0
 |   |   |- [+] [ 25]
 |   |   |   |- Guid:0425632D424C21BA36B726B8A0D03E58 BaseClass:/Game/ThirdPerson/Blueprints/BP_OldTree.BP_OldTree_C NativeClass:/Script/Engine.Actor Name:BP_OldTree_C_UAID_30D042E8BB1682DF01_1877233569 Label:BP_OldTree46 SpatiallyLoaded:1 Bounds:IsValid=true, Min=(X=1450.000 Y=3193.750 Z=0.000), Max=(X=1650.000 Y=3406.250 Z=360.000) RuntimeGrid:None EditorOnly:0 RuntimeOnly:0 HLODRelevant:0
 |   |   |- [+] [ 26]
 |   |   |   |- Guid:8789278D4EEB99EDBDD8CCB782DE2B6A BaseClass:/Game/ThirdPerson/Blueprints/BP_OldTree.BP_OldTree_C NativeClass:/Script/Engine.Actor Name:BP_OldTree_C_UAID_30D042E8BB1682DF01_1767465558 Label:BP_OldTree35 SpatiallyLoaded:1 Bounds:IsValid=true, Min=(X=840.249 Y=747.217 Z=0.000), Max=(X=1131.591 Y=1037.019 Z=360.000) RuntimeGrid:None EditorOnly:0 RuntimeOnly:0 HLODRelevant:0
 |   |   |- [+] [ 27]
 |   |   |   |- Guid:CA4B42BE4858289C6328659B3AFAE1CD BaseClass:/Game/ThirdPerson/Blueprints/BP_OldTree.BP_OldTree_C NativeClass:/Script/Engine.Actor Name:BP_OldTree_C_UAID_30D042E8BB1682DF01_1745518547 Label:BP_OldTree24 SpatiallyLoaded:1 Bounds:IsValid=true, Min=(X=2873.729 Y=967.286 Z=0.000), Max=(X=3163.530 Y=1258.628 Z=360.000) RuntimeGrid:None EditorOnly:0 RuntimeOnly:0 HLODRelevant:0
 |   |   |- [+] [ 28]
 |   |   |   |- Guid:A66CF36A4632B101DF819593473F40EA BaseClass:/Game/ThirdPerson/Blueprints/BP_OldTree.BP_OldTree_C NativeClass:/Script/Engine.Actor Name:BP_OldTree_C_UAID_30D042E8BB167EDF01_1630389887 Label:BP_OldTree SpatiallyLoaded:1 Bounds:IsValid=true, Min=(X=620.000 Y=2553.750 Z=0.000), Max=(X=820.000 Y=2766.250 Z=360.000) RuntimeGrid:None EditorOnly:0 RuntimeOnly:0 HLODRelevant:0
 |   |   |- [+] [ 29]
 |   |   |   |- Guid:C74495314A9E2CF3C40082A53A40ECA6 BaseClass:/Game/ThirdPerson/Blueprints/BP_OldTree.BP_OldTree_C NativeClass:/Script/Engine.Actor Name:BP_OldTree_C_UAID_30D042E8BB1682DF01_1716281538 Label:BP_OldTree15 SpatiallyLoaded:1 Bounds:IsValid=true, Min=(X=2460.000 Y=2403.750 Z=0.000), Max=(X=2660.000 Y=2616.250 Z=360.000) RuntimeGrid:None EditorOnly:0 RuntimeOnly:0 HLODRelevant:0
 |   |   |- [+] [ 30]
 |   |   |   |- Guid:6C7D199A4EADE7431521CE9851BDD21F BaseClass:/Game/ThirdPerson/Blueprints/BP_OldTree.BP_OldTree_C NativeClass:/Script/Engine.Actor Name:BP_OldTree_C_UAID_30D042E8BB1682DF01_1725812540 Label:BP_OldTree17 SpatiallyLoaded:1 Bounds:IsValid=true, Min=(X=2640.000 Y=2743.750 Z=0.000), Max=(X=2840.000 Y=2956.250 Z=360.000) RuntimeGrid:None EditorOnly:0 RuntimeOnly:0 HLODRelevant:0
 |   |   |- [+] [ 31]
 |   |   |   |- Guid:FDF99BE841531F1BE45F05B57F14E448 BaseClass:/Game/ThirdPerson/Blueprints/BP_OldTree.BP_OldTree_C NativeClass:/Script/Engine.Actor Name:BP_OldTree_C_UAID_30D042E8BB1682DF01_1745515545 Label:BP_OldTree22 SpatiallyLoaded:1 Bounds:IsValid=true, Min=(X=2469.396 Y=889.092 Z=0.000), Max=(X=2759.197 Y=1180.434 Z=360.000) RuntimeGrid:None EditorOnly:0 RuntimeOnly:0 HLODRelevant:0
 |   |   |- [+] [ 32]
 |   |   |   |- Guid:8E90348642B59A9EB66EB8B220AE84BE BaseClass:/Game/ThirdPerson/Blueprints/BP_OldTree.BP_OldTree_C NativeClass:/Script/Engine.Actor Name:BP_OldTree_C_UAID_30D042E8BB1682DF01_1745520548 Label:BP_OldTree25 SpatiallyLoaded:1 Bounds:IsValid=true, Min=(X=3305.099 Y=624.329 Z=0.000), Max=(X=3594.901 Y=915.671 Z=360.000) RuntimeGrid:None EditorOnly:0 RuntimeOnly:0 HLODRelevant:0
 |   |   |- [+] [ 33]
 |   |   |   |- Guid:689FEEBA450525A46BAC4089BB38C896 BaseClass:/Game/ThirdPerson/Blueprints/BP_OldTree.BP_OldTree_C NativeClass:/Script/Engine.Actor Name:BP_OldTree_C_UAID_30D042E8BB1682DF01_1757635550 Label:BP_OldTree27 SpatiallyLoaded:1 Bounds:IsValid=true, Min=(X=2133.457 Y=153.843 Z=0.000), Max=(X=2377.458 Y=387.705 Z=360.000) RuntimeGrid:None EditorOnly:0 RuntimeOnly:0 HLODRelevant:0
 |   |   |- [+] [ 34]
 |   |   |   |- Guid:716FF1224CAE8F8A9D3B8487CEBB1025 BaseClass:/Game/ThirdPerson/Blueprints/BP_OldTree.BP_OldTree_C NativeClass:/Script/Engine.Actor Name:BP_OldTree_C_UAID_30D042E8BB1682DF01_1757640553 Label:BP_OldTree30 SpatiallyLoaded:1 Bounds:IsValid=true, Min=(X=1587.102 Y=798.510 Z=0.000), Max=(X=1831.103 Y=1032.372 Z=360.000) RuntimeGrid:None EditorOnly:0 RuntimeOnly:0 HLODRelevant:0
 |   |   |- [+] [ 35]
 |   |   |   |- Guid:8F6203034BB186BEEA1CD4B3FA9074B7 BaseClass:/Game/ThirdPerson/Blueprints/OldInstance.OldInstance_C NativeClass:/Script/Engine.Actor Name:OldInstance_C_UAID_30D042E8BB167EDF01_1630387886 Label:OldInstance SpatiallyLoaded:1 Bounds:IsValid=true, Min=(X=-90.000 Y=1930.000 Z=0.000), Max=(X=-90.000 Y=1930.000 Z=0.000) RuntimeGrid:None EditorOnly:0 RuntimeOnly:0 HLODRelevant:0
 |   |   |- [+] [ 36]
 |   |   |   |- Guid:AE8E1AFC4D0FB72EBBBD21A0A5C3E472 BaseClass:/Game/ThirdPerson/Blueprints/BP_OldTree.BP_OldTree_C NativeClass:/Script/Engine.Actor Name:BP_OldTree_C_UAID_30D042E8BB1682DF01_1683093527 Label:BP_OldTree4 SpatiallyLoaded:1 Bounds:IsValid=true, Min=(X=940.000 Y=2363.750 Z=0.000), Max=(X=1140.000 Y=2576.250 Z=360.000) RuntimeGrid:None EditorOnly:0 RuntimeOnly:0 HLODRelevant:0
 |   |   |- [+] [ 37]
 |   |   |   |- Guid:CF2A524A45ED0BD8E3E1C0BCC725E147 BaseClass:/Game/ThirdPerson/Blueprints/BP_OldTree.BP_OldTree_C NativeClass:/Script/Engine.Actor Name:BP_OldTree_C_UAID_30D042E8BB1682DF01_1721918539 Label:BP_OldTree16 SpatiallyLoaded:1 Bounds:IsValid=true, Min=(X=2640.000 Y=3253.750 Z=0.000), Max=(X=2840.000 Y=3466.250 Z=360.000) RuntimeGrid:None EditorOnly:0 RuntimeOnly:0 HLODRelevant:0
 |   |   |- [+] [ 38]
 |   |   |   |- Guid:3A6254D547382B7BEF1BDD916DD6BC1C BaseClass:/Game/ThirdPerson/Blueprints/BP_OldTree.BP_OldTree_C NativeClass:/Script/Engine.Actor Name:BP_OldTree_C_UAID_30D042E8BB1682DF01_1757637551 Label:BP_OldTree28 SpatiallyLoaded:1 Bounds:IsValid=true, Min=(X=1327.627 Y=478.709 Z=0.000), Max=(X=1571.628 Y=712.571 Z=360.000) RuntimeGrid:None EditorOnly:0 RuntimeOnly:0 HLODRelevant:0
 |   |   |- [+] [ 39]
 |   |   |   |- Guid:F62109D04202A6BE01F25DB52D189313 BaseClass:/Game/ThirdPerson/Blueprints/BP_OldTree.BP_OldTree_C NativeClass:/Script/Engine.Actor Name:BP_OldTree_C_UAID_30D042E8BB1682DF01_1757639552 Label:BP_OldTree29 SpatiallyLoaded:1 Bounds:IsValid=true, Min=(X=1829.879 Y=390.149 Z=0.000), Max=(X=2073.880 Y=624.010 Z=360.000) RuntimeGrid:None EditorOnly:0 RuntimeOnly:0 HLODRelevant:0
 |   |   |- [+] [ 40]
 |   |   |   |- Guid:802E43424802F1E03E1E0C89887AE779 BaseClass:/Game/ThirdPerson/Blueprints/BP_OldTree.BP_OldTree_C NativeClass:/Script/Engine.Actor Name:BP_OldTree_C_UAID_30D042E8BB1682DF01_1757642554 Label:BP_OldTree31 SpatiallyLoaded:1 Bounds:IsValid=true, Min=(X=2137.999 Y=813.069 Z=0.000), Max=(X=2382.001 Y=1046.931 Z=360.000) RuntimeGrid:None EditorOnly:0 RuntimeOnly:0 HLODRelevant:0
 |   |   |- [+] [ 41]
 |   |   |   |- Guid:F641DD9D486CA8FBF6F7B98446C5182D BaseClass:/Game/ThirdPerson/Blueprints/BP_OldTree.BP_OldTree_C NativeClass:/Script/Engine.Actor Name:BP_OldTree_C_UAID_30D042E8BB1682DF01_1872985568 Label:BP_OldTree45 SpatiallyLoaded:1 Bounds:IsValid=true, Min=(X=2020.000 Y=2283.750 Z=0.000), Max=(X=2220.000 Y=2496.250 Z=360.000) RuntimeGrid:None EditorOnly:0 RuntimeOnly:0 HLODRelevant:0
 |   |   |- [+] [ 42]
 |   |   |   |- Guid:978529D4451C3A21E270C0A1C95DA533 BaseClass:/Game/ThirdPerson/Blueprints/BP_OldTree.BP_OldTree_C NativeClass:/Script/Engine.Actor Name:BP_OldTree_C_UAID_30D042E8BB1682DF01_1688945528 Label:BP_OldTree5 SpatiallyLoaded:1 Bounds:IsValid=true, Min=(X=250.000 Y=2893.750 Z=0.000), Max=(X=450.000 Y=3106.250 Z=360.000) RuntimeGrid:None EditorOnly:0 RuntimeOnly:0 HLODRelevant:0
 |   |   |- [+] [ 43]
 |   |   |   |- Guid:C0E007484628B64CE8274BA4BCA36E66 BaseClass:/Game/ThirdPerson/Blueprints/BP_OldTree.BP_OldTree_C NativeClass:/Script/Engine.Actor Name:BP_OldTree_C_UAID_30D042E8BB1682DF01_1767468560 Label:BP_OldTree37 SpatiallyLoaded:1 Bounds:IsValid=true, Min=(X=664.329 Y=1045.099 Z=0.000), Max=(X=955.671 Y=1334.901 Z=360.000) RuntimeGrid:None EditorOnly:0 RuntimeOnly:0 HLODRelevant:0
 |   |   |- [+] [ 44]
 |   |   |   |- Guid:C78115DF4254805C5936DA9A9AA79868 BaseClass:/Game/ThirdPerson/Blueprints/BP_OldTree.BP_OldTree_C NativeClass:/Script/Engine.Actor Name:BP_OldTree_C_UAID_30D042E8BB1682DF01_1692477529 Label:BP_OldTree6 SpatiallyLoaded:1 Bounds:IsValid=true, Min=(X=580.000 Y=3183.750 Z=0.000), Max=(X=780.000 Y=3396.250 Z=360.000) RuntimeGrid:None EditorOnly:0 RuntimeOnly:0 HLODRelevant:0
 |   |   |- [+] [ 45]
 |   |   |   |- Guid:D09B22C447DCC95082390398E3BCA93F BaseClass:/Game/ThirdPerson/Blueprints/BP_OldTree.BP_OldTree_C NativeClass:/Script/Engine.Actor Name:BP_OldTree_C_UAID_30D042E8BB1682DF01_1745513544 Label:BP_OldTree21 SpatiallyLoaded:1 Bounds:IsValid=true, Min=(X=2877.877 Y=122.252 Z=0.000), Max=(X=3167.678 Y=413.594 Z=360.000) RuntimeGrid:None EditorOnly:0 RuntimeOnly:0 HLODRelevant:0
 |   |   |- [+] [ 46]
 |   |   |   |- Guid:0734F79A4568239F07B01BA60E386237 BaseClass:/Game/ThirdPerson/Blueprints/BP_OldTree.BP_OldTree_C NativeClass:/Script/Engine.Actor Name:BP_OldTree_C_UAID_30D042E8BB1682DF01_1745517546 Label:BP_OldTree23 SpatiallyLoaded:1 Bounds:IsValid=true, Min=(X=2797.217 Y=498.409 Z=0.000), Max=(X=3087.019 Y=789.751 Z=360.000) RuntimeGrid:None EditorOnly:0 RuntimeOnly:0 HLODRelevant:0
 |   |   |- [+] [ 47]
 |   |   |   |- Guid:71C06D624F4DB27639A2268265FAD7B6 BaseClass:/Game/ThirdPerson/Blueprints/BP_OldTree.BP_OldTree_C NativeClass:/Script/Engine.Actor Name:BP_OldTree_C_UAID_30D042E8BB1682DF01_1767463556 Label:BP_OldTree33 SpatiallyLoaded:1 Bounds:IsValid=true, Min=(X=1216.406 Y=827.877 Z=0.000), Max=(X=1507.748 Y=1117.678 Z=360.000) RuntimeGrid:None EditorOnly:0 RuntimeOnly:0 HLODRelevant:0
 |- ContainerInstances:
 |- [+] MainContainer:
 |   |-        ID: 0x0000000000000000
 |   |-    Bounds: IsValid=false, Min=(X=0.000 Y=0.000 Z=0.000), Max=(X=0.000 Y=0.000 Z=0.000)
 |   |- Transform: 0.000000,0.000000,0.000000|0.000000,0.000000,-0.000000|1.000000,1.000000,1.000000
 |   |- Container: /Game/OldInstance
----------------------------------------------------------------------------------------------------------------
ThirdPersonMap - Persistent Level
----------------------------------------------------------------------------------------------------------------
Always loaded Actor Count: 30 

----------------------------------------------------------------------------------------------------------------
ThirdPersonMap - Runtime Spatial Hash - Streaming Grid - MainGrid
----------------------------------------------------------------------------------------------------------------
            Origin: X=0.000 Y=0.000 Z=0.000
         Cell Size: 12800
      World Bounds: IsValid=false, Min=(X=0.000 Y=0.000 Z=0.000), Max=(X=0.000 Y=0.000 Z=0.000)
     Loading Range: 25600.00
Block Slow Loading: No
 ClientOnlyVisible: No

[+] Grid Levels: 1
 |- Level  0: Cell Count    1 | Cell Size   12800 | Actor Count   48 (100.0%)

[+] Content of Grid Level 0
 |- [+] Content of Cell MainGrid_L0_X0_Y0
 |   |- Actor Count: 48
 |   |- Actor Path: /Game/UEDPIE_0_OldInstance_LevelInstance_154.OldInstance:PersistentLevel.BP_OldTree_C_UAID_30D042E8BB1682DF01_1698685532
 |   |- Actor Package: /Game/__ExternalActors__/OldInstance/1/QH/8RKMAI15H23WWIDN77A266
 |   |- Actor Path: /Game/UEDPIE_0_OldInstance_LevelInstance_154.OldInstance:PersistentLevel.BP_OldTree_C_UAID_30D042E8BB1682DF01_1706320535
 |   |- Actor Package: /Game/__ExternalActors__/OldInstance/1/NI/NEOPH58HXZVBU8VM9608RB
 |   |- Actor Path: /Game/UEDPIE_0_OldInstance_LevelInstance_154.OldInstance:PersistentLevel.BP_OldTree_C_UAID_30D042E8BB1682DF01_1785217562
 |   |- Actor Package: /Game/__ExternalActors__/OldInstance/1/15/ADP1G5S673BFF7KEXFX08O
 |   |- Actor Path: /Game/UEDPIE_0_OldInstance_LevelInstance_154.OldInstance:PersistentLevel.BP_OldTree_C_UAID_30D042E8BB1682DF01_1846971564
 |   |- Actor Package: /Game/__ExternalActors__/OldInstance/1/7S/WBNL3VNQ080MW8I1Z4A0ED
 |   |- Actor Path: /Game/UEDPIE_0_OldInstance_LevelInstance_154.OldInstance:PersistentLevel.BP_OldTree_C_UAID_30D042E8BB1682DF01_1708514536
 |   |- Actor Package: /Game/__ExternalActors__/OldInstance/2/6Z/B8QBY02DMN9ZOFTGWJKD9P
 |   |- Actor Path: /Game/UEDPIE_0_OldInstance_LevelInstance_154.OldInstance:PersistentLevel.BP_OldTree_C_UAID_30D042E8BB1682DF01_1767467559
 |   |- Actor Package: /Game/__ExternalActors__/OldInstance/2/CA/G2TID5XIWABO1M38QGN6IA
 |   |- Actor Path: /Game/UEDPIE_0_OldInstance_LevelInstance_154.OldInstance:PersistentLevel.BP_OldTree_C_UAID_30D042E8BB167EDF01_1630390888
 |   |- Actor Package: /Game/__ExternalActors__/OldInstance/3/Y8/CRFT3M5ZI9ZB2E4PQRGV9E
 |   |- Actor Path: /Game/UEDPIE_0_OldInstance_LevelInstance_154.OldInstance:PersistentLevel.BP_OldTree_C_UAID_30D042E8BB1682DF01_1700960533
 |   |- Actor Package: /Game/__ExternalActors__/OldInstance/3/YC/BLSYN5XRHOM0423EAS8IRA
 |   |- Actor Path: /Game/UEDPIE_0_OldInstance_LevelInstance_154.OldInstance:PersistentLevel.BP_OldTree_C_UAID_30D042E8BB1682DF01_1730439541
 |   |- Actor Package: /Game/__ExternalActors__/OldInstance/4/21/T5JYHUWQ82TDPAHUC2W6AI
 |   |- Actor Path: /Game/UEDPIE_0_OldInstance_LevelInstance_154.OldInstance:PersistentLevel.BP_OldTree_C_UAID_30D042E8BB1682DF01_1767461555
 |   |- Actor Package: /Game/__ExternalActors__/OldInstance/4/5F/7L9T9FTB4S60WZD4ID343H
 |   |- Actor Path: /Game/UEDPIE_0_OldInstance_LevelInstance_154.OldInstance:PersistentLevel.BP_OldTree_C_UAID_30D042E8BB1682DF01_1786966563
 |   |- Actor Package: /Game/__ExternalActors__/OldInstance/4/X2/WDQ64MI7NB23KJRE36OVX4
 |   |- Actor Path: /Game/UEDPIE_0_OldInstance_LevelInstance_154.OldInstance:PersistentLevel.BP_OldTree_C_UAID_30D042E8BB1682DF01_1851867565
 |   |- Actor Package: /Game/__ExternalActors__/OldInstance/4/87/S3Q398OPVP2SPHX8PLNM71
 |   |- Actor Path: /Game/UEDPIE_0_OldInstance_LevelInstance_154.OldInstance:PersistentLevel.BP_OldTree_C_UAID_30D042E8BB1682DF01_1694525530
 |   |- Actor Package: /Game/__ExternalActors__/OldInstance/5/R9/MBR9DL57SF6KB1UU43KLEK
 |   |- Actor Path: /Game/UEDPIE_0_OldInstance_LevelInstance_154.OldInstance:PersistentLevel.BP_OldTree_C_UAID_30D042E8BB1682DF01_1745511543
 |   |- Actor Package: /Game/__ExternalActors__/OldInstance/5/6M/TQECYAE2F4REY0UTQ3NYLG
 |   |- Actor Path: /Game/UEDPIE_0_OldInstance_LevelInstance_154.OldInstance:PersistentLevel.BP_OldTree_C_UAID_30D042E8BB1682DF01_1858128566
 |   |- Actor Package: /Game/__ExternalActors__/OldInstance/5/5L/4XHUK59MMZ0PN13Z5ZJPJJ
 |   |- Actor Path: /Game/UEDPIE_0_OldInstance_LevelInstance_154.OldInstance:PersistentLevel.BP_OldTree_C_UAID_30D042E8BB1682DF01_1861402567
 |   |- Actor Package: /Game/__ExternalActors__/OldInstance/5/WU/4RRO9L6JSMVMGHJC86E9R4
 |   |- Actor Path: /Game/UEDPIE_0_OldInstance_LevelInstance_154.OldInstance:PersistentLevel.BP_OldTree_C_UAID_30D042E8BB167EDF01_1630391889
 |   |- Actor Package: /Game/__ExternalActors__/OldInstance/6/AJ/AKSNCGBC3TRVHT9UM7NCRV
 |   |- Actor Path: /Game/UEDPIE_0_OldInstance_LevelInstance_154.OldInstance:PersistentLevel.BP_OldTree_C_UAID_30D042E8BB1682DF01_1696419531
 |   |- Actor Package: /Game/__ExternalActors__/OldInstance/6/2V/38XBZAIWO2USJSAK3Q28F7
 |   |- Actor Path: /Game/UEDPIE_0_OldInstance_LevelInstance_154.OldInstance:PersistentLevel.BP_OldTree_C_UAID_30D042E8BB1682DF01_1711666537
 |   |- Actor Package: /Game/__ExternalActors__/OldInstance/6/BG/XT0MRC5RCS3ZUUJXYGVZLO
 |   |- Actor Path: /Game/UEDPIE_0_OldInstance_LevelInstance_154.OldInstance:PersistentLevel.BP_OldTree_C_UAID_30D042E8BB1682DF01_1767464557
 |   |- Actor Package: /Game/__ExternalActors__/OldInstance/6/0L/4OJAENTHJ3AAQPAB1A8ZL4
 |   |- Actor Path: /Game/UEDPIE_0_OldInstance_LevelInstance_154.OldInstance:PersistentLevel.WorldDataLayers
 |   |- Actor Package: /Game/__ExternalActors__/OldInstance/7/8Q/7YJYQ35PYR9URVA9MI3FPI
 |   |- Actor Path: /Game/UEDPIE_0_OldInstance_LevelInstance_154.OldInstance:PersistentLevel.BP_OldTree_C_UAID_30D042E8BB1682DF01_1704086534
 |   |- Actor Package: /Game/__ExternalActors__/OldInstance/7/2O/6JDVRGL2TP28UKZU9D5L0L
 |   |- Actor Path: /Game/UEDPIE_0_OldInstance_LevelInstance_154.OldInstance:PersistentLevel.BP_OldTree_C_UAID_30D042E8BB1682DF01_1733217542
 |   |- Actor Package: /Game/__ExternalActors__/OldInstance/7/HG/L390JFK8FZX5AUUHRDY8MS
 |   |- Actor Path: /Game/UEDPIE_0_OldInstance_LevelInstance_154.OldInstance:PersistentLevel.BP_OldTree_C_UAID_30D042E8BB1682DF01_1757633549
 |   |- Actor Package: /Game/__ExternalActors__/OldInstance/7/G6/4JPVM3HNJSUPO70N57KYV4
 |   |- Actor Path: /Game/UEDPIE_0_OldInstance_LevelInstance_154.OldInstance:PersistentLevel.BP_OldTree_C_UAID_30D042E8BB1682DF01_1783003561
 |   |- Actor Package: /Game/__ExternalActors__/OldInstance/7/2Z/9M5CZ96F62DIWFGS8V75GG
 |   |- Actor Path: /Game/UEDPIE_0_OldInstance_LevelInstance_154.OldInstance:PersistentLevel.BP_OldTree_C_UAID_30D042E8BB1682DF01_1877233569
 |   |- Actor Package: /Game/__ExternalActors__/OldInstance/7/1A/U2GY96XXA5LDXC3K81STP9
 |   |- Actor Path: /Game/UEDPIE_0_OldInstance_LevelInstance_154.OldInstance:PersistentLevel.BP_OldTree_C_UAID_30D042E8BB1682DF01_1767465558
 |   |- Actor Package: /Game/__ExternalActors__/OldInstance/B/IQ/XZOAUUN61RWQB9I8FDO8XR
 |   |- Actor Path: /Game/UEDPIE_0_OldInstance_LevelInstance_154.OldInstance:PersistentLevel.BP_OldTree_C_UAID_30D042E8BB1682DF01_1745518547
 |   |- Actor Package: /Game/__ExternalActors__/OldInstance/C/BW/JWCCZUTPXHTBDDT9H6BGPY
 |   |- Actor Path: /Game/UEDPIE_0_OldInstance_LevelInstance_154.OldInstance:PersistentLevel.BP_OldTree_C_UAID_30D042E8BB167EDF01_1630389887
 |   |- Actor Package: /Game/__ExternalActors__/OldInstance/D/TC/MV9U24IKGLALUJOQHOZDMH
 |   |- Actor Path: /Game/UEDPIE_0_OldInstance_LevelInstance_154.OldInstance:PersistentLevel.BP_OldTree_C_UAID_30D042E8BB1682DF01_1716281538
 |   |- Actor Package: /Game/__ExternalActors__/OldInstance/D/N5/Z8QYHVPG2W6LBX4K4SWIR3
 |   |- Actor Path: /Game/UEDPIE_0_OldInstance_LevelInstance_154.OldInstance:PersistentLevel.BP_OldTree_C_UAID_30D042E8BB1682DF01_1725812540
 |   |- Actor Package: /Game/__ExternalActors__/OldInstance/D/XQ/D8J1HQ6QUE6FMQ9NE2KUJL
 |   |- Actor Path: /Game/UEDPIE_0_OldInstance_LevelInstance_154.OldInstance:PersistentLevel.BP_OldTree_C_UAID_30D042E8BB1682DF01_1745515545
 |   |- Actor Package: /Game/__ExternalActors__/OldInstance/E/WF/9UO9PIJ05044TNML4D75EB
 |   |- Actor Path: /Game/UEDPIE_0_OldInstance_LevelInstance_154.OldInstance:PersistentLevel.BP_OldTree_C_UAID_30D042E8BB1682DF01_1745520548
 |   |- Actor Package: /Game/__ExternalActors__/OldInstance/E/PP/MMMI3Q1PTRHHZ1MPIX46W8
 |   |- Actor Path: /Game/UEDPIE_0_OldInstance_LevelInstance_154.OldInstance:PersistentLevel.BP_OldTree_C_UAID_30D042E8BB1682DF01_1757635550
 |   |- Actor Package: /Game/__ExternalActors__/OldInstance/E/UY/DF4F4GC0ONMPCJ76ZA9ISI
 |   |- Actor Path: /Game/UEDPIE_0_OldInstance_LevelInstance_154.OldInstance:PersistentLevel.BP_OldTree_C_UAID_30D042E8BB1682DF01_1757640553
 |   |- Actor Package: /Game/__ExternalActors__/OldInstance/E/EL/HDSB56R78NRMHAX0ZK37US
 |   |- Actor Path: /Game/UEDPIE_0_OldInstance_LevelInstance_154.OldInstance:PersistentLevel.OldInstance_C_UAID_30D042E8BB167EDF01_1630387886
 |   |- Actor Package: /Game/__ExternalActors__/OldInstance/F/3V/ZRSW6DLDJBZMZZT5OSF18V
 |   |- Actor Path: /Game/UEDPIE_0_OldInstance_LevelInstance_154.OldInstance:PersistentLevel.BP_OldTree_C_UAID_30D042E8BB1682DF01_1683093527
 |   |- Actor Package: /Game/__ExternalActors__/OldInstance/9/GL/5G2C6SBA0NZTO3SSDDVYQB
 |   |- Actor Path: /Game/UEDPIE_0_OldInstance_LevelInstance_154.OldInstance:PersistentLevel.BP_OldTree_C_UAID_30D042E8BB1682DF01_1721918539
 |   |- Actor Package: /Game/__ExternalActors__/OldInstance/9/YC/ABWGAMFF5C8NZKRBG0BCAN
 |   |- Actor Path: /Game/UEDPIE_0_OldInstance_LevelInstance_154.OldInstance:PersistentLevel.BP_OldTree_C_UAID_30D042E8BB1682DF01_1757637551
 |   |- Actor Package: /Game/__ExternalActors__/OldInstance/9/3G/NYY6F3KVLSFNYKG6DTNVSC
 |   |- Actor Path: /Game/UEDPIE_0_OldInstance_LevelInstance_154.OldInstance:PersistentLevel.BP_OldTree_C_UAID_30D042E8BB1682DF01_1757639552
 |   |- Actor Package: /Game/__ExternalActors__/OldInstance/9/V0/YEM0455M0ESK1Z6YXJ0RDS
 |   |- Actor Path: /Game/UEDPIE_0_OldInstance_LevelInstance_154.OldInstance:PersistentLevel.BP_OldTree_C_UAID_30D042E8BB1682DF01_1757642554
 |   |- Actor Package: /Game/__ExternalActors__/OldInstance/9/KW/F5CR1PVMAJNFG2MYVOECL4
 |   |- Actor Path: /Game/UEDPIE_0_OldInstance_LevelInstance_154.OldInstance:PersistentLevel.BP_OldTree_C_UAID_30D042E8BB1682DF01_1872985568
 |   |- Actor Package: /Game/__ExternalActors__/OldInstance/9/76/8396Q5F8F2BJM7JFCSSUAU
 |   |- Actor Path: /Game/UEDPIE_0_OldInstance_LevelInstance_154.OldInstance:PersistentLevel.BP_OldTree_C_UAID_30D042E8BB1682DF01_1688945528
 |   |- Actor Package: /Game/__ExternalActors__/OldInstance/A/2V/XFPK72M45BPN67CMKF1KNC
 |   |- Actor Path: /Game/UEDPIE_0_OldInstance_LevelInstance_154.OldInstance:PersistentLevel.BP_OldTree_C_UAID_30D042E8BB1682DF01_1767468560
 |   |- Actor Package: /Game/__ExternalActors__/OldInstance/A/P5/QWIA8ODK8B2BX9KKB9S7J4
 |   |- Actor Path: /Game/UEDPIE_0_OldInstance_LevelInstance_154.OldInstance:PersistentLevel.BP_OldTree_C_UAID_30D042E8BB1682DF01_1692477529
 |   |- Actor Package: /Game/__ExternalActors__/OldInstance/8/FD/WEAYUHO5IW3F5YO04BBNGF
 |   |- Actor Path: /Game/UEDPIE_0_OldInstance_LevelInstance_154.OldInstance:PersistentLevel.BP_OldTree_C_UAID_30D042E8BB1682DF01_1745513544
 |   |- Actor Package: /Game/__ExternalActors__/OldInstance/8/S2/MOLCB2VKB86VSGXN7QI9DX
 |   |- Actor Path: /Game/UEDPIE_0_OldInstance_LevelInstance_154.OldInstance:PersistentLevel.BP_OldTree_C_UAID_30D042E8BB1682DF01_1745517546
 |   |- Actor Package: /Game/__ExternalActors__/OldInstance/8/7L/JI8XAF9U7IZL9K5QCV7LS1
 |   |- Actor Path: /Game/UEDPIE_0_OldInstance_LevelInstance_154.OldInstance:PersistentLevel.BP_OldTree_C_UAID_30D042E8BB1682DF01_1767463556
 |   |- Actor Package: /Game/__ExternalActors__/OldInstance/0/84/IZNBLOOMOQGXI40SIR98LE

