[+] Containers:
 |- [+] Container: /Game/ThirdPerson/Maps/ThirdPersonMap
 |   |- [+] ActorDescs:
 |   |   |- Guid:2FB58999456391D349DC0F86DAC136ED BaseClass: NativeClass:/Script/Engine.SkyLight Name:SkyLight_1 Label:SkyLight SpatiallyLoaded:0 Bounds:IsValid=true, Min=(X=0.000 Y=0.000 Z=690.000), Max=(X=0.000 Y=0.000 Z=690.000) RuntimeGrid:None EditorOnly:0 RuntimeOnly:0 HLODRelevant:0 FolderPath:Lighting FolderGuid:963EC3EB4002CCE9759E2EBA541A873A
 |   |   |- Guid:316CF2A6494ACA4C0E4180A87D36AB8F BaseClass: NativeClass:/Script/Engine.ExponentialHeightFog Name:ExponentialHeightFog_0 Label:ExponentialHeightFog SpatiallyLoaded:0 Bounds:IsValid=true, Min=(X=-5600.000 Y=-50.000 Z=-6850.000), Max=(X=-5600.000 Y=-50.000 Z=-6850.000) RuntimeGrid:None EditorOnly:0 RuntimeOnly:0 HLODRelevant:0 FolderPath:Lighting FolderGuid:963EC3EB4002CCE9759E2EBA541A873A
 |   |   |- Guid:3A00AA1C422CE54C0BDB60BAF471BFBB BaseClass: NativeClass:/Script/Engine.PlayerStart Name:PlayerStart_0 Label:PlayerStart SpatiallyLoaded:0 Bounds:IsValid=true, Min=(X=860.000 Y=1070.000 Z=0.013), Max=(X=940.000 Y=1150.000 Z=184.013) RuntimeGrid:None EditorOnly:0 RuntimeOnly:0 HLODRelevant:0
 |   |   |- Guid:4D3BE93F4146AAAC8BBE79999D96D57F BaseClass: NativeClass:/Script/Engine.VolumetricCloud Name:VolumetricCloud_0 Label:VolumetricCloud SpatiallyLoaded:0 Bounds:IsValid=true, Min=(X=0.000 Y=0.000 Z=820.000), Max=(X=0.000 Y=0.000 Z=820.000) RuntimeGrid:None EditorOnly:0 RuntimeOnly:0 HLODRelevant:0 FolderPath:Lighting FolderGuid:963EC3EB4002CCE9759E2EBA541A873A
 |   |   |- Guid:67239F574D3AE762EC9560AF716A6AC5 BaseClass:/Game/ThirdPerson/Blueprints/BP_Test1.BP_Test1_C NativeClass:/Script/Engine.Actor Name:BP_Test1_C_UAID_30D042E8BB167BDF01_1605685307 Label:BP_Test1 SpatiallyLoaded:1 Bounds:IsValid=true, Min=(X=1580.000 Y=2350.000 Z=40.000), Max=(X=1680.000 Y=2450.000 Z=140.000) RuntimeGrid:None EditorOnly:0 RuntimeOnly:0 HLODRelevant:0
 |   |   |- Guid:6BAF4DDD444C60371492D3919DB42C97 BaseClass: NativeClass:/Script/Engine.WorldDataLayers Name:WorldDataLayers Label:WorldDataLayers SpatiallyLoaded:0 Bounds:IsValid=true, Min=(X=0.000 Y=0.000 Z=0.000), Max=(X=0.000 Y=0.000 Z=0.000) RuntimeGrid:None EditorOnly:0 RuntimeOnly:0 HLODRelevant:0
 |   |   |- Guid:B785ED2844B84CFB91E7F39FE661CD99 BaseClass: NativeClass:/Script/Engine.DirectionalLight Name:DirectionalLight_0 Label:DirectionalLight SpatiallyLoaded:0 Bounds:IsValid=true, Min=(X=-1048576.000 Y=-1048576.000 Z=-1048576.000), Max=(X=1048576.000 Y=1048576.000 Z=1048576.000) RuntimeGrid:None EditorOnly:0 RuntimeOnly:0 HLODRelevant:0 FolderPath:Lighting FolderGuid:963EC3EB4002CCE9759E2EBA541A873A
 |   |   |- Guid:CCFF262C46EEFFDF319E7F9539CE697E BaseClass: NativeClass:/Script/Engine.SkyAtmosphere Name:SkyAtmosphere_0 Label:SkyAtmosphere SpatiallyLoaded:0 Bounds:IsValid=true, Min=(X=0.000 Y=0.000 Z=1020.000), Max=(X=0.000 Y=0.000 Z=1020.000) RuntimeGrid:None EditorOnly:0 RuntimeOnly:0 HLODRelevant:0 FolderPath:Lighting FolderGuid:963EC3EB4002CCE9759E2EBA541A873A
 |   |   |- Guid:EC4E0C944CE6AC6E784BC6BB2916EA13 BaseClass: NativeClass:/Script/Engine.StaticMeshActor Name:StaticMeshActor_UAID_A4AE111137DC5EFB00_1110535423 Label:SM_SkySphere SpatiallyLoaded:0 Bounds:IsValid=true, Min=(X=-1638400.000 Y=-1638400.000 Z=-1638400.000), Max=(X=1638400.000 Y=1638400.000 Z=1638400.000) RuntimeGrid:None EditorOnly:0 RuntimeOnly:0 HLODRelevant:1 FolderPath:Lighting FolderGuid:963EC3EB4002CCE9759E2EBA541A873A
 |   |   |- Guid:F1924B8D48954B30891B2DB6A694F9CC BaseClass: NativeClass:/Script/Engine.StaticMeshActor Name:StaticMeshActor_1 Label:SM_Cube SpatiallyLoaded:1 Bounds:IsValid=true, Min=(X=60.000 Y=0.000 Z=-50.000), Max=(X=3635.000 Y=3500.000 Z=0.000) RuntimeGrid:None EditorOnly:0 RuntimeOnly:0 HLODRelevant:1 FolderPath:Playground FolderGuid:C73F09FC4215536B1DCE2A9E0A830C70
 |   |   |- Guid:F5E3FEB3450C49844FD93DA8E083C8AD BaseClass: NativeClass:/Script/Engine.PostProcessVolume Name:PostProcessVolume_0 Label:PostProcessVolume SpatiallyLoaded:0 Bounds:IsValid=true, Min=(X=0.000 Y=0.000 Z=400.000), Max=(X=200.000 Y=200.000 Z=600.000) RuntimeGrid:None EditorOnly:0 RuntimeOnly:0 HLODRelevant:0 FolderPath:Lighting FolderGuid:963EC3EB4002CCE9759E2EBA541A873A
 |   |- [+] Clusters:
 |   |   |- [+] [  0]
 |   |   |   |- Guid:6BAF4DDD444C60371492D3919DB42C97 BaseClass: NativeClass:/Script/Engine.WorldDataLayers Name:WorldDataLayers Label:WorldDataLayers SpatiallyLoaded:0 Bounds:IsValid=true, Min=(X=0.000 Y=0.000 Z=0.000), Max=(X=0.000 Y=0.000 Z=0.000) RuntimeGrid:None EditorOnly:0 RuntimeOnly:0 HLODRelevant:0
 |   |   |- [+] [  1]
 |   |   |   |- Guid:F5E3FEB3450C49844FD93DA8E083C8AD BaseClass: NativeClass:/Script/Engine.PostProcessVolume Name:PostProcessVolume_0 Label:PostProcessVolume SpatiallyLoaded:0 Bounds:IsValid=true, Min=(X=0.000 Y=0.000 Z=400.000), Max=(X=200.000 Y=200.000 Z=600.000) RuntimeGrid:None EditorOnly:0 RuntimeOnly:0 HLODRelevant:0 FolderPath:Lighting FolderGuid:963EC3EB4002CCE9759E2EBA541A873A
 |   |   |- [+] [  2]
 |   |   |   |- Guid:4D3BE93F4146AAAC8BBE79999D96D57F BaseClass: NativeClass:/Script/Engine.VolumetricCloud Name:VolumetricCloud_0 Label:VolumetricCloud SpatiallyLoaded:0 Bounds:IsValid=true, Min=(X=0.000 Y=0.000 Z=820.000), Max=(X=0.000 Y=0.000 Z=820.000) RuntimeGrid:None EditorOnly:0 RuntimeOnly:0 HLODRelevant:0 FolderPath:Lighting FolderGuid:963EC3EB4002CCE9759E2EBA541A873A
 |   |   |- [+] [  3]
 |   |   |   |- Guid:CCFF262C46EEFFDF319E7F9539CE697E BaseClass: NativeClass:/Script/Engine.SkyAtmosphere Name:SkyAtmosphere_0 Label:SkyAtmosphere SpatiallyLoaded:0 Bounds:IsValid=true, Min=(X=0.000 Y=0.000 Z=1020.000), Max=(X=0.000 Y=0.000 Z=1020.000) RuntimeGrid:None EditorOnly:0 RuntimeOnly:0 HLODRelevant:0 FolderPath:Lighting FolderGuid:963EC3EB4002CCE9759E2EBA541A873A
 |   |   |- [+] [  4]
 |   |   |   |- Guid:EC4E0C944CE6AC6E784BC6BB2916EA13 BaseClass: NativeClass:/Script/Engine.StaticMeshActor Name:StaticMeshActor_UAID_A4AE111137DC5EFB00_1110535423 Label:SM_SkySphere SpatiallyLoaded:0 Bounds:IsValid=true, Min=(X=-1638400.000 Y=-1638400.000 Z=-1638400.000), Max=(X=1638400.000 Y=1638400.000 Z=1638400.000) RuntimeGrid:None EditorOnly:0 RuntimeOnly:0 HLODRelevant:1 FolderPath:Lighting FolderGuid:963EC3EB4002CCE9759E2EBA541A873A
 |   |   |- [+] [  5]
 |   |   |   |- Guid:B785ED2844B84CFB91E7F39FE661CD99 BaseClass: NativeClass:/Script/Engine.DirectionalLight Name:DirectionalLight_0 Label:DirectionalLight SpatiallyLoaded:0 Bounds:IsValid=true, Min=(X=-1048576.000 Y=-1048576.000 Z=-1048576.000), Max=(X=1048576.000 Y=1048576.000 Z=1048576.000) RuntimeGrid:None EditorOnly:0 RuntimeOnly:0 HLODRelevant:0 FolderPath:Lighting FolderGuid:963EC3EB4002CCE9759E2EBA541A873A
 |   |   |- [+] [  6]
 |   |   |   |- Guid:316CF2A6494ACA4C0E4180A87D36AB8F BaseClass: NativeClass:/Script/Engine.ExponentialHeightFog Name:ExponentialHeightFog_0 Label:ExponentialHeightFog SpatiallyLoaded:0 Bounds:IsValid=true, Min=(X=-5600.000 Y=-50.000 Z=-6850.000), Max=(X=-5600.000 Y=-50.000 Z=-6850.000) RuntimeGrid:None EditorOnly:0 RuntimeOnly:0 HLODRelevant:0 FolderPath:Lighting FolderGuid:963EC3EB4002CCE9759E2EBA541A873A
 |   |   |- [+] [  7]
 |   |   |   |- Guid:F1924B8D48954B30891B2DB6A694F9CC BaseClass: NativeClass:/Script/Engine.StaticMeshActor Name:StaticMeshActor_1 Label:SM_Cube SpatiallyLoaded:1 Bounds:IsValid=true, Min=(X=60.000 Y=0.000 Z=-50.000), Max=(X=3635.000 Y=3500.000 Z=0.000) RuntimeGrid:None EditorOnly:0 RuntimeOnly:0 HLODRelevant:1 FolderPath:Playground FolderGuid:C73F09FC4215536B1DCE2A9E0A830C70
 |   |   |- [+] [  8]
 |   |   |   |- Guid:2FB58999456391D349DC0F86DAC136ED BaseClass: NativeClass:/Script/Engine.SkyLight Name:SkyLight_1 Label:SkyLight SpatiallyLoaded:0 Bounds:IsValid=true, Min=(X=0.000 Y=0.000 Z=690.000), Max=(X=0.000 Y=0.000 Z=690.000) RuntimeGrid:None EditorOnly:0 RuntimeOnly:0 HLODRelevant:0 FolderPath:Lighting FolderGuid:963EC3EB4002CCE9759E2EBA541A873A
 |   |   |- [+] [  9]
 |   |   |   |- Guid:3A00AA1C422CE54C0BDB60BAF471BFBB BaseClass: NativeClass:/Script/Engine.PlayerStart Name:PlayerStart_0 Label:PlayerStart SpatiallyLoaded:0 Bounds:IsValid=true, Min=(X=860.000 Y=1070.000 Z=0.013), Max=(X=940.000 Y=1150.000 Z=184.013) RuntimeGrid:None EditorOnly:0 RuntimeOnly:0 HLODRelevant:0
 |   |   |- [+] [ 10]
 |   |   |   |- Guid:67239F574D3AE762EC9560AF716A6AC5 BaseClass:/Game/ThirdPerson/Blueprints/BP_Test1.BP_Test1_C NativeClass:/Script/Engine.Actor Name:BP_Test1_C_UAID_30D042E8BB167BDF01_1605685307 Label:BP_Test1 SpatiallyLoaded:1 Bounds:IsValid=true, Min=(X=1580.000 Y=2350.000 Z=40.000), Max=(X=1680.000 Y=2450.000 Z=140.000) RuntimeGrid:None EditorOnly:0 RuntimeOnly:0 HLODRelevant:0
 |- [+] Container: /Game/NewInstance
 |   |- [+] ActorDescs:
 |   |   |- Guid:03886A194E1EBCC23945A7ABA23A69B3 BaseClass:/Game/ThirdPerson/Blueprints/BP_NewTree.BP_NewTree_C NativeClass:/Script/Engine.Actor Name:BP_NewTree_C_UAID_30D042E8BB167BDF01_1882901311 Label:BP_NewTree3 SpatiallyLoaded:1 Bounds:IsValid=true, Min=(X=-257.500 Y=-1417.500 Z=-7.000), Max=(X=-82.500 Y=-1242.500 Z=279.250) RuntimeGrid:None EditorOnly:0 RuntimeOnly:0 HLODRelevant:0
 |   |   |- Guid:2C9F3FFE4A53B1D9D3546BBC4AE42749 BaseClass:/Game/ThirdPerson/Blueprints/BP_NewTree.BP_NewTree_C NativeClass:/Script/Engine.Actor Name:BP_NewTree_C_UAID_30D042E8BB167BDF01_1886950312 Label:BP_NewTree4 SpatiallyLoaded:1 Bounds:IsValid=true, Min=(X=-127.500 Y=-847.500 Z=-17.000), Max=(X=47.500 Y=-672.500 Z=269.250) RuntimeGrid:None EditorOnly:0 RuntimeOnly:0 HLODRelevant:0
 |   |   |- Guid:2CD0AE2C43CB211CED30EDB91DE0AC8B BaseClass:/Game/ThirdPerson/Blueprints/BP_Test2.BP_Test2_C NativeClass:/Script/Engine.Actor Name:BP_Test2_C_UAID_30D042E8BB167BDF01_1299058305 Label:BP_Test4 SpatiallyLoaded:1 Bounds:IsValid=true, Min=(X=-50.000 Y=-50.000 Z=78.000), Max=(X=50.000 Y=50.000 Z=178.000) RuntimeGrid:None EditorOnly:0 RuntimeOnly:0 HLODRelevant:0
 |   |   |- Guid:3C3ACAB84862227E7EBDF2AA5802288F BaseClass:/Game/ThirdPerson/Blueprints/BP_NewTree.BP_NewTree_C NativeClass:/Script/Engine.Actor Name:BP_NewTree_C_UAID_30D042E8BB167BDF01_1875376309 Label:BP_NewTree SpatiallyLoaded:1 Bounds:IsValid=true, Min=(X=42.500 Y=-1017.500 Z=-7.000), Max=(X=217.500 Y=-842.500 Z=279.250) RuntimeGrid:None EditorOnly:0 RuntimeOnly:0 HLODRelevant:0
 |   |   |- Guid:53FDE3BA4A455C36017FA7B018F9E56D BaseClass:/Game/ThirdPerson/Blueprints/BP_Test1.BP_Test1_C NativeClass:/Script/Engine.Actor Name:BP_Test1_C_UAID_30D042E8BB167BDF01_1628907308 Label:BP_Test3 SpatiallyLoaded:1 Bounds:IsValid=true, Min=(X=120.000 Y=-620.000 Z=38.000), Max=(X=220.000 Y=-520.000 Z=138.000) RuntimeGrid:None EditorOnly:0 RuntimeOnly:0 HLODRelevant:0
 |   |   |- Guid:7FC209FA4607EEA3BD8C39A6EE77D0EC BaseClass:/Game/ThirdPerson/Blueprints/BP_NewTree.BP_NewTree_C NativeClass:/Script/Engine.Actor Name:BP_NewTree_C_UAID_30D042E8BB167BDF01_1879281310 Label:BP_NewTree2 SpatiallyLoaded:1 Bounds:IsValid=true, Min=(X=-7.500 Y=-1287.500 Z=-7.000), Max=(X=167.500 Y=-1112.500 Z=279.250) RuntimeGrid:None EditorOnly:0 RuntimeOnly:0 HLODRelevant:0
 |   |- [+] Clusters:
 |   |   |- [+] [  0]
 |   |   |   |- Guid:2CD0AE2C43CB211CED30EDB91DE0AC8B BaseClass:/Game/ThirdPerson/Blueprints/BP_Test2.BP_Test2_C NativeClass:/Script/Engine.Actor Name:BP_Test2_C_UAID_30D042E8BB167BDF01_1299058305 Label:BP_Test4 SpatiallyLoaded:1 Bounds:IsValid=true, Min=(X=-50.000 Y=-50.000 Z=78.000), Max=(X=50.000 Y=50.000 Z=178.000) RuntimeGrid:None EditorOnly:0 RuntimeOnly:0 HLODRelevant:0
 |   |   |- [+] [  1]
 |   |   |   |- Guid:53FDE3BA4A455C36017FA7B018F9E56D BaseClass:/Game/ThirdPerson/Blueprints/BP_Test1.BP_Test1_C NativeClass:/Script/Engine.Actor Name:BP_Test1_C_UAID_30D042E8BB167BDF01_1628907308 Label:BP_Test3 SpatiallyLoaded:1 Bounds:IsValid=true, Min=(X=120.000 Y=-620.000 Z=38.000), Max=(X=220.000 Y=-520.000 Z=138.000) RuntimeGrid:None EditorOnly:0 RuntimeOnly:0 HLODRelevant:0
 |   |   |- [+] [  2]
 |   |   |   |- Guid:2C9F3FFE4A53B1D9D3546BBC4AE42749 BaseClass:/Game/ThirdPerson/Blueprints/BP_NewTree.BP_NewTree_C NativeClass:/Script/Engine.Actor Name:BP_NewTree_C_UAID_30D042E8BB167BDF01_1886950312 Label:BP_NewTree4 SpatiallyLoaded:1 Bounds:IsValid=true, Min=(X=-127.500 Y=-847.500 Z=-17.000), Max=(X=47.500 Y=-672.500 Z=269.250) RuntimeGrid:None EditorOnly:0 RuntimeOnly:0 HLODRelevant:0
 |   |   |- [+] [  3]
 |   |   |   |- Guid:3C3ACAB84862227E7EBDF2AA5802288F BaseClass:/Game/ThirdPerson/Blueprints/BP_NewTree.BP_NewTree_C NativeClass:/Script/Engine.Actor Name:BP_NewTree_C_UAID_30D042E8BB167BDF01_1875376309 Label:BP_NewTree SpatiallyLoaded:1 Bounds:IsValid=true, Min=(X=42.500 Y=-1017.500 Z=-7.000), Max=(X=217.500 Y=-842.500 Z=279.250) RuntimeGrid:None EditorOnly:0 RuntimeOnly:0 HLODRelevant:0
 |   |   |- [+] [  4]
 |   |   |   |- Guid:03886A194E1EBCC23945A7ABA23A69B3 BaseClass:/Game/ThirdPerson/Blueprints/BP_NewTree.BP_NewTree_C NativeClass:/Script/Engine.Actor Name:BP_NewTree_C_UAID_30D042E8BB167BDF01_1882901311 Label:BP_NewTree3 SpatiallyLoaded:1 Bounds:IsValid=true, Min=(X=-257.500 Y=-1417.500 Z=-7.000), Max=(X=-82.500 Y=-1242.500 Z=279.250) RuntimeGrid:None EditorOnly:0 RuntimeOnly:0 HLODRelevant:0
 |   |   |- [+] [  5]
 |   |   |   |- Guid:7FC209FA4607EEA3BD8C39A6EE77D0EC BaseClass:/Game/ThirdPerson/Blueprints/BP_NewTree.BP_NewTree_C NativeClass:/Script/Engine.Actor Name:BP_NewTree_C_UAID_30D042E8BB167BDF01_1879281310 Label:BP_NewTree2 SpatiallyLoaded:1 Bounds:IsValid=true, Min=(X=-7.500 Y=-1287.500 Z=-7.000), Max=(X=167.500 Y=-1112.500 Z=279.250) RuntimeGrid:None EditorOnly:0 RuntimeOnly:0 HLODRelevant:0
 |- [+] Container: /Game/OldInstance
 |   |- [+] ActorDescs:
 |   |   |- Guid:46BF2089486462BE7C2009BAB33D6DF1 BaseClass:/Game/ThirdPerson/Blueprints/BP_OldTree.BP_OldTree_C NativeClass:/Script/Engine.Actor Name:BP_OldTree_C_UAID_30D042E8BB167BDF01_1904565313 Label:BP_OldTree SpatiallyLoaded:1 Bounds:IsValid=true, Min=(X=-580.000 Y=-396.250 Z=18.000), Max=(X=-380.000 Y=-183.750 Z=378.000) RuntimeGrid:None EditorOnly:0 RuntimeOnly:0 HLODRelevant:0
 |   |   |- Guid:7B42DEFE4956AAC5CC299A9E139AA464 BaseClass:/Game/ThirdPerson/Blueprints/BP_OldTree.BP_OldTree_C NativeClass:/Script/Engine.Actor Name:BP_OldTree_C_UAID_30D042E8BB167BDF01_1908121314 Label:BP_OldTree2 SpatiallyLoaded:1 Bounds:IsValid=true, Min=(X=-660.000 Y=-76.250 Z=38.000), Max=(X=-460.000 Y=136.250 Z=398.000) RuntimeGrid:None EditorOnly:0 RuntimeOnly:0 HLODRelevant:0
 |   |   |- Guid:830994EE4CF72FAE91B88280600386E3 BaseClass:/Game/ThirdPerson/Blueprints/BP_Test1.BP_Test1_C NativeClass:/Script/Engine.Actor Name:BP_Test1_C_UAID_30D042E8BB167BDF01_1281925301 Label:BP_Test2 SpatiallyLoaded:1 Bounds:IsValid=true, Min=(X=-50.000 Y=-50.000 Z=78.000), Max=(X=50.000 Y=50.000 Z=178.000) RuntimeGrid:None EditorOnly:0 RuntimeOnly:0 HLODRelevant:0
 |   |   |- Guid:956D4890499C378FFA0ADEB7A77AA4CA BaseClass:/Game/ThirdPerson/Blueprints/BP_OldTree.BP_OldTree_C NativeClass:/Script/Engine.Actor Name:BP_OldTree_C_UAID_30D042E8BB167BDF01_1910603315 Label:BP_OldTree3 SpatiallyLoaded:1 Bounds:IsValid=true, Min=(X=-1030.000 Y=-146.250 Z=28.000), Max=(X=-830.000 Y=66.250 Z=388.000) RuntimeGrid:None EditorOnly:0 RuntimeOnly:0 HLODRelevant:0
 |   |   |- Guid:DEDD7272495A8C8F2CE76C96BC0D4319 BaseClass:/Game/ThirdPerson/Blueprints/BP_OldTree.BP_OldTree_C NativeClass:/Script/Engine.Actor Name:BP_OldTree_C_UAID_30D042E8BB167BDF01_1914069316 Label:BP_OldTree4 SpatiallyLoaded:1 Bounds:IsValid=true, Min=(X=-1260.000 Y=143.750 Z=18.000), Max=(X=-1060.000 Y=356.250 Z=378.000) RuntimeGrid:None EditorOnly:0 RuntimeOnly:0 HLODRelevant:0
 |   |- [+] Clusters:
 |   |   |- [+] [  0]
 |   |   |   |- Guid:830994EE4CF72FAE91B88280600386E3 BaseClass:/Game/ThirdPerson/Blueprints/BP_Test1.BP_Test1_C NativeClass:/Script/Engine.Actor Name:BP_Test1_C_UAID_30D042E8BB167BDF01_1281925301 Label:BP_Test2 SpatiallyLoaded:1 Bounds:IsValid=true, Min=(X=-50.000 Y=-50.000 Z=78.000), Max=(X=50.000 Y=50.000 Z=178.000) RuntimeGrid:None EditorOnly:0 RuntimeOnly:0 HLODRelevant:0
 |   |   |- [+] [  1]
 |   |   |   |- Guid:956D4890499C378FFA0ADEB7A77AA4CA BaseClass:/Game/ThirdPerson/Blueprints/BP_OldTree.BP_OldTree_C NativeClass:/Script/Engine.Actor Name:BP_OldTree_C_UAID_30D042E8BB167BDF01_1910603315 Label:BP_OldTree3 SpatiallyLoaded:1 Bounds:IsValid=true, Min=(X=-1030.000 Y=-146.250 Z=28.000), Max=(X=-830.000 Y=66.250 Z=388.000) RuntimeGrid:None EditorOnly:0 RuntimeOnly:0 HLODRelevant:0
 |   |   |- [+] [  2]
 |   |   |   |- Guid:46BF2089486462BE7C2009BAB33D6DF1 BaseClass:/Game/ThirdPerson/Blueprints/BP_OldTree.BP_OldTree_C NativeClass:/Script/Engine.Actor Name:BP_OldTree_C_UAID_30D042E8BB167BDF01_1904565313 Label:BP_OldTree SpatiallyLoaded:1 Bounds:IsValid=true, Min=(X=-580.000 Y=-396.250 Z=18.000), Max=(X=-380.000 Y=-183.750 Z=378.000) RuntimeGrid:None EditorOnly:0 RuntimeOnly:0 HLODRelevant:0
 |   |   |- [+] [  3]
 |   |   |   |- Guid:DEDD7272495A8C8F2CE76C96BC0D4319 BaseClass:/Game/ThirdPerson/Blueprints/BP_OldTree.BP_OldTree_C NativeClass:/Script/Engine.Actor Name:BP_OldTree_C_UAID_30D042E8BB167BDF01_1914069316 Label:BP_OldTree4 SpatiallyLoaded:1 Bounds:IsValid=true, Min=(X=-1260.000 Y=143.750 Z=18.000), Max=(X=-1060.000 Y=356.250 Z=378.000) RuntimeGrid:None EditorOnly:0 RuntimeOnly:0 HLODRelevant:0
 |   |   |- [+] [  4]
 |   |   |   |- Guid:7B42DEFE4956AAC5CC299A9E139AA464 BaseClass:/Game/ThirdPerson/Blueprints/BP_OldTree.BP_OldTree_C NativeClass:/Script/Engine.Actor Name:BP_OldTree_C_UAID_30D042E8BB167BDF01_1908121314 Label:BP_OldTree2 SpatiallyLoaded:1 Bounds:IsValid=true, Min=(X=-660.000 Y=-76.250 Z=38.000), Max=(X=-460.000 Y=136.250 Z=398.000) RuntimeGrid:None EditorOnly:0 RuntimeOnly:0 HLODRelevant:0
 |- ContainerInstances:
 |- [+] MainContainer:
 |   |-        ID: 0x0000000000000000
 |   |-    Bounds: IsValid=false, Min=(X=0.000 Y=0.000 Z=0.000), Max=(X=0.000 Y=0.000 Z=0.000)
 |   |- Transform: 0.000000,0.000000,0.000000|0.000000,0.000000,-0.000000|1.000000,1.000000,1.000000
 |   |- Container: /Game/ThirdPerson/Maps/ThirdPersonMap
 |- [+] SubContainers:
 |   |- [+] OldInstance:
 |   |   |-        ID: 0x399c36b24ed80495
 |   |   |-    Bounds: IsValid=false, Min=(X=0.000 Y=0.000 Z=0.000), Max=(X=0.000 Y=0.000 Z=0.000)
 |   |   |- Transform: 1950.000000,2150.000000,-28.000000|0.000000,0.000000,-0.000000|1.000000,1.000000,1.000000
 |   |   |- Container: /Game/OldInstance
 |   |- [+] NewInstance:
 |   |   |-        ID: 0x401c977aced3423b
 |   |   |-    Bounds: IsValid=false, Min=(X=0.000 Y=0.000 Z=0.000), Max=(X=0.000 Y=0.000 Z=0.000)
 |   |   |- Transform: 2010.000000,1830.000000,2.000000|0.000000,0.000000,-0.000000|1.000000,1.000000,1.000000
 |   |   |- Container: /Game/NewInstance
----------------------------------------------------------------------------------------------------------------
ThirdPersonMap - Persistent Level
----------------------------------------------------------------------------------------------------------------
Always loaded Actor Count: 24 

----------------------------------------------------------------------------------------------------------------
ThirdPersonMap - Runtime Spatial Hash - Streaming Grid - MainGrid
----------------------------------------------------------------------------------------------------------------
            Origin: X=0.000 Y=0.000 Z=0.000
         Cell Size: 12800
      World Bounds: IsValid=false, Min=(X=0.000 Y=0.000 Z=0.000), Max=(X=0.000 Y=0.000 Z=0.000)
     Loading Range: 25600.00
Block Slow Loading: No
 ClientOnlyVisible: No

[+] Grid Levels: 1
 |- Level  0: Cell Count    1 | Cell Size   12800 | Actor Count   11 (100.0%)

[+] Content of Grid Level 0
 |- [+] Content of Cell MainGrid_L0_X0_Y0
 |   |- Actor Count: 11
 |   |- Actor Path: /Game/NewInstance.NewInstance:PersistentLevel.BP_Test2_C_UAID_30D042E8BB167BDF01_1299058305
 |   |- Actor Package: /Game/__ExternalActors__/NewInstance/9/2W/EIMSO8F3GCPUCJ4WCUUY1M
 |   |- Actor Path: /Game/NewInstance.NewInstance:PersistentLevel.BP_Test1_C_UAID_30D042E8BB167BDF01_1628907308
 |   |- Actor Package: /Game/__ExternalActors__/NewInstance/0/S8/MJXAUPZXT3QFL6I2Z2GA5C
 |   |- Actor Path: /Game/NewInstance.NewInstance:PersistentLevel.BP_NewTree_C_UAID_30D042E8BB167BDF01_1886950312
 |   |- Actor Package: /Game/__ExternalActors__/NewInstance/B/7Q/2EWXN53JIP6S2YN7BLGGOR
 |   |- Actor Path: /Game/NewInstance.NewInstance:PersistentLevel.BP_NewTree_C_UAID_30D042E8BB167BDF01_1875376309
 |   |- Actor Package: /Game/__ExternalActors__/NewInstance/C/7K/RY2TOLCALAVAKXZ8I9JV2I
 |   |- Actor Path: /Game/NewInstance.NewInstance:PersistentLevel.BP_NewTree_C_UAID_30D042E8BB167BDF01_1882901311
 |   |- Actor Package: /Game/__ExternalActors__/NewInstance/8/NE/V0EL0F12L8WVBXG0Z7UDL5
 |   |- Actor Path: /Game/NewInstance.NewInstance:PersistentLevel.BP_NewTree_C_UAID_30D042E8BB167BDF01_1879281310
 |   |- Actor Package: /Game/__ExternalActors__/NewInstance/6/7A/RKI4KESPLVZV7R6OYCZUQH
 |   |- Actor Path: /Game/OldInstance.OldInstance:PersistentLevel.BP_Test1_C_UAID_30D042E8BB167BDF01_1281925301
 |   |- Actor Package: /Game/__ExternalActors__/OldInstance/1/6N/AXJ4YBKC5D0B9FC4ZKV6OZ
 |   |- Actor Path: /Game/OldInstance.OldInstance:PersistentLevel.BP_OldTree_C_UAID_30D042E8BB167BDF01_1910603315
 |   |- Actor Package: /Game/__ExternalActors__/OldInstance/5/PJ/QL74H290OWVXKSYYH3WEHM
 |   |- Actor Path: /Game/OldInstance.OldInstance:PersistentLevel.BP_OldTree_C_UAID_30D042E8BB167BDF01_1904565313
 |   |- Actor Package: /Game/__ExternalActors__/OldInstance/6/YS/EI91FQUGLYKLE1MLX5S64C
 |   |- Actor Path: /Game/OldInstance.OldInstance:PersistentLevel.BP_OldTree_C_UAID_30D042E8BB167BDF01_1914069316
 |   |- Actor Package: /Game/__ExternalActors__/OldInstance/E/GJ/ZBG6H64W3T2K2A0WCGP2CG
 |   |- Actor Path: /Game/OldInstance.OldInstance:PersistentLevel.BP_OldTree_C_UAID_30D042E8BB167BDF01_1908121314
 |   |- Actor Package: /Game/__ExternalActors__/OldInstance/D/S3/XQ9F9N0N6C5WCW8V0SDIY6

