[+] Containers:
 |- [+] Container: /Game/NewInstance
 |   |- [+] ActorDescs:
 |   |   |- Guid:022D80194AFA04C124681EA6BC94D1B0 BaseClass: NativeClass:/Script/Engine.StaticMeshActor Name:StaticMeshActor_UAID_30D042E8BB1684DF01_1171516976 Label:Building_Stuff_Building_Side8 SpatiallyLoaded:1 Bounds:IsValid=true, Min=(X=1240.000 Y=1460.000 Z=700.000), Max=(X=1540.000 Y=1760.000 Z=1000.000) RuntimeGrid:None EditorOnly:0 RuntimeOnly:0 HLODRelevant:1
 |   |   |- Guid:05402FFE4EAC45EF7F1C2BB0A16997ED BaseClass:/Game/ThirdPerson/Blueprints/BP_NewTree.BP_NewTree_C NativeClass:/Script/Engine.Actor Name:BP_NewTree_C_UAID_30D042E8BB167EDF01_1595439877 Label:BP_NewTree SpatiallyLoaded:1 Bounds:IsValid=true, Min=(X=1692.500 Y=1692.500 Z=-15.000), Max=(X=1867.500 Y=1867.500 Z=271.250) RuntimeGrid:None EditorOnly:0 RuntimeOnly:0 HLODRelevant:0
 |   |   |- Guid:0A346DC843334E636E400CB619E75A7D BaseClass: NativeClass:/Script/Engine.StaticMeshActor Name:StaticMeshActor_UAID_30D042E8BB1684DF01_1167383973 Label:Building_Stuff_Building_Middle3 SpatiallyLoaded:1 Bounds:IsValid=true, Min=(X=640.000 Y=1160.000 Z=1000.125), Max=(X=1540.000 Y=1460.000 Z=1300.125) RuntimeGrid:None EditorOnly:0 RuntimeOnly:0 HLODRelevant:1
 |   |   |- Guid:0C474E3D41B6DC3F1F8A8EA3D039EFEE BaseClass: NativeClass:/Script/Engine.StaticMeshActor Name:StaticMeshActor_UAID_30D042E8BB1684DF01_1083294958 Label:Building_Stuff_Building_Entrance SpatiallyLoaded:1 Bounds:IsValid=true, Min=(X=936.498 Y=409.339 Z=700.000), Max=(X=1243.294 Y=860.000 Z=1000.000) RuntimeGrid:None EditorOnly:0 RuntimeOnly:0 HLODRelevant:1
 |   |   |- Guid:12E9E4944AAA850EA8F344ABC9ABA795 BaseClass:/Game/ThirdPerson/Blueprints/BP_NewTree.BP_NewTree_C NativeClass:/Script/Engine.Actor Name:BP_NewTree_C_UAID_30D042E8BB1682DF01_2041276576 Label:BP_NewTree10 SpatiallyLoaded:1 Bounds:IsValid=true, Min=(X=2622.500 Y=192.500 Z=-15.000), Max=(X=2797.500 Y=367.500 Z=271.250) RuntimeGrid:None EditorOnly:0 RuntimeOnly:0 HLODRelevant:0
 |   |   |- Guid:1CE9C2034AB1F5CC1D81FCAA0ED583A5 BaseClass: NativeClass:/Script/Engine.StaticMeshActor Name:StaticMeshActor_UAID_30D042E8BB1684DF01_1104501960 Label:Building_Stuff_Building_Side2 SpatiallyLoaded:1 Bounds:IsValid=true, Min=(X=1240.000 Y=560.000 Z=700.000), Max=(X=1540.000 Y=860.000 Z=1000.000) RuntimeGrid:None EditorOnly:0 RuntimeOnly:0 HLODRelevant:1
 |   |   |- Guid:22E120A14AF1AF8D791CBC846A8B10EE BaseClass: NativeClass:/Script/Engine.StaticMeshActor Name:StaticMeshActor_UAID_30D042E8BB1684DF01_1171517977 Label:Building_Stuff_Building_Middle4 SpatiallyLoaded:1 Bounds:IsValid=true, Min=(X=640.000 Y=1460.000 Z=1000.125), Max=(X=1540.000 Y=1760.000 Z=1300.125) RuntimeGrid:None EditorOnly:0 RuntimeOnly:0 HLODRelevant:1
 |   |   |- Guid:2C40ECC94BB758037EB801BD118465C3 BaseClass:/Game/ThirdPerson/Blueprints/BP_NewTree.BP_NewTree_C NativeClass:/Script/Engine.Actor Name:BP_NewTree_C_UAID_30D042E8BB1682DF01_2061249585 Label:BP_NewTree19 SpatiallyLoaded:1 Bounds:IsValid=true, Min=(X=1602.500 Y=3112.500 Z=-15.000), Max=(X=1777.500 Y=3287.500 Z=271.250) RuntimeGrid:None EditorOnly:0 RuntimeOnly:0 HLODRelevant:0
 |   |   |- Guid:2C9BF98240DEB18383F925A884D80010 BaseClass:/Game/ThirdPerson/Blueprints/BP_NewTree.BP_NewTree_C NativeClass:/Script/Engine.Actor Name:BP_NewTree_C_UAID_30D042E8BB167EDF01_1595441878 Label:BP_NewTree2 SpatiallyLoaded:1 Bounds:IsValid=true, Min=(X=1192.500 Y=1612.500 Z=-15.000), Max=(X=1367.500 Y=1787.500 Z=271.250) RuntimeGrid:None EditorOnly:0 RuntimeOnly:0 HLODRelevant:0
 |   |   |- Guid:412C59C748D299CD9CAEF49AEDC2F1CE BaseClass:/Game/ThirdPerson/Blueprints/BP_NewTree.BP_NewTree_C NativeClass:/Script/Engine.Actor Name:BP_NewTree_C_UAID_30D042E8BB1682DF01_2041283580 Label:BP_NewTree14 SpatiallyLoaded:1 Bounds:IsValid=true, Min=(X=542.500 Y=142.500 Z=-15.000), Max=(X=717.500 Y=317.500 Z=271.250) RuntimeGrid:None EditorOnly:0 RuntimeOnly:0 HLODRelevant:0
 |   |   |- Guid:41EA6A504EA9CDD3001BC0B2F7D12908 BaseClass: NativeClass:/Script/Engine.StaticMeshActor Name:StaticMeshActor_UAID_30D042E8BB1684DF01_1167384974 Label:Building_Stuff_Building_Top3 SpatiallyLoaded:1 Bounds:IsValid=true, Min=(X=640.000 Y=1149.401 Z=1300.002), Max=(X=1540.000 Y=1460.000 Z=1608.912) RuntimeGrid:None EditorOnly:0 RuntimeOnly:0 HLODRelevant:1
 |   |   |- Guid:487D55014A027571750BFD9F8F3EA8C2 BaseClass: NativeClass:/Script/Engine.StaticMeshActor Name:StaticMeshActor_UAID_30D042E8BB1684DF01_1171514975 Label:Building_Stuff_Building_Side7 SpatiallyLoaded:1 Bounds:IsValid=true, Min=(X=640.000 Y=1460.000 Z=700.000), Max=(X=940.000 Y=1760.000 Z=1000.000) RuntimeGrid:None EditorOnly:0 RuntimeOnly:0 HLODRelevant:1
 |   |   |- Guid:49D1983244466018A69549A1C7AF2C85 BaseClass:/Game/ThirdPerson/Blueprints/BP_NewTree.BP_NewTree_C NativeClass:/Script/Engine.Actor Name:BP_NewTree_C_UAID_30D042E8BB1682DF01_2061242581 Label:BP_NewTree15 SpatiallyLoaded:1 Bounds:IsValid=true, Min=(X=182.500 Y=3162.500 Z=-15.000), Max=(X=357.500 Y=3337.500 Z=271.250) RuntimeGrid:None EditorOnly:0 RuntimeOnly:0 HLODRelevant:0
 |   |   |- Guid:522E45F04E0A4275958393B1710EC3E5 BaseClass: NativeClass:/Script/Engine.StaticMeshActor Name:StaticMeshActor_UAID_30D042E8BB1684DF01_1142612962 Label:Building_Stuff_Building_Top SpatiallyLoaded:1 Bounds:IsValid=true, Min=(X=640.000 Y=549.401 Z=1300.002), Max=(X=1540.000 Y=860.000 Z=1608.912) RuntimeGrid:None EditorOnly:0 RuntimeOnly:0 HLODRelevant:1
 |   |   |- Guid:5793C7A6407FDB4D19EC0493E7CD708A BaseClass:/Game/ThirdPerson/Blueprints/BP_NewTree.BP_NewTree_C NativeClass:/Script/Engine.Actor Name:BP_NewTree_C_UAID_30D042E8BB167EDF01_1595442879 Label:BP_NewTree3 SpatiallyLoaded:1 Bounds:IsValid=true, Min=(X=612.500 Y=1672.500 Z=-15.000), Max=(X=787.500 Y=1847.500 Z=271.250) RuntimeGrid:None EditorOnly:0 RuntimeOnly:0 HLODRelevant:0
 |   |   |- Guid:59CDEC6B4E2BB3CCAF46BF82CBC6289C BaseClass:/Game/ThirdPerson/Blueprints/BP_NewTree.BP_NewTree_C NativeClass:/Script/Engine.Actor Name:BP_NewTree_C_UAID_30D042E8BB1682DF01_2041280578 Label:BP_NewTree12 SpatiallyLoaded:1 Bounds:IsValid=true, Min=(X=1572.500 Y=172.500 Z=-15.000), Max=(X=1747.500 Y=347.500 Z=271.250) RuntimeGrid:None EditorOnly:0 RuntimeOnly:0 HLODRelevant:0
 |   |   |- Guid:5F7291684125E168EAA4679007A2AC75 BaseClass:/Game/ThirdPerson/Blueprints/BP_NewTree.BP_NewTree_C NativeClass:/Script/Engine.Actor Name:BP_NewTree_C_UAID_30D042E8BB1682DF01_2041282579 Label:BP_NewTree13 SpatiallyLoaded:1 Bounds:IsValid=true, Min=(X=1022.500 Y=92.500 Z=-15.000), Max=(X=1197.500 Y=267.500 Z=271.250) RuntimeGrid:None EditorOnly:0 RuntimeOnly:0 HLODRelevant:0
 |   |   |- Guid:74C2B9984126045880B688B1ACC6E304 BaseClass:/Game/ThirdPerson/Blueprints/BP_NewTree.BP_NewTree_C NativeClass:/Script/Engine.Actor Name:BP_NewTree_C_UAID_30D042E8BB1682DF01_1999062572 Label:BP_NewTree6 SpatiallyLoaded:1 Bounds:IsValid=true, Min=(X=3272.500 Y=1662.500 Z=-15.000), Max=(X=3447.500 Y=1837.500 Z=271.250) RuntimeGrid:None EditorOnly:0 RuntimeOnly:0 HLODRelevant:0
 |   |   |- Guid:76E5C88E4CA7071BEDF892874060FD58 BaseClass: NativeClass:/Script/Engine.StaticMeshActor Name:StaticMeshActor_UAID_30D042E8BB1684DF01_1117549961 Label:Building_Stuff_Building_Middle SpatiallyLoaded:1 Bounds:IsValid=true, Min=(X=640.000 Y=560.000 Z=1000.125), Max=(X=1540.000 Y=860.000 Z=1300.125) RuntimeGrid:None EditorOnly:0 RuntimeOnly:0 HLODRelevant:1
 |   |   |- Guid:8D36D4A342E847F0963DC7A18F8F7F90 BaseClass: NativeClass:/Script/Engine.StaticMeshActor Name:StaticMeshActor_UAID_30D042E8BB1684DF01_1297517981 Label:Building_Stuff_Bay_Window2 SpatiallyLoaded:1 Bounds:IsValid=true, Min=(X=977.227 Y=1710.000 Z=1330.000), Max=(X=1202.773 Y=1823.603 Z=1585.558) RuntimeGrid:None EditorOnly:0 RuntimeOnly:0 HLODRelevant:1
 |   |   |- Guid:8D9512E9432185AF779E0A8A29C86132 BaseClass: NativeClass:/Script/Engine.StaticMeshActor Name:StaticMeshActor_UAID_30D042E8BB1684DF01_1271019980 Label:Building_Stuff_Bay_Window SpatiallyLoaded:1 Bounds:IsValid=true, Min=(X=977.227 Y=1710.000 Z=1040.000), Max=(X=1202.773 Y=1823.603 Z=1295.558) RuntimeGrid:None EditorOnly:0 RuntimeOnly:0 HLODRelevant:1
 |   |   |- Guid:8EF76E6B4845EF80EE3B408CEA21E68A BaseClass: NativeClass:/Script/Engine.StaticMeshActor Name:StaticMeshActor_UAID_30D042E8BB1684DF01_1167380971 Label:Building_Stuff_Building_Side5 SpatiallyLoaded:1 Bounds:IsValid=true, Min=(X=640.000 Y=1160.000 Z=700.000), Max=(X=940.000 Y=1460.000 Z=1000.000) RuntimeGrid:None EditorOnly:0 RuntimeOnly:0 HLODRelevant:1
 |   |   |- Guid:910EB0C047CCA4AE76A434819D394CB3 BaseClass: NativeClass:/Script/Engine.StaticMeshActor Name:StaticMeshActor_UAID_30D042E8BB1684DF01_1167382972 Label:Building_Stuff_Building_Side6 SpatiallyLoaded:1 Bounds:IsValid=true, Min=(X=1240.000 Y=1160.000 Z=700.000), Max=(X=1540.000 Y=1460.000 Z=1000.000) RuntimeGrid:None EditorOnly:0 RuntimeOnly:0 HLODRelevant:1
 |   |   |- Guid:94E519D647331DA346C1F58A68D5D906 BaseClass:/Game/ThirdPerson/Blueprints/BP_NewTree.BP_NewTree_C NativeClass:/Script/Engine.Actor Name:BP_NewTree_C_UAID_30D042E8BB1682DF01_2061251587 Label:BP_NewTree21 SpatiallyLoaded:1 Bounds:IsValid=true, Min=(X=612.500 Y=3122.500 Z=-15.000), Max=(X=787.500 Y=3297.500 Z=271.250) RuntimeGrid:None EditorOnly:0 RuntimeOnly:0 HLODRelevant:0
 |   |   |- Guid:9B1D438C44B09879D841499D1D0638B1 BaseClass:/Game/ThirdPerson/Blueprints/BP_NewTree.BP_NewTree_C NativeClass:/Script/Engine.Actor Name:BP_NewTree_C_UAID_30D042E8BB1682DF01_2021911574 Label:BP_NewTree8 SpatiallyLoaded:1 Bounds:IsValid=true, Min=(X=172.500 Y=152.500 Z=-15.000), Max=(X=347.500 Y=327.500 Z=271.250) RuntimeGrid:None EditorOnly:0 RuntimeOnly:0 HLODRelevant:0
 |   |   |- Guid:A1466BFF4149C4A6569092AD091F77A8 BaseClass:/Game/ThirdPerson/Blueprints/BP_NewTree.BP_NewTree_C NativeClass:/Script/Engine.Actor Name:BP_NewTree_C_UAID_30D042E8BB1682DF01_1992408570 Label:BP_NewTree4 SpatiallyLoaded:1 Bounds:IsValid=true, Min=(X=2242.500 Y=1632.500 Z=-15.000), Max=(X=2417.500 Y=1807.500 Z=271.250) RuntimeGrid:None EditorOnly:0 RuntimeOnly:0 HLODRelevant:0
 |   |   |- Guid:A2C5F9704463A90900BA17B325BCEBCC BaseClass:/Game/ThirdPerson/Blueprints/BP_NewTree.BP_NewTree_C NativeClass:/Script/Engine.Actor Name:BP_NewTree_C_UAID_30D042E8BB1682DF01_2041278577 Label:BP_NewTree11 SpatiallyLoaded:1 Bounds:IsValid=true, Min=(X=3202.500 Y=132.500 Z=-15.000), Max=(X=3377.500 Y=307.500 Z=271.250) RuntimeGrid:None EditorOnly:0 RuntimeOnly:0 HLODRelevant:0
 |   |   |- Guid:AF2BCD1248E388D2FEC0AB950C1207D5 BaseClass: NativeClass:/Script/Engine.StaticMeshActor Name:StaticMeshActor_UAID_30D042E8BB1684DF01_1171518978 Label:Building_Stuff_Building_Top4 SpatiallyLoaded:1 Bounds:IsValid=true, Min=(X=640.000 Y=1460.000 Z=1300.002), Max=(X=1540.000 Y=1770.599 Z=1608.912) RuntimeGrid:None EditorOnly:0 RuntimeOnly:0 HLODRelevant:1
 |   |   |- Guid:BC161CA741A9B6340D75B2BCBA62CEDA BaseClass:/Game/ThirdPerson/Blueprints/BP_NewTree.BP_NewTree_C NativeClass:/Script/Engine.Actor Name:BP_NewTree_C_UAID_30D042E8BB1682DF01_2061250586 Label:BP_NewTree20 SpatiallyLoaded:1 Bounds:IsValid=true, Min=(X=1052.500 Y=3202.500 Z=-15.000), Max=(X=1227.500 Y=3377.500 Z=271.250) RuntimeGrid:None EditorOnly:0 RuntimeOnly:0 HLODRelevant:0
 |   |   |- Guid:BEB4DAD04815A738ED1D338FE5732A69 BaseClass: NativeClass:/Script/Engine.StaticMeshActor Name:StaticMeshActor_UAID_30D042E8BB1684DF01_1158967968 Label:Building_Stuff_Building_Side4 SpatiallyLoaded:1 Bounds:IsValid=true, Min=(X=1240.000 Y=860.000 Z=700.000), Max=(X=1540.000 Y=1160.000 Z=1000.000) RuntimeGrid:None EditorOnly:0 RuntimeOnly:0 HLODRelevant:1
 |   |   |- Guid:C2EE243E4DBA80967891B38DA61A90CB BaseClass: NativeClass:/Script/Engine.StaticMeshActor Name:StaticMeshActor_UAID_30D042E8BB1684DF01_1158969970 Label:Building_Stuff_Building_Top2 SpatiallyLoaded:1 Bounds:IsValid=true, Min=(X=640.000 Y=849.401 Z=1300.002), Max=(X=1540.000 Y=1160.000 Z=1608.912) RuntimeGrid:None EditorOnly:0 RuntimeOnly:0 HLODRelevant:1
 |   |   |- Guid:C5B05BBF47D4C7F48D31D896D1B21170 BaseClass: NativeClass:/Script/Engine.StaticMeshActor Name:StaticMeshActor_UAID_30D042E8BB1684DF01_1088242959 Label:Building_Stuff_Building_Side SpatiallyLoaded:1 Bounds:IsValid=true, Min=(X=640.000 Y=560.000 Z=700.000), Max=(X=940.000 Y=860.000 Z=1000.000) RuntimeGrid:None EditorOnly:0 RuntimeOnly:0 HLODRelevant:1
 |   |   |- Guid:CA01B356457671E1DCDA1FA775DB5C8D BaseClass:/Game/ThirdPerson/Blueprints/BP_NewTree.BP_NewTree_C NativeClass:/Script/Engine.Actor Name:BP_NewTree_C_UAID_30D042E8BB1682DF01_2061246583 Label:BP_NewTree17 SpatiallyLoaded:1 Bounds:IsValid=true, Min=(X=2632.500 Y=3202.500 Z=-15.000), Max=(X=2807.500 Y=3377.500 Z=271.250) RuntimeGrid:None EditorOnly:0 RuntimeOnly:0 HLODRelevant:0
 |   |   |- Guid:CD0C650849B368CDEFD5DDBB89679E6A BaseClass:/Game/ThirdPerson/Blueprints/BP_NewTree.BP_NewTree_C NativeClass:/Script/Engine.Actor Name:BP_NewTree_C_UAID_30D042E8BB1682DF01_2061245582 Label:BP_NewTree16 SpatiallyLoaded:1 Bounds:IsValid=true, Min=(X=2132.500 Y=3122.500 Z=-15.000), Max=(X=2307.500 Y=3297.500 Z=271.250) RuntimeGrid:None EditorOnly:0 RuntimeOnly:0 HLODRelevant:0
 |   |   |- Guid:D0DAF04A4000410CAD1599AEB496816F BaseClass:/Game/ThirdPerson/Blueprints/BP_NewTree.BP_NewTree_C NativeClass:/Script/Engine.Actor Name:BP_NewTree_C_UAID_30D042E8BB1682DF01_2061247584 Label:BP_NewTree18 SpatiallyLoaded:1 Bounds:IsValid=true, Min=(X=3212.500 Y=3142.500 Z=-15.000), Max=(X=3387.500 Y=3317.500 Z=271.250) RuntimeGrid:None EditorOnly:0 RuntimeOnly:0 HLODRelevant:0
 |   |   |- Guid:D1556A434044BC7BDB0DA2A31D033176 BaseClass:/Game/ThirdPerson/Blueprints/BP_NewTree.BP_NewTree_C NativeClass:/Script/Engine.Actor Name:BP_NewTree_C_UAID_30D042E8BB1682DF01_2015331573 Label:BP_NewTree7 SpatiallyLoaded:1 Bounds:IsValid=true, Min=(X=102.500 Y=1632.500 Z=-15.000), Max=(X=277.500 Y=1807.500 Z=271.250) RuntimeGrid:None EditorOnly:0 RuntimeOnly:0 HLODRelevant:0
 |   |   |- Guid:D1A306BC41040E93532C7A9CB135755B BaseClass: NativeClass:/Script/Engine.StaticMeshActor Name:StaticMeshActor_UAID_30D042E8BB1684DF01_1158965967 Label:Building_Stuff_Building_Side3 SpatiallyLoaded:1 Bounds:IsValid=true, Min=(X=640.000 Y=860.000 Z=700.000), Max=(X=940.000 Y=1160.000 Z=1000.000) RuntimeGrid:None EditorOnly:0 RuntimeOnly:0 HLODRelevant:1
 |   |   |- Guid:D7DBE3DE448A41C494C04FA7F48D2BA4 BaseClass: NativeClass:/Script/Engine.StaticMeshActor Name:StaticMeshActor_UAID_30D042E8BB1684DF01_1178822979 Label:Building_Stuff_Building_Entrance2 SpatiallyLoaded:1 Bounds:IsValid=true, Min=(X=936.706 Y=1460.000 Z=700.000), Max=(X=1243.502 Y=1910.661 Z=1000.000) RuntimeGrid:None EditorOnly:0 RuntimeOnly:0 HLODRelevant:1
 |   |   |- Guid:DE33328C4E85C7A4ED96D281DC8A51BF BaseClass:/Game/ThirdPerson/Blueprints/BP_NewTree.BP_NewTree_C NativeClass:/Script/Engine.Actor Name:BP_NewTree_C_UAID_30D042E8BB1682DF01_2041274575 Label:BP_NewTree9 SpatiallyLoaded:1 Bounds:IsValid=true, Min=(X=2122.500 Y=112.500 Z=-15.000), Max=(X=2297.500 Y=287.500 Z=271.250) RuntimeGrid:None EditorOnly:0 RuntimeOnly:0 HLODRelevant:0
 |   |   |- Guid:DFA4262E4ED74A782F64A485A828DC2C BaseClass: NativeClass:/Script/Engine.WorldDataLayers Name:WorldDataLayers Label:None SpatiallyLoaded:0 Bounds:IsValid=true, Min=(X=0.000 Y=0.000 Z=0.000), Max=(X=0.000 Y=0.000 Z=0.000) RuntimeGrid:None EditorOnly:0 RuntimeOnly:0 HLODRelevant:0
 |   |   |- Guid:EF2BBDAE4530C71C7B3A9797C82ACB1D BaseClass: NativeClass:/Script/Engine.StaticMeshActor Name:StaticMeshActor_UAID_30D042E8BB1684DF01_1158968969 Label:Building_Stuff_Building_Middle2 SpatiallyLoaded:1 Bounds:IsValid=true, Min=(X=640.000 Y=860.000 Z=1000.125), Max=(X=1540.000 Y=1160.000 Z=1300.125) RuntimeGrid:None EditorOnly:0 RuntimeOnly:0 HLODRelevant:1
 |   |   |- Guid:F7D9CF1542EFB0D6865C8E8DBEA14F26 BaseClass:/Game/ThirdPerson/Blueprints/BP_NewTree.BP_NewTree_C NativeClass:/Script/Engine.Actor Name:BP_NewTree_C_UAID_30D042E8BB1682DF01_1995269571 Label:BP_NewTree5 SpatiallyLoaded:1 Bounds:IsValid=true, Min=(X=2792.500 Y=1712.500 Z=-15.000), Max=(X=2967.500 Y=1887.500 Z=271.250) RuntimeGrid:None EditorOnly:0 RuntimeOnly:0 HLODRelevant:0
 |   |   |- Guid:FBB17814446CF3FB73DDCA9CF0CF71DD BaseClass:/Game/ThirdPerson/Blueprints/NewInstance.NewInstance_C NativeClass:/Script/Engine.Actor Name:NewInstance_C_UAID_30D042E8BB167EDF01_1595438876 Label:NewInstance SpatiallyLoaded:1 Bounds:IsValid=true, Min=(X=-170.000 Y=1030.000 Z=0.000), Max=(X=-170.000 Y=1030.000 Z=0.000) RuntimeGrid:None EditorOnly:0 RuntimeOnly:0 HLODRelevant:0
 |   |- [+] Clusters:
 |   |   |- [+] [  0]
 |   |   |   |- Guid:DFA4262E4ED74A782F64A485A828DC2C BaseClass: NativeClass:/Script/Engine.WorldDataLayers Name:WorldDataLayers Label:None SpatiallyLoaded:0 Bounds:IsValid=true, Min=(X=0.000 Y=0.000 Z=0.000), Max=(X=0.000 Y=0.000 Z=0.000) RuntimeGrid:None EditorOnly:0 RuntimeOnly:0 HLODRelevant:0
 |   |   |- [+] [  1]
 |   |   |   |- Guid:49D1983244466018A69549A1C7AF2C85 BaseClass:/Game/ThirdPerson/Blueprints/BP_NewTree.BP_NewTree_C NativeClass:/Script/Engine.Actor Name:BP_NewTree_C_UAID_30D042E8BB1682DF01_2061242581 Label:BP_NewTree15 SpatiallyLoaded:1 Bounds:IsValid=true, Min=(X=182.500 Y=3162.500 Z=-15.000), Max=(X=357.500 Y=3337.500 Z=271.250) RuntimeGrid:None EditorOnly:0 RuntimeOnly:0 HLODRelevant:0
 |   |   |- [+] [  2]
 |   |   |   |- Guid:1CE9C2034AB1F5CC1D81FCAA0ED583A5 BaseClass: NativeClass:/Script/Engine.StaticMeshActor Name:StaticMeshActor_UAID_30D042E8BB1684DF01_1104501960 Label:Building_Stuff_Building_Side2 SpatiallyLoaded:1 Bounds:IsValid=true, Min=(X=1240.000 Y=560.000 Z=700.000), Max=(X=1540.000 Y=860.000 Z=1000.000) RuntimeGrid:None EditorOnly:0 RuntimeOnly:0 HLODRelevant:1
 |   |   |- [+] [  3]
 |   |   |   |- Guid:487D55014A027571750BFD9F8F3EA8C2 BaseClass: NativeClass:/Script/Engine.StaticMeshActor Name:StaticMeshActor_UAID_30D042E8BB1684DF01_1171514975 Label:Building_Stuff_Building_Side7 SpatiallyLoaded:1 Bounds:IsValid=true, Min=(X=640.000 Y=1460.000 Z=700.000), Max=(X=940.000 Y=1760.000 Z=1000.000) RuntimeGrid:None EditorOnly:0 RuntimeOnly:0 HLODRelevant:1
 |   |   |- [+] [  4]
 |   |   |   |- Guid:8D36D4A342E847F0963DC7A18F8F7F90 BaseClass: NativeClass:/Script/Engine.StaticMeshActor Name:StaticMeshActor_UAID_30D042E8BB1684DF01_1297517981 Label:Building_Stuff_Bay_Window2 SpatiallyLoaded:1 Bounds:IsValid=true, Min=(X=977.227 Y=1710.000 Z=1330.000), Max=(X=1202.773 Y=1823.603 Z=1585.558) RuntimeGrid:None EditorOnly:0 RuntimeOnly:0 HLODRelevant:1
 |   |   |- [+] [  5]
 |   |   |   |- Guid:DE33328C4E85C7A4ED96D281DC8A51BF BaseClass:/Game/ThirdPerson/Blueprints/BP_NewTree.BP_NewTree_C NativeClass:/Script/Engine.Actor Name:BP_NewTree_C_UAID_30D042E8BB1682DF01_2041274575 Label:BP_NewTree9 SpatiallyLoaded:1 Bounds:IsValid=true, Min=(X=2122.500 Y=112.500 Z=-15.000), Max=(X=2297.500 Y=287.500 Z=271.250) RuntimeGrid:None EditorOnly:0 RuntimeOnly:0 HLODRelevant:0
 |   |   |- [+] [  6]
 |   |   |   |- Guid:D0DAF04A4000410CAD1599AEB496816F BaseClass:/Game/ThirdPerson/Blueprints/BP_NewTree.BP_NewTree_C NativeClass:/Script/Engine.Actor Name:BP_NewTree_C_UAID_30D042E8BB1682DF01_2061247584 Label:BP_NewTree18 SpatiallyLoaded:1 Bounds:IsValid=true, Min=(X=3212.500 Y=3142.500 Z=-15.000), Max=(X=3387.500 Y=3317.500 Z=271.250) RuntimeGrid:None EditorOnly:0 RuntimeOnly:0 HLODRelevant:0
 |   |   |- [+] [  7]
 |   |   |   |- Guid:C2EE243E4DBA80967891B38DA61A90CB BaseClass: NativeClass:/Script/Engine.StaticMeshActor Name:StaticMeshActor_UAID_30D042E8BB1684DF01_1158969970 Label:Building_Stuff_Building_Top2 SpatiallyLoaded:1 Bounds:IsValid=true, Min=(X=640.000 Y=849.401 Z=1300.002), Max=(X=1540.000 Y=1160.000 Z=1608.912) RuntimeGrid:None EditorOnly:0 RuntimeOnly:0 HLODRelevant:1
 |   |   |- [+] [  8]
 |   |   |   |- Guid:910EB0C047CCA4AE76A434819D394CB3 BaseClass: NativeClass:/Script/Engine.StaticMeshActor Name:StaticMeshActor_UAID_30D042E8BB1684DF01_1167382972 Label:Building_Stuff_Building_Side6 SpatiallyLoaded:1 Bounds:IsValid=true, Min=(X=1240.000 Y=1160.000 Z=700.000), Max=(X=1540.000 Y=1460.000 Z=1000.000) RuntimeGrid:None EditorOnly:0 RuntimeOnly:0 HLODRelevant:1
 |   |   |- [+] [  9]
 |   |   |   |- Guid:FBB17814446CF3FB73DDCA9CF0CF71DD BaseClass:/Game/ThirdPerson/Blueprints/NewInstance.NewInstance_C NativeClass:/Script/Engine.Actor Name:NewInstance_C_UAID_30D042E8BB167EDF01_1595438876 Label:NewInstance SpatiallyLoaded:1 Bounds:IsValid=true, Min=(X=-170.000 Y=1030.000 Z=0.000), Max=(X=-170.000 Y=1030.000 Z=0.000) RuntimeGrid:None EditorOnly:0 RuntimeOnly:0 HLODRelevant:0
 |   |   |- [+] [ 10]
 |   |   |   |- Guid:022D80194AFA04C124681EA6BC94D1B0 BaseClass: NativeClass:/Script/Engine.StaticMeshActor Name:StaticMeshActor_UAID_30D042E8BB1684DF01_1171516976 Label:Building_Stuff_Building_Side8 SpatiallyLoaded:1 Bounds:IsValid=true, Min=(X=1240.000 Y=1460.000 Z=700.000), Max=(X=1540.000 Y=1760.000 Z=1000.000) RuntimeGrid:None EditorOnly:0 RuntimeOnly:0 HLODRelevant:1
 |   |   |- [+] [ 11]
 |   |   |   |- Guid:12E9E4944AAA850EA8F344ABC9ABA795 BaseClass:/Game/ThirdPerson/Blueprints/BP_NewTree.BP_NewTree_C NativeClass:/Script/Engine.Actor Name:BP_NewTree_C_UAID_30D042E8BB1682DF01_2041276576 Label:BP_NewTree10 SpatiallyLoaded:1 Bounds:IsValid=true, Min=(X=2622.500 Y=192.500 Z=-15.000), Max=(X=2797.500 Y=367.500 Z=271.250) RuntimeGrid:None EditorOnly:0 RuntimeOnly:0 HLODRelevant:0
 |   |   |- [+] [ 12]
 |   |   |   |- Guid:94E519D647331DA346C1F58A68D5D906 BaseClass:/Game/ThirdPerson/Blueprints/BP_NewTree.BP_NewTree_C NativeClass:/Script/Engine.Actor Name:BP_NewTree_C_UAID_30D042E8BB1682DF01_2061251587 Label:BP_NewTree21 SpatiallyLoaded:1 Bounds:IsValid=true, Min=(X=612.500 Y=3122.500 Z=-15.000), Max=(X=787.500 Y=3297.500 Z=271.250) RuntimeGrid:None EditorOnly:0 RuntimeOnly:0 HLODRelevant:0
 |   |   |- [+] [ 13]
 |   |   |   |- Guid:05402FFE4EAC45EF7F1C2BB0A16997ED BaseClass:/Game/ThirdPerson/Blueprints/BP_NewTree.BP_NewTree_C NativeClass:/Script/Engine.Actor Name:BP_NewTree_C_UAID_30D042E8BB167EDF01_1595439877 Label:BP_NewTree SpatiallyLoaded:1 Bounds:IsValid=true, Min=(X=1692.500 Y=1692.500 Z=-15.000), Max=(X=1867.500 Y=1867.500 Z=271.250) RuntimeGrid:None EditorOnly:0 RuntimeOnly:0 HLODRelevant:0
 |   |   |- [+] [ 14]
 |   |   |   |- Guid:A2C5F9704463A90900BA17B325BCEBCC BaseClass:/Game/ThirdPerson/Blueprints/BP_NewTree.BP_NewTree_C NativeClass:/Script/Engine.Actor Name:BP_NewTree_C_UAID_30D042E8BB1682DF01_2041278577 Label:BP_NewTree11 SpatiallyLoaded:1 Bounds:IsValid=true, Min=(X=3202.500 Y=132.500 Z=-15.000), Max=(X=3377.500 Y=307.500 Z=271.250) RuntimeGrid:None EditorOnly:0 RuntimeOnly:0 HLODRelevant:0
 |   |   |- [+] [ 15]
 |   |   |   |- Guid:CA01B356457671E1DCDA1FA775DB5C8D BaseClass:/Game/ThirdPerson/Blueprints/BP_NewTree.BP_NewTree_C NativeClass:/Script/Engine.Actor Name:BP_NewTree_C_UAID_30D042E8BB1682DF01_2061246583 Label:BP_NewTree17 SpatiallyLoaded:1 Bounds:IsValid=true, Min=(X=2632.500 Y=3202.500 Z=-15.000), Max=(X=2807.500 Y=3377.500 Z=271.250) RuntimeGrid:None EditorOnly:0 RuntimeOnly:0 HLODRelevant:0
 |   |   |- [+] [ 16]
 |   |   |   |- Guid:8EF76E6B4845EF80EE3B408CEA21E68A BaseClass: NativeClass:/Script/Engine.StaticMeshActor Name:StaticMeshActor_UAID_30D042E8BB1684DF01_1167380971 Label:Building_Stuff_Building_Side5 SpatiallyLoaded:1 Bounds:IsValid=true, Min=(X=640.000 Y=1160.000 Z=700.000), Max=(X=940.000 Y=1460.000 Z=1000.000) RuntimeGrid:None EditorOnly:0 RuntimeOnly:0 HLODRelevant:1
 |   |   |- [+] [ 17]
 |   |   |   |- Guid:EF2BBDAE4530C71C7B3A9797C82ACB1D BaseClass: NativeClass:/Script/Engine.StaticMeshActor Name:StaticMeshActor_UAID_30D042E8BB1684DF01_1158968969 Label:Building_Stuff_Building_Middle2 SpatiallyLoaded:1 Bounds:IsValid=true, Min=(X=640.000 Y=860.000 Z=1000.125), Max=(X=1540.000 Y=1160.000 Z=1300.125) RuntimeGrid:None EditorOnly:0 RuntimeOnly:0 HLODRelevant:1
 |   |   |- [+] [ 18]
 |   |   |   |- Guid:2C9BF98240DEB18383F925A884D80010 BaseClass:/Game/ThirdPerson/Blueprints/BP_NewTree.BP_NewTree_C NativeClass:/Script/Engine.Actor Name:BP_NewTree_C_UAID_30D042E8BB167EDF01_1595441878 Label:BP_NewTree2 SpatiallyLoaded:1 Bounds:IsValid=true, Min=(X=1192.500 Y=1612.500 Z=-15.000), Max=(X=1367.500 Y=1787.500 Z=271.250) RuntimeGrid:None EditorOnly:0 RuntimeOnly:0 HLODRelevant:0
 |   |   |- [+] [ 19]
 |   |   |   |- Guid:59CDEC6B4E2BB3CCAF46BF82CBC6289C BaseClass:/Game/ThirdPerson/Blueprints/BP_NewTree.BP_NewTree_C NativeClass:/Script/Engine.Actor Name:BP_NewTree_C_UAID_30D042E8BB1682DF01_2041280578 Label:BP_NewTree12 SpatiallyLoaded:1 Bounds:IsValid=true, Min=(X=1572.500 Y=172.500 Z=-15.000), Max=(X=1747.500 Y=347.500 Z=271.250) RuntimeGrid:None EditorOnly:0 RuntimeOnly:0 HLODRelevant:0
 |   |   |- [+] [ 20]
 |   |   |   |- Guid:C5B05BBF47D4C7F48D31D896D1B21170 BaseClass: NativeClass:/Script/Engine.StaticMeshActor Name:StaticMeshActor_UAID_30D042E8BB1684DF01_1088242959 Label:Building_Stuff_Building_Side SpatiallyLoaded:1 Bounds:IsValid=true, Min=(X=640.000 Y=560.000 Z=700.000), Max=(X=940.000 Y=860.000 Z=1000.000) RuntimeGrid:None EditorOnly:0 RuntimeOnly:0 HLODRelevant:1
 |   |   |- [+] [ 21]
 |   |   |   |- Guid:2C40ECC94BB758037EB801BD118465C3 BaseClass:/Game/ThirdPerson/Blueprints/BP_NewTree.BP_NewTree_C NativeClass:/Script/Engine.Actor Name:BP_NewTree_C_UAID_30D042E8BB1682DF01_2061249585 Label:BP_NewTree19 SpatiallyLoaded:1 Bounds:IsValid=true, Min=(X=1602.500 Y=3112.500 Z=-15.000), Max=(X=1777.500 Y=3287.500 Z=271.250) RuntimeGrid:None EditorOnly:0 RuntimeOnly:0 HLODRelevant:0
 |   |   |- [+] [ 22]
 |   |   |   |- Guid:BEB4DAD04815A738ED1D338FE5732A69 BaseClass: NativeClass:/Script/Engine.StaticMeshActor Name:StaticMeshActor_UAID_30D042E8BB1684DF01_1158967968 Label:Building_Stuff_Building_Side4 SpatiallyLoaded:1 Bounds:IsValid=true, Min=(X=1240.000 Y=860.000 Z=700.000), Max=(X=1540.000 Y=1160.000 Z=1000.000) RuntimeGrid:None EditorOnly:0 RuntimeOnly:0 HLODRelevant:1
 |   |   |- [+] [ 23]
 |   |   |   |- Guid:5793C7A6407FDB4D19EC0493E7CD708A BaseClass:/Game/ThirdPerson/Blueprints/BP_NewTree.BP_NewTree_C NativeClass:/Script/Engine.Actor Name:BP_NewTree_C_UAID_30D042E8BB167EDF01_1595442879 Label:BP_NewTree3 SpatiallyLoaded:1 Bounds:IsValid=true, Min=(X=612.500 Y=1672.500 Z=-15.000), Max=(X=787.500 Y=1847.500 Z=271.250) RuntimeGrid:None EditorOnly:0 RuntimeOnly:0 HLODRelevant:0
 |   |   |- [+] [ 24]
 |   |   |   |- Guid:0A346DC843334E636E400CB619E75A7D BaseClass: NativeClass:/Script/Engine.StaticMeshActor Name:StaticMeshActor_UAID_30D042E8BB1684DF01_1167383973 Label:Building_Stuff_Building_Middle3 SpatiallyLoaded:1 Bounds:IsValid=true, Min=(X=640.000 Y=1160.000 Z=1000.125), Max=(X=1540.000 Y=1460.000 Z=1300.125) RuntimeGrid:None EditorOnly:0 RuntimeOnly:0 HLODRelevant:1
 |   |   |- [+] [ 25]
 |   |   |   |- Guid:41EA6A504EA9CDD3001BC0B2F7D12908 BaseClass: NativeClass:/Script/Engine.StaticMeshActor Name:StaticMeshActor_UAID_30D042E8BB1684DF01_1167384974 Label:Building_Stuff_Building_Top3 SpatiallyLoaded:1 Bounds:IsValid=true, Min=(X=640.000 Y=1149.401 Z=1300.002), Max=(X=1540.000 Y=1460.000 Z=1608.912) RuntimeGrid:None EditorOnly:0 RuntimeOnly:0 HLODRelevant:1
 |   |   |- [+] [ 26]
 |   |   |   |- Guid:D1556A434044BC7BDB0DA2A31D033176 BaseClass:/Game/ThirdPerson/Blueprints/BP_NewTree.BP_NewTree_C NativeClass:/Script/Engine.Actor Name:BP_NewTree_C_UAID_30D042E8BB1682DF01_2015331573 Label:BP_NewTree7 SpatiallyLoaded:1 Bounds:IsValid=true, Min=(X=102.500 Y=1632.500 Z=-15.000), Max=(X=277.500 Y=1807.500 Z=271.250) RuntimeGrid:None EditorOnly:0 RuntimeOnly:0 HLODRelevant:0
 |   |   |- [+] [ 27]
 |   |   |   |- Guid:AF2BCD1248E388D2FEC0AB950C1207D5 BaseClass: NativeClass:/Script/Engine.StaticMeshActor Name:StaticMeshActor_UAID_30D042E8BB1684DF01_1171518978 Label:Building_Stuff_Building_Top4 SpatiallyLoaded:1 Bounds:IsValid=true, Min=(X=640.000 Y=1460.000 Z=1300.002), Max=(X=1540.000 Y=1770.599 Z=1608.912) RuntimeGrid:None EditorOnly:0 RuntimeOnly:0 HLODRelevant:1
 |   |   |- [+] [ 28]
 |   |   |   |- Guid:A1466BFF4149C4A6569092AD091F77A8 BaseClass:/Game/ThirdPerson/Blueprints/BP_NewTree.BP_NewTree_C NativeClass:/Script/Engine.Actor Name:BP_NewTree_C_UAID_30D042E8BB1682DF01_1992408570 Label:BP_NewTree4 SpatiallyLoaded:1 Bounds:IsValid=true, Min=(X=2242.500 Y=1632.500 Z=-15.000), Max=(X=2417.500 Y=1807.500 Z=271.250) RuntimeGrid:None EditorOnly:0 RuntimeOnly:0 HLODRelevant:0
 |   |   |- [+] [ 29]
 |   |   |   |- Guid:412C59C748D299CD9CAEF49AEDC2F1CE BaseClass:/Game/ThirdPerson/Blueprints/BP_NewTree.BP_NewTree_C NativeClass:/Script/Engine.Actor Name:BP_NewTree_C_UAID_30D042E8BB1682DF01_2041283580 Label:BP_NewTree14 SpatiallyLoaded:1 Bounds:IsValid=true, Min=(X=542.500 Y=142.500 Z=-15.000), Max=(X=717.500 Y=317.500 Z=271.250) RuntimeGrid:None EditorOnly:0 RuntimeOnly:0 HLODRelevant:0
 |   |   |- [+] [ 30]
 |   |   |   |- Guid:0C474E3D41B6DC3F1F8A8EA3D039EFEE BaseClass: NativeClass:/Script/Engine.StaticMeshActor Name:StaticMeshActor_UAID_30D042E8BB1684DF01_1083294958 Label:Building_Stuff_Building_Entrance SpatiallyLoaded:1 Bounds:IsValid=true, Min=(X=936.498 Y=409.339 Z=700.000), Max=(X=1243.294 Y=860.000 Z=1000.000) RuntimeGrid:None EditorOnly:0 RuntimeOnly:0 HLODRelevant:1
 |   |   |- [+] [ 31]
 |   |   |   |- Guid:BC161CA741A9B6340D75B2BCBA62CEDA BaseClass:/Game/ThirdPerson/Blueprints/BP_NewTree.BP_NewTree_C NativeClass:/Script/Engine.Actor Name:BP_NewTree_C_UAID_30D042E8BB1682DF01_2061250586 Label:BP_NewTree20 SpatiallyLoaded:1 Bounds:IsValid=true, Min=(X=1052.500 Y=3202.500 Z=-15.000), Max=(X=1227.500 Y=3377.500 Z=271.250) RuntimeGrid:None EditorOnly:0 RuntimeOnly:0 HLODRelevant:0
 |   |   |- [+] [ 32]
 |   |   |   |- Guid:22E120A14AF1AF8D791CBC846A8B10EE BaseClass: NativeClass:/Script/Engine.StaticMeshActor Name:StaticMeshActor_UAID_30D042E8BB1684DF01_1171517977 Label:Building_Stuff_Building_Middle4 SpatiallyLoaded:1 Bounds:IsValid=true, Min=(X=640.000 Y=1460.000 Z=1000.125), Max=(X=1540.000 Y=1760.000 Z=1300.125) RuntimeGrid:None EditorOnly:0 RuntimeOnly:0 HLODRelevant:1
 |   |   |- [+] [ 33]
 |   |   |   |- Guid:D7DBE3DE448A41C494C04FA7F48D2BA4 BaseClass: NativeClass:/Script/Engine.StaticMeshActor Name:StaticMeshActor_UAID_30D042E8BB1684DF01_1178822979 Label:Building_Stuff_Building_Entrance2 SpatiallyLoaded:1 Bounds:IsValid=true, Min=(X=936.706 Y=1460.000 Z=700.000), Max=(X=1243.502 Y=1910.661 Z=1000.000) RuntimeGrid:None EditorOnly:0 RuntimeOnly:0 HLODRelevant:1
 |   |   |- [+] [ 34]
 |   |   |   |- Guid:F7D9CF1542EFB0D6865C8E8DBEA14F26 BaseClass:/Game/ThirdPerson/Blueprints/BP_NewTree.BP_NewTree_C NativeClass:/Script/Engine.Actor Name:BP_NewTree_C_UAID_30D042E8BB1682DF01_1995269571 Label:BP_NewTree5 SpatiallyLoaded:1 Bounds:IsValid=true, Min=(X=2792.500 Y=1712.500 Z=-15.000), Max=(X=2967.500 Y=1887.500 Z=271.250) RuntimeGrid:None EditorOnly:0 RuntimeOnly:0 HLODRelevant:0
 |   |   |- [+] [ 35]
 |   |   |   |- Guid:522E45F04E0A4275958393B1710EC3E5 BaseClass: NativeClass:/Script/Engine.StaticMeshActor Name:StaticMeshActor_UAID_30D042E8BB1684DF01_1142612962 Label:Building_Stuff_Building_Top SpatiallyLoaded:1 Bounds:IsValid=true, Min=(X=640.000 Y=549.401 Z=1300.002), Max=(X=1540.000 Y=860.000 Z=1608.912) RuntimeGrid:None EditorOnly:0 RuntimeOnly:0 HLODRelevant:1
 |   |   |- [+] [ 36]
 |   |   |   |- Guid:74C2B9984126045880B688B1ACC6E304 BaseClass:/Game/ThirdPerson/Blueprints/BP_NewTree.BP_NewTree_C NativeClass:/Script/Engine.Actor Name:BP_NewTree_C_UAID_30D042E8BB1682DF01_1999062572 Label:BP_NewTree6 SpatiallyLoaded:1 Bounds:IsValid=true, Min=(X=3272.500 Y=1662.500 Z=-15.000), Max=(X=3447.500 Y=1837.500 Z=271.250) RuntimeGrid:None EditorOnly:0 RuntimeOnly:0 HLODRelevant:0
 |   |   |- [+] [ 37]
 |   |   |   |- Guid:9B1D438C44B09879D841499D1D0638B1 BaseClass:/Game/ThirdPerson/Blueprints/BP_NewTree.BP_NewTree_C NativeClass:/Script/Engine.Actor Name:BP_NewTree_C_UAID_30D042E8BB1682DF01_2021911574 Label:BP_NewTree8 SpatiallyLoaded:1 Bounds:IsValid=true, Min=(X=172.500 Y=152.500 Z=-15.000), Max=(X=347.500 Y=327.500 Z=271.250) RuntimeGrid:None EditorOnly:0 RuntimeOnly:0 HLODRelevant:0
 |   |   |- [+] [ 38]
 |   |   |   |- Guid:5F7291684125E168EAA4679007A2AC75 BaseClass:/Game/ThirdPerson/Blueprints/BP_NewTree.BP_NewTree_C NativeClass:/Script/Engine.Actor Name:BP_NewTree_C_UAID_30D042E8BB1682DF01_2041282579 Label:BP_NewTree13 SpatiallyLoaded:1 Bounds:IsValid=true, Min=(X=1022.500 Y=92.500 Z=-15.000), Max=(X=1197.500 Y=267.500 Z=271.250) RuntimeGrid:None EditorOnly:0 RuntimeOnly:0 HLODRelevant:0
 |   |   |- [+] [ 39]
 |   |   |   |- Guid:D1A306BC41040E93532C7A9CB135755B BaseClass: NativeClass:/Script/Engine.StaticMeshActor Name:StaticMeshActor_UAID_30D042E8BB1684DF01_1158965967 Label:Building_Stuff_Building_Side3 SpatiallyLoaded:1 Bounds:IsValid=true, Min=(X=640.000 Y=860.000 Z=700.000), Max=(X=940.000 Y=1160.000 Z=1000.000) RuntimeGrid:None EditorOnly:0 RuntimeOnly:0 HLODRelevant:1
 |   |   |- [+] [ 40]
 |   |   |   |- Guid:CD0C650849B368CDEFD5DDBB89679E6A BaseClass:/Game/ThirdPerson/Blueprints/BP_NewTree.BP_NewTree_C NativeClass:/Script/Engine.Actor Name:BP_NewTree_C_UAID_30D042E8BB1682DF01_2061245582 Label:BP_NewTree16 SpatiallyLoaded:1 Bounds:IsValid=true, Min=(X=2132.500 Y=3122.500 Z=-15.000), Max=(X=2307.500 Y=3297.500 Z=271.250) RuntimeGrid:None EditorOnly:0 RuntimeOnly:0 HLODRelevant:0
 |   |   |- [+] [ 41]
 |   |   |   |- Guid:76E5C88E4CA7071BEDF892874060FD58 BaseClass: NativeClass:/Script/Engine.StaticMeshActor Name:StaticMeshActor_UAID_30D042E8BB1684DF01_1117549961 Label:Building_Stuff_Building_Middle SpatiallyLoaded:1 Bounds:IsValid=true, Min=(X=640.000 Y=560.000 Z=1000.125), Max=(X=1540.000 Y=860.000 Z=1300.125) RuntimeGrid:None EditorOnly:0 RuntimeOnly:0 HLODRelevant:1
 |   |   |- [+] [ 42]
 |   |   |   |- Guid:8D9512E9432185AF779E0A8A29C86132 BaseClass: NativeClass:/Script/Engine.StaticMeshActor Name:StaticMeshActor_UAID_30D042E8BB1684DF01_1271019980 Label:Building_Stuff_Bay_Window SpatiallyLoaded:1 Bounds:IsValid=true, Min=(X=977.227 Y=1710.000 Z=1040.000), Max=(X=1202.773 Y=1823.603 Z=1295.558) RuntimeGrid:None EditorOnly:0 RuntimeOnly:0 HLODRelevant:1
 |- ContainerInstances:
 |- [+] MainContainer:
 |   |-        ID: 0x0000000000000000
 |   |-    Bounds: IsValid=false, Min=(X=0.000 Y=0.000 Z=0.000), Max=(X=0.000 Y=0.000 Z=0.000)
 |   |- Transform: 0.000000,0.000000,0.000000|0.000000,0.000000,-0.000000|1.000000,1.000000,1.000000
 |   |- Container: /Game/NewInstance
----------------------------------------------------------------------------------------------------------------
ThirdPersonMap - Persistent Level
----------------------------------------------------------------------------------------------------------------
Always loaded Actor Count: 30 

----------------------------------------------------------------------------------------------------------------
ThirdPersonMap - Runtime Spatial Hash - Streaming Grid - MainGrid
----------------------------------------------------------------------------------------------------------------
            Origin: X=0.000 Y=0.000 Z=0.000
         Cell Size: 12800
      World Bounds: IsValid=false, Min=(X=0.000 Y=0.000 Z=0.000), Max=(X=0.000 Y=0.000 Z=0.000)
     Loading Range: 25600.00
Block Slow Loading: No
 ClientOnlyVisible: No

[+] Grid Levels: 1
 |- Level  0: Cell Count    1 | Cell Size   12800 | Actor Count   43 (100.0%)

[+] Content of Grid Level 0
 |- [+] Content of Cell MainGrid_L0_X0_Y0
 |   |- Actor Count: 43
 |   |- Actor Path: /Game/UEDPIE_0_NewInstance_LevelInstance_163.NewInstance:PersistentLevel.WorldDataLayers
 |   |- Actor Package: /Game/__ExternalActors__/NewInstance/0/XJ/A56MEZOUICSK9DW4G8NOZL
 |   |- Actor Path: /Game/UEDPIE_0_NewInstance_LevelInstance_163.NewInstance:PersistentLevel.BP_NewTree_C_UAID_30D042E8BB1682DF01_2061242581
 |   |- Actor Package: /Game/__ExternalActors__/NewInstance/0/E7/UMXZDO5KZEK8Y7ITQTKSYL
 |   |- Actor Path: /Game/UEDPIE_0_NewInstance_LevelInstance_163.NewInstance:PersistentLevel.StaticMeshActor_UAID_30D042E8BB1684DF01_1104501960
 |   |- Actor Package: /Game/__ExternalActors__/NewInstance/0/SP/NDAKSC4LI9ZPOY32JOKZ0M
 |   |- Actor Path: /Game/UEDPIE_0_NewInstance_LevelInstance_163.NewInstance:PersistentLevel.StaticMeshActor_UAID_30D042E8BB1684DF01_1171514975
 |   |- Actor Package: /Game/__ExternalActors__/NewInstance/0/WG/NII2TVZ995D4GNTNNF5V9S
 |   |- Actor Path: /Game/UEDPIE_0_NewInstance_LevelInstance_163.NewInstance:PersistentLevel.StaticMeshActor_UAID_30D042E8BB1684DF01_1297517981
 |   |- Actor Package: /Game/__ExternalActors__/NewInstance/0/N4/49Y2R18OKFUE6X3SFVIGJY
 |   |- Actor Path: /Game/UEDPIE_0_NewInstance_LevelInstance_163.NewInstance:PersistentLevel.BP_NewTree_C_UAID_30D042E8BB1682DF01_2041274575
 |   |- Actor Package: /Game/__ExternalActors__/NewInstance/2/WR/M5R11TJYD88W9BMZEWLZL4
 |   |- Actor Path: /Game/UEDPIE_0_NewInstance_LevelInstance_163.NewInstance:PersistentLevel.BP_NewTree_C_UAID_30D042E8BB1682DF01_2061247584
 |   |- Actor Package: /Game/__ExternalActors__/NewInstance/2/XZ/QGTWU8ZWZ6N0PO64TT7OY2
 |   |- Actor Path: /Game/UEDPIE_0_NewInstance_LevelInstance_163.NewInstance:PersistentLevel.StaticMeshActor_UAID_30D042E8BB1684DF01_1158969970
 |   |- Actor Package: /Game/__ExternalActors__/NewInstance/2/0T/IZ9NSHJ731NAQ1VH9YGE1Z
 |   |- Actor Path: /Game/UEDPIE_0_NewInstance_LevelInstance_163.NewInstance:PersistentLevel.StaticMeshActor_UAID_30D042E8BB1684DF01_1167382972
 |   |- Actor Package: /Game/__ExternalActors__/NewInstance/2/OK/ONOA16MGJRFENMDEPBGC1I
 |   |- Actor Path: /Game/UEDPIE_0_NewInstance_LevelInstance_163.NewInstance:PersistentLevel.NewInstance_C_UAID_30D042E8BB167EDF01_1595438876
 |   |- Actor Package: /Game/__ExternalActors__/NewInstance/3/VR/IDZKQ4HGJ8LMHKDX20RGW9
 |   |- Actor Path: /Game/UEDPIE_0_NewInstance_LevelInstance_163.NewInstance:PersistentLevel.StaticMeshActor_UAID_30D042E8BB1684DF01_1171516976
 |   |- Actor Package: /Game/__ExternalActors__/NewInstance/3/PC/YIX9WYI9UGCZWCLE29DNU5
 |   |- Actor Path: /Game/UEDPIE_0_NewInstance_LevelInstance_163.NewInstance:PersistentLevel.BP_NewTree_C_UAID_30D042E8BB1682DF01_2041276576
 |   |- Actor Package: /Game/__ExternalActors__/NewInstance/4/BH/UIAEKUGF7JNBM4LDB8SOH9
 |   |- Actor Path: /Game/UEDPIE_0_NewInstance_LevelInstance_163.NewInstance:PersistentLevel.BP_NewTree_C_UAID_30D042E8BB1682DF01_2061251587
 |   |- Actor Package: /Game/__ExternalActors__/NewInstance/4/D0/ENIGGEK38NRX3NXKI2AAMI
 |   |- Actor Path: /Game/UEDPIE_0_NewInstance_LevelInstance_163.NewInstance:PersistentLevel.BP_NewTree_C_UAID_30D042E8BB167EDF01_1595439877
 |   |- Actor Package: /Game/__ExternalActors__/NewInstance/5/BP/FPGC9MXXB78823T11O304L
 |   |- Actor Path: /Game/UEDPIE_0_NewInstance_LevelInstance_163.NewInstance:PersistentLevel.BP_NewTree_C_UAID_30D042E8BB1682DF01_2041278577
 |   |- Actor Package: /Game/__ExternalActors__/NewInstance/5/LE/CR214JE7T4YG1S4VEU5Y08
 |   |- Actor Path: /Game/UEDPIE_0_NewInstance_LevelInstance_163.NewInstance:PersistentLevel.BP_NewTree_C_UAID_30D042E8BB1682DF01_2061246583
 |   |- Actor Package: /Game/__ExternalActors__/NewInstance/5/WA/ORNL7IL8GPNDJJHPJJY9RU
 |   |- Actor Path: /Game/UEDPIE_0_NewInstance_LevelInstance_163.NewInstance:PersistentLevel.StaticMeshActor_UAID_30D042E8BB1684DF01_1167380971
 |   |- Actor Package: /Game/__ExternalActors__/NewInstance/5/B4/HO48QYJ2OYPNLUWRKQ64G2
 |   |- Actor Path: /Game/UEDPIE_0_NewInstance_LevelInstance_163.NewInstance:PersistentLevel.StaticMeshActor_UAID_30D042E8BB1684DF01_1158968969
 |   |- Actor Package: /Game/__ExternalActors__/NewInstance/6/J6/YBNPE5SOUIQACS3LSVRRWR
 |   |- Actor Path: /Game/UEDPIE_0_NewInstance_LevelInstance_163.NewInstance:PersistentLevel.BP_NewTree_C_UAID_30D042E8BB167EDF01_1595441878
 |   |- Actor Package: /Game/__ExternalActors__/NewInstance/7/OY/5HZ7ACK2CRVWQR736V2W0N
 |   |- Actor Path: /Game/UEDPIE_0_NewInstance_LevelInstance_163.NewInstance:PersistentLevel.BP_NewTree_C_UAID_30D042E8BB1682DF01_2041280578
 |   |- Actor Package: /Game/__ExternalActors__/NewInstance/7/BU/OTWD30QRQSCCUOCQM9PC9K
 |   |- Actor Path: /Game/UEDPIE_0_NewInstance_LevelInstance_163.NewInstance:PersistentLevel.StaticMeshActor_UAID_30D042E8BB1684DF01_1088242959
 |   |- Actor Package: /Game/__ExternalActors__/NewInstance/7/LR/MMOQI4VIQRUASAFLIIUKP7
 |   |- Actor Path: /Game/UEDPIE_0_NewInstance_LevelInstance_163.NewInstance:PersistentLevel.BP_NewTree_C_UAID_30D042E8BB1682DF01_2061249585
 |   |- Actor Package: /Game/__ExternalActors__/NewInstance/8/EZ/D8476B1IFVNVSOTUG8IZTE
 |   |- Actor Path: /Game/UEDPIE_0_NewInstance_LevelInstance_163.NewInstance:PersistentLevel.StaticMeshActor_UAID_30D042E8BB1684DF01_1158967968
 |   |- Actor Package: /Game/__ExternalActors__/NewInstance/8/Z3/GYW3V860L3JO3XPHWFTK3U
 |   |- Actor Path: /Game/UEDPIE_0_NewInstance_LevelInstance_163.NewInstance:PersistentLevel.BP_NewTree_C_UAID_30D042E8BB167EDF01_1595442879
 |   |- Actor Package: /Game/__ExternalActors__/NewInstance/9/DX/9B3O2MD60OC8R1XD0GK1EP
 |   |- Actor Path: /Game/UEDPIE_0_NewInstance_LevelInstance_163.NewInstance:PersistentLevel.StaticMeshActor_UAID_30D042E8BB1684DF01_1167383973
 |   |- Actor Package: /Game/__ExternalActors__/NewInstance/9/25/S110XHOR95B4G7KP87RJ2S
 |   |- Actor Path: /Game/UEDPIE_0_NewInstance_LevelInstance_163.NewInstance:PersistentLevel.StaticMeshActor_UAID_30D042E8BB1684DF01_1167384974
 |   |- Actor Package: /Game/__ExternalActors__/NewInstance/9/KH/Y34A58F4DR57D1W5MUOLMK
 |   |- Actor Path: /Game/UEDPIE_0_NewInstance_LevelInstance_163.NewInstance:PersistentLevel.BP_NewTree_C_UAID_30D042E8BB1682DF01_2015331573
 |   |- Actor Package: /Game/__ExternalActors__/NewInstance/A/38/PQOKV3S7N15ZFZH4O46LGU
 |   |- Actor Path: /Game/UEDPIE_0_NewInstance_LevelInstance_163.NewInstance:PersistentLevel.StaticMeshActor_UAID_30D042E8BB1684DF01_1171518978
 |   |- Actor Package: /Game/__ExternalActors__/NewInstance/A/LJ/E652MPI7ALNVYJR69N192R
 |   |- Actor Path: /Game/UEDPIE_0_NewInstance_LevelInstance_163.NewInstance:PersistentLevel.BP_NewTree_C_UAID_30D042E8BB1682DF01_1992408570
 |   |- Actor Package: /Game/__ExternalActors__/NewInstance/B/5M/S84YQB6FY3LWNVMXCPWUJ8
 |   |- Actor Path: /Game/UEDPIE_0_NewInstance_LevelInstance_163.NewInstance:PersistentLevel.BP_NewTree_C_UAID_30D042E8BB1682DF01_2041283580
 |   |- Actor Package: /Game/__ExternalActors__/NewInstance/B/MK/4BRA9AQDXRXM77P63CO6WN
 |   |- Actor Path: /Game/UEDPIE_0_NewInstance_LevelInstance_163.NewInstance:PersistentLevel.StaticMeshActor_UAID_30D042E8BB1684DF01_1083294958
 |   |- Actor Package: /Game/__ExternalActors__/NewInstance/B/WD/3WFUCEEUZFABK27PES2F80
 |   |- Actor Path: /Game/UEDPIE_0_NewInstance_LevelInstance_163.NewInstance:PersistentLevel.BP_NewTree_C_UAID_30D042E8BB1682DF01_2061250586
 |   |- Actor Package: /Game/__ExternalActors__/NewInstance/C/QO/EE3JVE2SMZQ2698XZ4I4QY
 |   |- Actor Path: /Game/UEDPIE_0_NewInstance_LevelInstance_163.NewInstance:PersistentLevel.StaticMeshActor_UAID_30D042E8BB1684DF01_1171517977
 |   |- Actor Package: /Game/__ExternalActors__/NewInstance/C/2V/VKUS9FXRD5F2DZCZR0G729
 |   |- Actor Path: /Game/UEDPIE_0_NewInstance_LevelInstance_163.NewInstance:PersistentLevel.StaticMeshActor_UAID_30D042E8BB1684DF01_1178822979
 |   |- Actor Package: /Game/__ExternalActors__/NewInstance/C/GE/2NIUGXD8SRKJTFSG5XANLH
 |   |- Actor Path: /Game/UEDPIE_0_NewInstance_LevelInstance_163.NewInstance:PersistentLevel.BP_NewTree_C_UAID_30D042E8BB1682DF01_1995269571
 |   |- Actor Package: /Game/__ExternalActors__/NewInstance/E/E2/LJPMXPBPQWEO2BJ0AVAEB6
 |   |- Actor Path: /Game/UEDPIE_0_NewInstance_LevelInstance_163.NewInstance:PersistentLevel.StaticMeshActor_UAID_30D042E8BB1684DF01_1142612962
 |   |- Actor Package: /Game/__ExternalActors__/NewInstance/E/I5/28WVR1V1NOFMOLV4SHATN3
 |   |- Actor Path: /Game/UEDPIE_0_NewInstance_LevelInstance_163.NewInstance:PersistentLevel.BP_NewTree_C_UAID_30D042E8BB1682DF01_1999062572
 |   |- Actor Package: /Game/__ExternalActors__/NewInstance/1/KC/R1YHWFNXTEO6JFZRPOMY23
 |   |- Actor Path: /Game/UEDPIE_0_NewInstance_LevelInstance_163.NewInstance:PersistentLevel.BP_NewTree_C_UAID_30D042E8BB1682DF01_2021911574
 |   |- Actor Package: /Game/__ExternalActors__/NewInstance/1/EN/NQAI4RCHJKVBKO2Z019P8R
 |   |- Actor Path: /Game/UEDPIE_0_NewInstance_LevelInstance_163.NewInstance:PersistentLevel.BP_NewTree_C_UAID_30D042E8BB1682DF01_2041282579
 |   |- Actor Package: /Game/__ExternalActors__/NewInstance/1/R9/NBY4Z7UEE40ODN587A2U06
 |   |- Actor Path: /Game/UEDPIE_0_NewInstance_LevelInstance_163.NewInstance:PersistentLevel.StaticMeshActor_UAID_30D042E8BB1684DF01_1158965967
 |   |- Actor Package: /Game/__ExternalActors__/NewInstance/1/MZ/0AJ4OGPEQEMSZWNA78HSMX
 |   |- Actor Path: /Game/UEDPIE_0_NewInstance_LevelInstance_163.NewInstance:PersistentLevel.BP_NewTree_C_UAID_30D042E8BB1682DF01_2061245582
 |   |- Actor Package: /Game/__ExternalActors__/NewInstance/D/NM/PGBTMBEDDPGG90FXV5XS4I
 |   |- Actor Path: /Game/UEDPIE_0_NewInstance_LevelInstance_163.NewInstance:PersistentLevel.StaticMeshActor_UAID_30D042E8BB1684DF01_1117549961
 |   |- Actor Package: /Game/__ExternalActors__/NewInstance/D/BP/7STANSKS69NZVLOP86UQQC
 |   |- Actor Path: /Game/UEDPIE_0_NewInstance_LevelInstance_163.NewInstance:PersistentLevel.StaticMeshActor_UAID_30D042E8BB1684DF01_1271019980
 |   |- Actor Package: /Game/__ExternalActors__/NewInstance/D/E1/2DGDG3UD8HMGOMQ0BRHCSO

